[ 2019-04-06T13:23:57+08:00 ] 127.0.0.1 /
INFO: [ app_init ] --START--
INFO: Run Behavior\BuildLiteBehavior [ RunTime:0.000031s ]
INFO: [ app_init ] --END-- [ RunTime:0.003113s ]
INFO: [ app_begin ] --START--
INFO: Run Behavior\ReadHtmlCacheBehavior [ RunTime:0.002589s ]
INFO: [ app_begin ] --END-- [ RunTime:0.002699s ]
SQL: SHOW COLUMNS FROM `lanmu` [ RunTime:0.0262s ]
SQL: SELECT * FROM `lanmu`  [ RunTime:0.0007s ]
SQL: SHOW COLUMNS FROM `article` [ RunTime:0.0241s ]
SQL: SELECT *,article.id FROM `article` INNER JOIN ci on article.ciid = ci.id  ORDER BY article.id LIMIT 24   [ RunTime:0.0049s ]
SQL: SELECT *,article.id FROM `article` INNER JOIN ci on article.ciid = ci.id  WHERE ( topid = 1 ) ORDER BY article.id LIMIT 7   [ RunTime:0.0019s ]
SQL: SELECT *,article.id FROM `article` INNER JOIN ci on article.ciid = ci.id  WHERE ( topid = 2 ) ORDER BY article.id LIMIT 7   [ RunTime:0.0022s ]
SQL: SELECT *,article.id FROM `article` INNER JOIN ci on article.ciid = ci.id  WHERE ( topid = 3 ) ORDER BY article.id LIMIT 7   [ RunTime:0.0010s ]
SQL: SELECT *,article.id FROM `article` INNER JOIN ci on article.ciid = ci.id  WHERE ( topid = 4 ) ORDER BY article.id LIMIT 7   [ RunTime:0.0010s ]
SQL: SELECT *,article.id FROM `article` INNER JOIN ci on article.ciid = ci.id  WHERE ( topid = 5 ) ORDER BY article.id LIMIT 7   [ RunTime:0.0016s ]
SQL: SELECT *,article.id FROM `article` INNER JOIN ci on article.ciid = ci.id  WHERE ( topid = 6 ) ORDER BY article.id LIMIT 7   [ RunTime:0.0015s ]
SQL: SELECT *,article.id FROM `article` INNER JOIN ci on article.ciid = ci.id  WHERE ( topid = 7 ) ORDER BY article.id LIMIT 7   [ RunTime:0.0012s ]
SQL: SELECT *,article.id FROM `article` INNER JOIN ci on article.ciid = ci.id  WHERE ( topid = 8 ) ORDER BY article.id LIMIT 7   [ RunTime:0.0013s ]
SQL: SELECT *,article.id FROM `article` INNER JOIN ci on article.ciid = ci.id  WHERE ( topid = 9 ) ORDER BY article.id LIMIT 7   [ RunTime:0.0012s ]
INFO: [ view_parse ] --START--
INFO: [ template_filter ] --START--
INFO: Run Behavior\ContentReplaceBehavior [ RunTime:0.000790s ]
INFO: [ template_filter ] --END-- [ RunTime:0.000893s ]
NOTIC: [8] Undefined offset: 24 D:\phpStudy\PHPTutorial\WWW\Application\Runtime\Cache\Home\2a94b8bda04ff446dcedd42276fc99ee.php 第 108 行.
INFO: Run Behavior\ParseTemplateBehavior [ RunTime:0.046402s ]
INFO: [ view_parse ] --END-- [ RunTime:0.046543s ]
INFO: [ view_filter ] --START--
INFO: Run Behavior\WriteHtmlCacheBehavior [ RunTime:0.002515s ]
INFO: [ view_filter ] --END-- [ RunTime:0.002591s ]
INFO: [ app_end ] --START--
INFO: Run Behavior\ShowPageTraceBehavior [ RunTime:0.003696s ]
INFO: [ app_end ] --END-- [ RunTime:0.003817s ]

[ 2019-04-06T13:23:58+08:00 ] 127.0.0.1 /upload/img/ARQtHMoC1OKP.jpg
INFO: [ app_init ] --START--
INFO: Run Behavior\BuildLiteBehavior [ RunTime:0.000036s ]
INFO: [ app_init ] --END-- [ RunTime:0.002202s ]
INFO: [ app_begin ] --START--
INFO: Run Behavior\ReadHtmlCacheBehavior [ RunTime:0.003767s ]
INFO: [ app_begin ] --END-- [ RunTime:0.003951s ]
INFO: [ app_end ] --START--
INFO: Run Behavior\ShowPageTraceBehavior [ RunTime:0.002750s ]
INFO: [ app_end ] --END-- [ RunTime:0.002881s ]

[ 2019-04-06T13:23:58+08:00 ] 127.0.0.1 /upload/img/xP0ltkx2.jpg
INFO: [ app_init ] --START--
INFO: Run Behavior\BuildLiteBehavior [ RunTime:0.000037s ]
INFO: [ app_init ] --END-- [ RunTime:0.001543s ]
INFO: [ app_begin ] --START--
INFO: Run Behavior\ReadHtmlCacheBehavior [ RunTime:0.003054s ]
INFO: [ app_begin ] --END-- [ RunTime:0.003174s ]
INFO: [ app_end ] --START--
INFO: Run Behavior\ShowPageTraceBehavior [ RunTime:0.001970s ]
INFO: [ app_end ] --END-- [ RunTime:0.002095s ]

[ 2019-04-06T13:23:58+08:00 ] 127.0.0.1 /upload/img/5Ll7IFsYkc.jpg
INFO: [ app_init ] --START--
INFO: Run Behavior\BuildLiteBehavior [ RunTime:0.000052s ]
INFO: [ app_init ] --END-- [ RunTime:0.002369s ]
INFO: [ app_begin ] --START--
INFO: Run Behavior\ReadHtmlCacheBehavior [ RunTime:0.003178s ]
INFO: [ app_begin ] --END-- [ RunTime:0.003302s ]
INFO: [ app_end ] --START--
INFO: Run Behavior\ShowPageTraceBehavior [ RunTime:0.003152s ]
INFO: [ app_end ] --END-- [ RunTime:0.003316s ]

[ 2019-04-06T13:23:58+08:00 ] 127.0.0.1 /upload/img/Zn1oAQCEVZR.jpg
INFO: [ app_init ] --START--
INFO: Run Behavior\BuildLiteBehavior [ RunTime:0.000032s ]
INFO: [ app_init ] --END-- [ RunTime:0.002196s ]
INFO: [ app_begin ] --START--
INFO: Run Behavior\ReadHtmlCacheBehavior [ RunTime:0.004360s ]
INFO: [ app_begin ] --END-- [ RunTime:0.004843s ]
INFO: [ app_end ] --START--
INFO: Run Behavior\ShowPageTraceBehavior [ RunTime:0.003254s ]
INFO: [ app_end ] --END-- [ RunTime:0.003414s ]

[ 2019-04-06T13:23:58+08:00 ] 127.0.0.1 /upload/img/tMTEfTys2KXN1h.jpg
INFO: [ app_init ] --START--
INFO: Run Behavior\BuildLiteBehavior [ RunTime:0.000033s ]
INFO: [ app_init ] --END-- [ RunTime:0.002173s ]
INFO: [ app_begin ] --START--
INFO: Run Behavior\ReadHtmlCacheBehavior [ RunTime:0.004262s ]
INFO: [ app_begin ] --END-- [ RunTime:0.004397s ]
INFO: [ app_end ] --START--
INFO: Run Behavior\ShowPageTraceBehavior [ RunTime:0.003447s ]
INFO: [ app_end ] --END-- [ RunTime:0.003616s ]

[ 2019-04-06T13:23:58+08:00 ] 127.0.0.1 /upload/img/3s61CKVrbNwoDWY.jpg
INFO: [ app_init ] --START--
INFO: Run Behavior\BuildLiteBehavior [ RunTime:0.000029s ]
INFO: [ app_init ] --END-- [ RunTime:0.001907s ]
INFO: [ app_begin ] --START--
INFO: Run Behavior\ReadHtmlCacheBehavior [ RunTime:0.003316s ]
INFO: [ app_begin ] --END-- [ RunTime:0.003451s ]
INFO: [ app_end ] --START--
INFO: Run Behavior\ShowPageTraceBehavior [ RunTime:0.002284s ]
INFO: [ app_end ] --END-- [ RunTime:0.002402s ]

[ 2019-04-06T13:23:58+08:00 ] 127.0.0.1 /upload/img/Er6r9Q0SqH3oyRYP.jpg
INFO: [ app_init ] --START--
INFO: Run Behavior\BuildLiteBehavior [ RunTime:0.000040s ]
INFO: [ app_init ] --END-- [ RunTime:0.002084s ]
INFO: [ app_begin ] --START--
INFO: Run Behavior\ReadHtmlCacheBehavior [ RunTime:0.003368s ]
INFO: [ app_begin ] --END-- [ RunTime:0.003758s ]
INFO: [ app_end ] --START--
INFO: Run Behavior\ShowPageTraceBehavior [ RunTime:0.003485s ]
INFO: [ app_end ] --END-- [ RunTime:0.003718s ]

[ 2019-04-06T13:23:58+08:00 ] 127.0.0.1 /upload/img/zXo7wq5zUVUOUaK.jpg
INFO: [ app_init ] --START--
INFO: Run Behavior\BuildLiteBehavior [ RunTime:0.000036s ]
INFO: [ app_init ] --END-- [ RunTime:0.001688s ]
INFO: [ app_begin ] --START--
INFO: Run Behavior\ReadHtmlCacheBehavior [ RunTime:0.002015s ]
INFO: [ app_begin ] --END-- [ RunTime:0.002164s ]
INFO: [ app_end ] --START--
INFO: Run Behavior\ShowPageTraceBehavior [ RunTime:0.003434s ]
INFO: [ app_end ] --END-- [ RunTime:0.003640s ]

[ 2019-04-06T13:23:58+08:00 ] 127.0.0.1 /upload/img/wTDkpV3ltGt.jpg
INFO: [ app_init ] --START--
INFO: Run Behavior\BuildLiteBehavior [ RunTime:0.000038s ]
INFO: [ app_init ] --END-- [ RunTime:0.001547s ]
INFO: [ app_begin ] --START--
INFO: Run Behavior\ReadHtmlCacheBehavior [ RunTime:0.002228s ]
INFO: [ app_begin ] --END-- [ RunTime:0.002364s ]
INFO: [ app_end ] --START--
INFO: Run Behavior\ShowPageTraceBehavior [ RunTime:0.002110s ]
INFO: [ app_end ] --END-- [ RunTime:0.002262s ]

[ 2019-04-06T13:23:58+08:00 ] 127.0.0.1 /upload/img/qAKM8Ta7W9D4Cm.jpg
INFO: [ app_init ] --START--
INFO: Run Behavior\BuildLiteBehavior [ RunTime:0.000028s ]
INFO: [ app_init ] --END-- [ RunTime:0.001440s ]
INFO: [ app_begin ] --START--
INFO: Run Behavior\ReadHtmlCacheBehavior [ RunTime:0.002399s ]
INFO: [ app_begin ] --END-- [ RunTime:0.002532s ]
INFO: [ app_end ] --START--
INFO: Run Behavior\ShowPageTraceBehavior [ RunTime:0.002008s ]
INFO: [ app_end ] --END-- [ RunTime:0.002125s ]

[ 2019-04-06T13:23:58+08:00 ] 127.0.0.1 /upload/img/tXTzwbPQGM.jpg
INFO: [ app_init ] --START--
INFO: Run Behavior\BuildLiteBehavior [ RunTime:0.000044s ]
INFO: [ app_init ] --END-- [ RunTime:0.002644s ]
INFO: [ app_begin ] --START--
INFO: Run Behavior\ReadHtmlCacheBehavior [ RunTime:0.002558s ]
INFO: [ app_begin ] --END-- [ RunTime:0.002681s ]
INFO: [ app_end ] --START--
INFO: Run Behavior\ShowPageTraceBehavior [ RunTime:0.002119s ]
INFO: [ app_end ] --END-- [ RunTime:0.002243s ]

[ 2019-04-06T21:27:49+08:00 ] 127.0.0.1 /
INFO: [ app_init ] --START--
INFO: Run Behavior\BuildLiteBehavior [ RunTime:0.000042s ]
INFO: [ app_init ] --END-- [ RunTime:0.004034s ]
INFO: [ app_begin ] --START--
INFO: Run Behavior\ReadHtmlCacheBehavior [ RunTime:0.004017s ]
INFO: [ app_begin ] --END-- [ RunTime:0.004148s ]
SQL: SHOW COLUMNS FROM `lanmu` [ RunTime:0.0309s ]
SQL: SELECT * FROM `lanmu`  [ RunTime:0.0009s ]
SQL: SHOW COLUMNS FROM `article` [ RunTime:0.0317s ]
SQL: SELECT *,article.id FROM `article` INNER JOIN ci on article.ciid = ci.id  ORDER BY article.id LIMIT 24   [ RunTime:0.0167s ]
SQL: SELECT *,article.id FROM `article` INNER JOIN ci on article.ciid = ci.id  WHERE ( topid = 1 ) ORDER BY article.id LIMIT 7   [ RunTime:0.0026s ]
SQL: SELECT *,article.id FROM `article` INNER JOIN ci on article.ciid = ci.id  WHERE ( topid = 2 ) ORDER BY article.id LIMIT 7   [ RunTime:0.0032s ]
SQL: SELECT *,article.id FROM `article` INNER JOIN ci on article.ciid = ci.id  WHERE ( topid = 3 ) ORDER BY article.id LIMIT 7   [ RunTime:0.0011s ]
SQL: SELECT *,article.id FROM `article` INNER JOIN ci on article.ciid = ci.id  WHERE ( topid = 4 ) ORDER BY article.id LIMIT 7   [ RunTime:0.0010s ]
SQL: SELECT *,article.id FROM `article` INNER JOIN ci on article.ciid = ci.id  WHERE ( topid = 5 ) ORDER BY article.id LIMIT 7   [ RunTime:0.0014s ]
SQL: SELECT *,article.id FROM `article` INNER JOIN ci on article.ciid = ci.id  WHERE ( topid = 6 ) ORDER BY article.id LIMIT 7   [ RunTime:0.0014s ]
SQL: SELECT *,article.id FROM `article` INNER JOIN ci on article.ciid = ci.id  WHERE ( topid = 7 ) ORDER BY article.id LIMIT 7   [ RunTime:0.0009s ]
SQL: SELECT *,article.id FROM `article` INNER JOIN ci on article.ciid = ci.id  WHERE ( topid = 8 ) ORDER BY article.id LIMIT 7   [ RunTime:0.0009s ]
SQL: SELECT *,article.id FROM `article` INNER JOIN ci on article.ciid = ci.id  WHERE ( topid = 9 ) ORDER BY article.id LIMIT 7   [ RunTime:0.0009s ]
INFO: [ view_parse ] --START--
INFO: [ template_filter ] --START--
INFO: Run Behavior\ContentReplaceBehavior [ RunTime:0.000853s ]
INFO: [ template_filter ] --END-- [ RunTime:0.000971s ]
NOTIC: [8] Undefined offset: 24 D:\phpStudy\PHPTutorial\WWW\Application\Runtime\Cache\Home\2a94b8bda04ff446dcedd42276fc99ee.php 第 108 行.
INFO: Run Behavior\ParseTemplateBehavior [ RunTime:0.053102s ]
INFO: [ view_parse ] --END-- [ RunTime:0.053288s ]
INFO: [ view_filter ] --START--
INFO: Run Behavior\WriteHtmlCacheBehavior [ RunTime:0.003276s ]
INFO: [ view_filter ] --END-- [ RunTime:0.003386s ]
INFO: [ app_end ] --START--
INFO: Run Behavior\ShowPageTraceBehavior [ RunTime:0.005111s ]
INFO: [ app_end ] --END-- [ RunTime:0.005240s ]

[ 2019-04-06T21:27:49+08:00 ] 127.0.0.1 /upload/img/ARQtHMoC1OKP.jpg
INFO: [ app_init ] --START--
INFO: Run Behavior\BuildLiteBehavior [ RunTime:0.000037s ]
INFO: [ app_init ] --END-- [ RunTime:0.002071s ]
INFO: [ app_begin ] --START--
INFO: Run Behavior\ReadHtmlCacheBehavior [ RunTime:0.002005s ]
INFO: [ app_begin ] --END-- [ RunTime:0.002137s ]
INFO: [ app_end ] --START--
INFO: Run Behavior\ShowPageTraceBehavior [ RunTime:0.002252s ]
INFO: [ app_end ] --END-- [ RunTime:0.002396s ]

[ 2019-04-06T21:27:49+08:00 ] 127.0.0.1 /upload/img/5Ll7IFsYkc.jpg
INFO: [ app_init ] --START--
INFO: Run Behavior\BuildLiteBehavior [ RunTime:0.000033s ]
INFO: [ app_init ] --END-- [ RunTime:0.002575s ]
INFO: [ app_begin ] --START--
INFO: Run Behavior\ReadHtmlCacheBehavior [ RunTime:0.003301s ]
INFO: [ app_begin ] --END-- [ RunTime:0.003456s ]
INFO: [ app_end ] --START--
INFO: Run Behavior\ShowPageTraceBehavior [ RunTime:0.002610s ]
INFO: [ app_end ] --END-- [ RunTime:0.002742s ]

[ 2019-04-06T21:27:49+08:00 ] 127.0.0.1 /upload/img/tMTEfTys2KXN1h.jpg
INFO: [ app_init ] --START--
INFO: Run Behavior\BuildLiteBehavior [ RunTime:0.000030s ]
INFO: [ app_init ] --END-- [ RunTime:0.001841s ]
INFO: [ app_begin ] --START--
INFO: Run Behavior\ReadHtmlCacheBehavior [ RunTime:0.003456s ]
INFO: [ app_begin ] --END-- [ RunTime:0.003594s ]
INFO: [ app_end ] --START--
INFO: Run Behavior\ShowPageTraceBehavior [ RunTime:0.003757s ]
INFO: [ app_end ] --END-- [ RunTime:0.003982s ]

[ 2019-04-06T21:27:49+08:00 ] 127.0.0.1 /upload/img/Zn1oAQCEVZR.jpg
INFO: [ app_init ] --START--
INFO: Run Behavior\BuildLiteBehavior [ RunTime:0.000034s ]
INFO: [ app_init ] --END-- [ RunTime:0.002040s ]
INFO: [ app_begin ] --START--
INFO: Run Behavior\ReadHtmlCacheBehavior [ RunTime:0.002905s ]
INFO: [ app_begin ] --END-- [ RunTime:0.003054s ]
INFO: [ app_end ] --START--
INFO: Run Behavior\ShowPageTraceBehavior [ RunTime:0.003097s ]
INFO: [ app_end ] --END-- [ RunTime:0.003242s ]

[ 2019-04-06T21:27:49+08:00 ] 127.0.0.1 /upload/img/xP0ltkx2.jpg
INFO: [ app_init ] --START--
INFO: Run Behavior\BuildLiteBehavior [ RunTime:0.000029s ]
INFO: [ app_init ] --END-- [ RunTime:0.002044s ]
INFO: [ app_begin ] --START--
INFO: Run Behavior\ReadHtmlCacheBehavior [ RunTime:0.002910s ]
INFO: [ app_begin ] --END-- [ RunTime:0.003060s ]
INFO: [ app_end ] --START--
INFO: Run Behavior\ShowPageTraceBehavior [ RunTime:0.002369s ]
INFO: [ app_end ] --END-- [ RunTime:0.002504s ]

[ 2019-04-06T21:27:49+08:00 ] 127.0.0.1 /upload/img/3s61CKVrbNwoDWY.jpg
INFO: [ app_init ] --START--
INFO: Run Behavior\BuildLiteBehavior [ RunTime:0.000046s ]
INFO: [ app_init ] --END-- [ RunTime:0.002406s ]
INFO: [ app_begin ] --START--
INFO: Run Behavior\ReadHtmlCacheBehavior [ RunTime:0.003478s ]
INFO: [ app_begin ] --END-- [ RunTime:0.003613s ]
INFO: [ app_end ] --START--
INFO: Run Behavior\ShowPageTraceBehavior [ RunTime:0.002283s ]
INFO: [ app_end ] --END-- [ RunTime:0.002404s ]

[ 2019-04-06T21:27:49+08:00 ] 127.0.0.1 /upload/img/Er6r9Q0SqH3oyRYP.jpg
INFO: [ app_init ] --START--
INFO: Run Behavior\BuildLiteBehavior [ RunTime:0.000027s ]
INFO: [ app_init ] --END-- [ RunTime:0.001270s ]
INFO: [ app_begin ] --START--
INFO: Run Behavior\ReadHtmlCacheBehavior [ RunTime:0.002184s ]
INFO: [ app_begin ] --END-- [ RunTime:0.002303s ]
INFO: [ app_end ] --START--
INFO: Run Behavior\ShowPageTraceBehavior [ RunTime:0.002112s ]
INFO: [ app_end ] --END-- [ RunTime:0.002227s ]

[ 2019-04-06T21:27:49+08:00 ] 127.0.0.1 /upload/img/zXo7wq5zUVUOUaK.jpg
INFO: [ app_init ] --START--
INFO: Run Behavior\BuildLiteBehavior [ RunTime:0.000038s ]
INFO: [ app_init ] --END-- [ RunTime:0.001557s ]
INFO: [ app_begin ] --START--
INFO: Run Behavior\ReadHtmlCacheBehavior [ RunTime:0.002127s ]
INFO: [ app_begin ] --END-- [ RunTime:0.002271s ]
INFO: [ app_end ] --START--
INFO: Run Behavior\ShowPageTraceBehavior [ RunTime:0.002865s ]
INFO: [ app_end ] --END-- [ RunTime:0.003020s ]

[ 2019-04-06T21:27:49+08:00 ] 127.0.0.1 /upload/img/wTDkpV3ltGt.jpg
INFO: [ app_init ] --START--
INFO: Run Behavior\BuildLiteBehavior [ RunTime:0.000027s ]
INFO: [ app_init ] --END-- [ RunTime:0.001958s ]
INFO: [ app_begin ] --START--
INFO: Run Behavior\ReadHtmlCacheBehavior [ RunTime:0.001704s ]
INFO: [ app_begin ] --END-- [ RunTime:0.001804s ]
INFO: [ app_end ] --START--
INFO: Run Behavior\ShowPageTraceBehavior [ RunTime:0.003189s ]
INFO: [ app_end ] --END-- [ RunTime:0.003358s ]

[ 2019-04-06T21:27:49+08:00 ] 127.0.0.1 /upload/img/qAKM8Ta7W9D4Cm.jpg
INFO: [ app_init ] --START--
INFO: Run Behavior\BuildLiteBehavior [ RunTime:0.000028s ]
INFO: [ app_init ] --END-- [ RunTime:0.001802s ]
INFO: [ app_begin ] --START--
INFO: Run Behavior\ReadHtmlCacheBehavior [ RunTime:0.001623s ]
INFO: [ app_begin ] --END-- [ RunTime:0.001722s ]
INFO: [ app_end ] --START--
INFO: Run Behavior\ShowPageTraceBehavior [ RunTime:0.002493s ]
INFO: [ app_end ] --END-- [ RunTime:0.002745s ]

[ 2019-04-06T21:27:49+08:00 ] 127.0.0.1 /upload/img/tXTzwbPQGM.jpg
INFO: [ app_init ] --START--
INFO: Run Behavior\BuildLiteBehavior [ RunTime:0.000038s ]
INFO: [ app_init ] --END-- [ RunTime:0.001466s ]
INFO: [ app_begin ] --START--
INFO: Run Behavior\ReadHtmlCacheBehavior [ RunTime:0.005833s ]
INFO: [ app_begin ] --END-- [ RunTime:0.005947s ]
INFO: [ app_end ] --START--
INFO: Run Behavior\ShowPageTraceBehavior [ RunTime:0.002234s ]
INFO: [ app_end ] --END-- [ RunTime:0.002346s ]

[ 2019-04-06T21:28:25+08:00 ] 127.0.0.1 /index.php/Home/index/siteadd
INFO: [ app_init ] --START--
INFO: Run Behavior\BuildLiteBehavior [ RunTime:0.000031s ]
INFO: [ app_init ] --END-- [ RunTime:0.001401s ]
INFO: [ app_begin ] --START--
INFO: Run Behavior\ReadHtmlCacheBehavior [ RunTime:0.001832s ]
INFO: [ app_begin ] --END-- [ RunTime:0.001924s ]
INFO: [ app_end ] --START--
INFO: Run Behavior\ShowPageTraceBehavior [ RunTime:0.002172s ]
INFO: [ app_end ] --END-- [ RunTime:0.002302s ]

[ 2019-04-06T21:28:47+08:00 ] 127.0.0.1 /index.php/Home/index/siteadd
INFO: [ app_init ] --START--
INFO: Run Behavior\BuildLiteBehavior [ RunTime:0.000025s ]
INFO: [ app_init ] --END-- [ RunTime:0.001478s ]
INFO: [ app_begin ] --START--
INFO: Run Behavior\ReadHtmlCacheBehavior [ RunTime:0.001843s ]
INFO: [ app_begin ] --END-- [ RunTime:0.002016s ]
INFO: [ view_parse ] --START--
INFO: [ template_filter ] --START--
INFO: Run Behavior\ContentReplaceBehavior [ RunTime:0.000063s ]
INFO: [ template_filter ] --END-- [ RunTime:0.000144s ]
INFO: Run Behavior\ParseTemplateBehavior [ RunTime:0.017169s ]
INFO: [ view_parse ] --END-- [ RunTime:0.017300s ]
INFO: [ view_filter ] --START--
INFO: Run Behavior\WriteHtmlCacheBehavior [ RunTime:0.001747s ]
INFO: [ view_filter ] --END-- [ RunTime:0.001803s ]
INFO: [ app_end ] --START--
INFO: Run Behavior\ShowPageTraceBehavior [ RunTime:0.001437s ]
INFO: [ app_end ] --END-- [ RunTime:0.001486s ]

[ 2019-04-06T21:29:03+08:00 ] 127.0.0.1 /index.php/Home/index/siteadd
INFO: [ app_init ] --START--
INFO: Run Behavior\BuildLiteBehavior [ RunTime:0.000033s ]
INFO: [ app_init ] --END-- [ RunTime:0.001465s ]
INFO: [ app_begin ] --START--
INFO: Run Behavior\ReadHtmlCacheBehavior [ RunTime:0.001558s ]
INFO: [ app_begin ] --END-- [ RunTime:0.001649s ]
INFO: [ view_parse ] --START--
INFO: [ template_filter ] --START--
INFO: Run Behavior\ContentReplaceBehavior [ RunTime:0.000059s ]
INFO: [ template_filter ] --END-- [ RunTime:0.000138s ]
INFO: Run Behavior\ParseTemplateBehavior [ RunTime:0.016265s ]
INFO: [ view_parse ] --END-- [ RunTime:0.016397s ]
INFO: [ view_filter ] --START--
INFO: Run Behavior\WriteHtmlCacheBehavior [ RunTime:0.002147s ]
INFO: [ view_filter ] --END-- [ RunTime:0.002205s ]
INFO: [ app_end ] --START--
INFO: Run Behavior\ShowPageTraceBehavior [ RunTime:0.001955s ]
INFO: [ app_end ] --END-- [ RunTime:0.002046s ]

[ 2019-04-06T21:29:22+08:00 ] 127.0.0.1 /index.php/Home/index/siteadd
INFO: [ app_init ] --START--
INFO: Run Behavior\BuildLiteBehavior [ RunTime:0.000028s ]
INFO: [ app_init ] --END-- [ RunTime:0.001501s ]
INFO: [ app_begin ] --START--
INFO: Run Behavior\ReadHtmlCacheBehavior [ RunTime:0.001788s ]
INFO: [ app_begin ] --END-- [ RunTime:0.001900s ]
INFO: [ view_parse ] --START--
INFO: [ template_filter ] --START--
INFO: Run Behavior\ContentReplaceBehavior [ RunTime:0.000061s ]
INFO: [ template_filter ] --END-- [ RunTime:0.000147s ]
INFO: Run Behavior\ParseTemplateBehavior [ RunTime:0.012686s ]
INFO: [ view_parse ] --END-- [ RunTime:0.012797s ]
INFO: [ view_filter ] --START--
INFO: Run Behavior\WriteHtmlCacheBehavior [ RunTime:0.001662s ]
INFO: [ view_filter ] --END-- [ RunTime:0.001731s ]
INFO: [ app_end ] --START--
INFO: Run Behavior\ShowPageTraceBehavior [ RunTime:0.001688s ]
INFO: [ app_end ] --END-- [ RunTime:0.001748s ]

[ 2019-04-06T21:29:32+08:00 ] 127.0.0.1 /index.php/Home/index/siteadd
INFO: [ app_init ] --START--
INFO: Run Behavior\BuildLiteBehavior [ RunTime:0.000029s ]
INFO: [ app_init ] --END-- [ RunTime:0.001563s ]
INFO: [ app_begin ] --START--
INFO: Run Behavior\ReadHtmlCacheBehavior [ RunTime:0.001712s ]
INFO: [ app_begin ] --END-- [ RunTime:0.001803s ]
INFO: [ view_parse ] --START--
INFO: [ template_filter ] --START--
INFO: Run Behavior\ContentReplaceBehavior [ RunTime:0.000055s ]
INFO: [ template_filter ] --END-- [ RunTime:0.000133s ]
INFO: Run Behavior\ParseTemplateBehavior [ RunTime:0.011461s ]
INFO: [ view_parse ] --END-- [ RunTime:0.011560s ]
INFO: [ view_filter ] --START--
INFO: Run Behavior\WriteHtmlCacheBehavior [ RunTime:0.001322s ]
INFO: [ view_filter ] --END-- [ RunTime:0.001371s ]
INFO: [ app_end ] --START--
INFO: Run Behavior\ShowPageTraceBehavior [ RunTime:0.001479s ]
INFO: [ app_end ] --END-- [ RunTime:0.001529s ]

[ 2019-04-06T21:30:54+08:00 ] 127.0.0.1 /index.php/Home/index/siteadd
INFO: [ app_init ] --START--
INFO: Run Behavior\BuildLiteBehavior [ RunTime:0.000029s ]
INFO: [ app_init ] --END-- [ RunTime:0.001644s ]
INFO: [ app_begin ] --START--
INFO: Run Behavior\ReadHtmlCacheBehavior [ RunTime:0.002999s ]
INFO: [ app_begin ] --END-- [ RunTime:0.003121s ]
INFO: [ view_parse ] --START--
INFO: [ template_filter ] --START--
INFO: Run Behavior\ContentReplaceBehavior [ RunTime:0.000097s ]
INFO: [ template_filter ] --END-- [ RunTime:0.000206s ]
INFO: Run Behavior\ParseTemplateBehavior [ RunTime:0.015566s ]
INFO: [ view_parse ] --END-- [ RunTime:0.015688s ]
INFO: [ view_filter ] --START--
INFO: Run Behavior\WriteHtmlCacheBehavior [ RunTime:0.002035s ]
INFO: [ view_filter ] --END-- [ RunTime:0.002112s ]
INFO: [ app_end ] --START--
INFO: Run Behavior\ShowPageTraceBehavior [ RunTime:0.002432s ]
INFO: [ app_end ] --END-- [ RunTime:0.002516s ]

[ 2019-04-06T21:32:18+08:00 ] 127.0.0.1 /index.php/Home/index/siteadd
INFO: [ app_init ] --START--
INFO: Run Behavior\BuildLiteBehavior [ RunTime:0.000024s ]
INFO: [ app_init ] --END-- [ RunTime:0.001413s ]
INFO: [ app_begin ] --START--
INFO: Run Behavior\ReadHtmlCacheBehavior [ RunTime:0.002495s ]
INFO: [ app_begin ] --END-- [ RunTime:0.002593s ]
INFO: [ view_parse ] --START--
INFO: [ template_filter ] --START--
INFO: Run Behavior\ContentReplaceBehavior [ RunTime:0.000057s ]
INFO: [ template_filter ] --END-- [ RunTime:0.000139s ]
INFO: Run Behavior\ParseTemplateBehavior [ RunTime:0.014856s ]
INFO: [ view_parse ] --END-- [ RunTime:0.014950s ]
INFO: [ view_filter ] --START--
INFO: Run Behavior\WriteHtmlCacheBehavior [ RunTime:0.001643s ]
INFO: [ view_filter ] --END-- [ RunTime:0.001691s ]
INFO: [ app_end ] --START--
INFO: Run Behavior\ShowPageTraceBehavior [ RunTime:0.002044s ]
INFO: [ app_end ] --END-- [ RunTime:0.002134s ]

[ 2019-04-06T21:32:30+08:00 ] 127.0.0.1 /index.php/Home/index/siteadd
INFO: [ app_init ] --START--
INFO: Run Behavior\BuildLiteBehavior [ RunTime:0.000035s ]
INFO: [ app_init ] --END-- [ RunTime:0.002053s ]
INFO: [ app_begin ] --START--
INFO: Run Behavior\ReadHtmlCacheBehavior [ RunTime:0.001541s ]
INFO: [ app_begin ] --END-- [ RunTime:0.001628s ]
INFO: [ view_parse ] --START--
INFO: [ template_filter ] --START--
INFO: Run Behavior\ContentReplaceBehavior [ RunTime:0.000053s ]
INFO: [ template_filter ] --END-- [ RunTime:0.000132s ]
INFO: Run Behavior\ParseTemplateBehavior [ RunTime:0.012832s ]
INFO: [ view_parse ] --END-- [ RunTime:0.012920s ]
INFO: [ view_filter ] --START--
INFO: Run Behavior\WriteHtmlCacheBehavior [ RunTime:0.001280s ]
INFO: [ view_filter ] --END-- [ RunTime:0.001335s ]
INFO: [ app_end ] --START--
INFO: Run Behavior\ShowPageTraceBehavior [ RunTime:0.001540s ]
INFO: [ app_end ] --END-- [ RunTime:0.001601s ]

[ 2019-04-06T21:32:47+08:00 ] 127.0.0.1 /index.php/Home/index/siteadd
INFO: [ app_init ] --START--
INFO: Run Behavior\BuildLiteBehavior [ RunTime:0.000023s ]
INFO: [ app_init ] --END-- [ RunTime:0.001159s ]
INFO: [ app_begin ] --START--
INFO: Run Behavior\ReadHtmlCacheBehavior [ RunTime:0.001716s ]
INFO: [ app_begin ] --END-- [ RunTime:0.001822s ]
INFO: [ view_parse ] --START--
INFO: [ template_filter ] --START--
INFO: Run Behavior\ContentReplaceBehavior [ RunTime:0.000059s ]
INFO: [ template_filter ] --END-- [ RunTime:0.000151s ]
INFO: Run Behavior\ParseTemplateBehavior [ RunTime:0.011837s ]
INFO: [ view_parse ] --END-- [ RunTime:0.012008s ]
INFO: [ view_filter ] --START--
INFO: Run Behavior\WriteHtmlCacheBehavior [ RunTime:0.001411s ]
INFO: [ view_filter ] --END-- [ RunTime:0.001488s ]
INFO: [ app_end ] --START--
INFO: Run Behavior\ShowPageTraceBehavior [ RunTime:0.001630s ]
INFO: [ app_end ] --END-- [ RunTime:0.001709s ]

[ 2019-04-06T21:33:03+08:00 ] 127.0.0.1 /index.php/Home/index/siteadd
INFO: [ app_init ] --START--
INFO: Run Behavior\BuildLiteBehavior [ RunTime:0.000029s ]
INFO: [ app_init ] --END-- [ RunTime:0.001749s ]
INFO: [ app_begin ] --START--
INFO: Run Behavior\ReadHtmlCacheBehavior [ RunTime:0.002494s ]
INFO: [ app_begin ] --END-- [ RunTime:0.002609s ]
INFO: [ view_parse ] --START--
INFO: [ template_filter ] --START--
INFO: Run Behavior\ContentReplaceBehavior [ RunTime:0.000071s ]
INFO: [ template_filter ] --END-- [ RunTime:0.000176s ]
INFO: Run Behavior\ParseTemplateBehavior [ RunTime:0.017360s ]
INFO: [ view_parse ] --END-- [ RunTime:0.017484s ]
INFO: [ view_filter ] --START--
INFO: Run Behavior\WriteHtmlCacheBehavior [ RunTime:0.002362s ]
INFO: [ view_filter ] --END-- [ RunTime:0.002432s ]
INFO: [ app_end ] --START--
INFO: Run Behavior\ShowPageTraceBehavior [ RunTime:0.002159s ]
INFO: [ app_end ] --END-- [ RunTime:0.002233s ]

[ 2019-04-06T21:47:56+08:00 ] 127.0.0.1 /index.php/Home/index/siteadd
INFO: [ app_init ] --START--
INFO: Run Behavior\BuildLiteBehavior [ RunTime:0.000031s ]
INFO: [ app_init ] --END-- [ RunTime:0.001958s ]
INFO: [ app_begin ] --START--
INFO: Run Behavior\ReadHtmlCacheBehavior [ RunTime:0.002681s ]
INFO: [ app_begin ] --END-- [ RunTime:0.002782s ]
INFO: [ view_parse ] --START--
INFO: [ template_filter ] --START--
INFO: Run Behavior\ContentReplaceBehavior [ RunTime:0.000056s ]
INFO: [ template_filter ] --END-- [ RunTime:0.000139s ]
INFO: Run Behavior\ParseTemplateBehavior [ RunTime:0.016256s ]
INFO: [ view_parse ] --END-- [ RunTime:0.016378s ]
INFO: [ view_filter ] --START--
INFO: Run Behavior\WriteHtmlCacheBehavior [ RunTime:0.002236s ]
INFO: [ view_filter ] --END-- [ RunTime:0.002340s ]
INFO: [ app_end ] --START--
INFO: Run Behavior\ShowPageTraceBehavior [ RunTime:0.002880s ]
INFO: [ app_end ] --END-- [ RunTime:0.002972s ]

[ 2019-04-06T23:37:58+08:00 ] 127.0.0.1 /
INFO: [ app_init ] --START--
INFO: Run Behavior\BuildLiteBehavior [ RunTime:0.000028s ]
INFO: [ app_init ] --END-- [ RunTime:0.002326s ]
INFO: [ app_begin ] --START--
INFO: Run Behavior\ReadHtmlCacheBehavior [ RunTime:0.003288s ]
INFO: [ app_begin ] --END-- [ RunTime:0.003406s ]
SQL: SHOW COLUMNS FROM `lanmu` [ RunTime:0.0683s ]
SQL: SELECT * FROM `lanmu`  [ RunTime:0.0010s ]
SQL: SHOW COLUMNS FROM `article` [ RunTime:0.0185s ]
SQL: SELECT *,article.id FROM `article` INNER JOIN ci on article.ciid = ci.id  ORDER BY article.id LIMIT 24   [ RunTime:0.0073s ]
SQL: SELECT *,article.id FROM `article` INNER JOIN ci on article.ciid = ci.id  WHERE ( topid = 1 ) ORDER BY article.id LIMIT 7   [ RunTime:0.0023s ]
SQL: SELECT *,article.id FROM `article` INNER JOIN ci on article.ciid = ci.id  WHERE ( topid = 2 ) ORDER BY article.id LIMIT 7   [ RunTime:0.0021s ]
SQL: SELECT *,article.id FROM `article` INNER JOIN ci on article.ciid = ci.id  WHERE ( topid = 3 ) ORDER BY article.id LIMIT 7   [ RunTime:0.0009s ]
SQL: SELECT *,article.id FROM `article` INNER JOIN ci on article.ciid = ci.id  WHERE ( topid = 4 ) ORDER BY article.id LIMIT 7   [ RunTime:0.0009s ]
SQL: SELECT *,article.id FROM `article` INNER JOIN ci on article.ciid = ci.id  WHERE ( topid = 5 ) ORDER BY article.id LIMIT 7   [ RunTime:0.0010s ]
SQL: SELECT *,article.id FROM `article` INNER JOIN ci on article.ciid = ci.id  WHERE ( topid = 6 ) ORDER BY article.id LIMIT 7   [ RunTime:0.0010s ]
SQL: SELECT *,article.id FROM `article` INNER JOIN ci on article.ciid = ci.id  WHERE ( topid = 7 ) ORDER BY article.id LIMIT 7   [ RunTime:0.0007s ]
SQL: SELECT *,article.id FROM `article` INNER JOIN ci on article.ciid = ci.id  WHERE ( topid = 8 ) ORDER BY article.id LIMIT 7   [ RunTime:0.0009s ]
SQL: SELECT *,article.id FROM `article` INNER JOIN ci on article.ciid = ci.id  WHERE ( topid = 9 ) ORDER BY article.id LIMIT 7   [ RunTime:0.0009s ]
INFO: [ view_parse ] --START--
INFO: [ template_filter ] --START--
INFO: Run Behavior\ContentReplaceBehavior [ RunTime:0.000187s ]
INFO: [ template_filter ] --END-- [ RunTime:0.000257s ]
NOTIC: [8] Undefined offset: 24 D:\phpStudy\PHPTutorial\WWW\Application\Runtime\Cache\Home\2a94b8bda04ff446dcedd42276fc99ee.php 第 108 行.
INFO: Run Behavior\ParseTemplateBehavior [ RunTime:0.035567s ]
INFO: [ view_parse ] --END-- [ RunTime:0.035658s ]
INFO: [ view_filter ] --START--
INFO: Run Behavior\WriteHtmlCacheBehavior [ RunTime:0.002433s ]
INFO: [ view_filter ] --END-- [ RunTime:0.002493s ]
INFO: [ app_end ] --START--
INFO: Run Behavior\ShowPageTraceBehavior [ RunTime:0.004467s ]
INFO: [ app_end ] --END-- [ RunTime:0.004615s ]

[ 2019-04-06T23:37:58+08:00 ] 127.0.0.1 /upload/img/ARQtHMoC1OKP.jpg
INFO: [ app_init ] --START--
INFO: Run Behavior\BuildLiteBehavior [ RunTime:0.000037s ]
INFO: [ app_init ] --END-- [ RunTime:0.002659s ]
INFO: [ app_begin ] --START--
INFO: Run Behavior\ReadHtmlCacheBehavior [ RunTime:0.003492s ]
INFO: [ app_begin ] --END-- [ RunTime:0.003647s ]
INFO: [ app_end ] --START--
INFO: Run Behavior\ShowPageTraceBehavior [ RunTime:0.005299s ]
INFO: [ app_end ] --END-- [ RunTime:0.005439s ]

[ 2019-04-06T23:37:58+08:00 ] 127.0.0.1 /upload/img/Zn1oAQCEVZR.jpg
INFO: [ app_init ] --START--
INFO: Run Behavior\BuildLiteBehavior [ RunTime:0.000034s ]
INFO: [ app_init ] --END-- [ RunTime:0.001480s ]
INFO: [ app_begin ] --START--
INFO: Run Behavior\ReadHtmlCacheBehavior [ RunTime:0.002434s ]
INFO: [ app_begin ] --END-- [ RunTime:0.002575s ]
INFO: [ app_end ] --START--
INFO: Run Behavior\ShowPageTraceBehavior [ RunTime:0.002498s ]
INFO: [ app_end ] --END-- [ RunTime:0.002642s ]

[ 2019-04-06T23:37:59+08:00 ] 127.0.0.1 /upload/img/5Ll7IFsYkc.jpg
INFO: [ app_init ] --START--
INFO: Run Behavior\BuildLiteBehavior [ RunTime:0.000032s ]
INFO: [ app_init ] --END-- [ RunTime:0.002938s ]
INFO: [ app_begin ] --START--
INFO: Run Behavior\ReadHtmlCacheBehavior [ RunTime:0.003406s ]
INFO: [ app_begin ] --END-- [ RunTime:0.003559s ]
INFO: [ app_end ] --START--
INFO: Run Behavior\ShowPageTraceBehavior [ RunTime:0.003198s ]
INFO: [ app_end ] --END-- [ RunTime:0.003352s ]

[ 2019-04-06T23:37:59+08:00 ] 127.0.0.1 /upload/img/3s61CKVrbNwoDWY.jpg
INFO: [ app_init ] --START--
INFO: Run Behavior\BuildLiteBehavior [ RunTime:0.000123s ]
INFO: [ app_init ] --END-- [ RunTime:0.002310s ]
INFO: [ app_begin ] --START--
INFO: Run Behavior\ReadHtmlCacheBehavior [ RunTime:0.003365s ]
INFO: [ app_begin ] --END-- [ RunTime:0.003539s ]
INFO: [ app_end ] --START--
INFO: Run Behavior\ShowPageTraceBehavior [ RunTime:0.002549s ]
INFO: [ app_end ] --END-- [ RunTime:0.002692s ]

[ 2019-04-06T23:37:59+08:00 ] 127.0.0.1 /upload/img/tMTEfTys2KXN1h.jpg
INFO: [ app_init ] --START--
INFO: Run Behavior\BuildLiteBehavior [ RunTime:0.000034s ]
INFO: [ app_init ] --END-- [ RunTime:0.002070s ]
INFO: [ app_begin ] --START--
INFO: Run Behavior\ReadHtmlCacheBehavior [ RunTime:0.003282s ]
INFO: [ app_begin ] --END-- [ RunTime:0.003416s ]
INFO: [ app_end ] --START--
INFO: Run Behavior\ShowPageTraceBehavior [ RunTime:0.002461s ]
INFO: [ app_end ] --END-- [ RunTime:0.002593s ]

[ 2019-04-06T23:37:59+08:00 ] 127.0.0.1 /upload/img/xP0ltkx2.jpg
INFO: [ app_init ] --START--
INFO: Run Behavior\BuildLiteBehavior [ RunTime:0.000026s ]
INFO: [ app_init ] --END-- [ RunTime:0.001620s ]
INFO: [ app_begin ] --START--
INFO: Run Behavior\ReadHtmlCacheBehavior [ RunTime:0.002628s ]
INFO: [ app_begin ] --END-- [ RunTime:0.002748s ]
INFO: [ app_end ] --START--
INFO: Run Behavior\ShowPageTraceBehavior [ RunTime:0.003016s ]
INFO: [ app_end ] --END-- [ RunTime:0.003499s ]

[ 2019-04-06T23:37:59+08:00 ] 127.0.0.1 /upload/img/Er6r9Q0SqH3oyRYP.jpg
INFO: [ app_init ] --START--
INFO: Run Behavior\BuildLiteBehavior [ RunTime:0.000039s ]
INFO: [ app_init ] --END-- [ RunTime:0.001956s ]
INFO: [ app_begin ] --START--
INFO: Run Behavior\ReadHtmlCacheBehavior [ RunTime:0.002562s ]
INFO: [ app_begin ] --END-- [ RunTime:0.002714s ]
INFO: [ app_end ] --START--
INFO: Run Behavior\ShowPageTraceBehavior [ RunTime:0.003448s ]
INFO: [ app_end ] --END-- [ RunTime:0.003979s ]

[ 2019-04-06T23:37:59+08:00 ] 127.0.0.1 /upload/img/zXo7wq5zUVUOUaK.jpg
INFO: [ app_init ] --START--
INFO: Run Behavior\BuildLiteBehavior [ RunTime:0.000030s ]
INFO: [ app_init ] --END-- [ RunTime:0.001445s ]
INFO: [ app_begin ] --START--
INFO: Run Behavior\ReadHtmlCacheBehavior [ RunTime:0.002191s ]
INFO: [ app_begin ] --END-- [ RunTime:0.002313s ]
INFO: [ app_end ] --START--
INFO: Run Behavior\ShowPageTraceBehavior [ RunTime:0.002729s ]
INFO: [ app_end ] --END-- [ RunTime:0.002883s ]

[ 2019-04-06T23:37:59+08:00 ] 127.0.0.1 /upload/img/wTDkpV3ltGt.jpg
INFO: [ app_init ] --START--
INFO: Run Behavior\BuildLiteBehavior [ RunTime:0.000032s ]
INFO: [ app_init ] --END-- [ RunTime:0.001750s ]
INFO: [ app_begin ] --START--
INFO: Run Behavior\ReadHtmlCacheBehavior [ RunTime:0.001801s ]
INFO: [ app_begin ] --END-- [ RunTime:0.001927s ]
INFO: [ app_end ] --START--
INFO: Run Behavior\ShowPageTraceBehavior [ RunTime:0.002793s ]
INFO: [ app_end ] --END-- [ RunTime:0.002955s ]

[ 2019-04-06T23:37:59+08:00 ] 127.0.0.1 /upload/img/qAKM8Ta7W9D4Cm.jpg
INFO: [ app_init ] --START--
INFO: Run Behavior\BuildLiteBehavior [ RunTime:0.000040s ]
INFO: [ app_init ] --END-- [ RunTime:0.001730s ]
INFO: [ app_begin ] --START--
INFO: Run Behavior\ReadHtmlCacheBehavior [ RunTime:0.001740s ]
INFO: [ app_begin ] --END-- [ RunTime:0.001845s ]
INFO: [ app_end ] --START--
INFO: Run Behavior\ShowPageTraceBehavior [ RunTime:0.002152s ]
INFO: [ app_end ] --END-- [ RunTime:0.002272s ]

[ 2019-04-06T23:37:59+08:00 ] 127.0.0.1 /upload/img/tXTzwbPQGM.jpg
INFO: [ app_init ] --START--
INFO: Run Behavior\BuildLiteBehavior [ RunTime:0.000050s ]
INFO: [ app_init ] --END-- [ RunTime:0.003286s ]
INFO: [ app_begin ] --START--
INFO: Run Behavior\ReadHtmlCacheBehavior [ RunTime:0.003310s ]
INFO: [ app_begin ] --END-- [ RunTime:0.003533s ]
INFO: [ app_end ] --START--
INFO: Run Behavior\ShowPageTraceBehavior [ RunTime:0.002451s ]
INFO: [ app_end ] --END-- [ RunTime:0.002577s ]

[ 2019-04-06T23:38:08+08:00 ] 127.0.0.1 /
INFO: [ app_init ] --START--
INFO: Run Behavior\BuildLiteBehavior [ RunTime:0.000024s ]
INFO: [ app_init ] --END-- [ RunTime:0.001187s ]
INFO: [ app_begin ] --START--
INFO: Run Behavior\ReadHtmlCacheBehavior [ RunTime:0.001607s ]
INFO: [ app_begin ] --END-- [ RunTime:0.001689s ]
SQL: SHOW COLUMNS FROM `lanmu` [ RunTime:0.0660s ]
SQL: SELECT * FROM `lanmu`  [ RunTime:0.0008s ]
SQL: SHOW COLUMNS FROM `article` [ RunTime:0.0196s ]
SQL: SELECT *,article.id FROM `article` INNER JOIN ci on article.ciid = ci.id  ORDER BY article.id LIMIT 24   [ RunTime:0.0036s ]
SQL: SELECT *,article.id FROM `article` INNER JOIN ci on article.ciid = ci.id  WHERE ( topid = 1 ) ORDER BY article.id LIMIT 7   [ RunTime:0.0019s ]
SQL: SELECT *,article.id FROM `article` INNER JOIN ci on article.ciid = ci.id  WHERE ( topid = 2 ) ORDER BY article.id LIMIT 7   [ RunTime:0.0021s ]
SQL: SELECT *,article.id FROM `article` INNER JOIN ci on article.ciid = ci.id  WHERE ( topid = 3 ) ORDER BY article.id LIMIT 7   [ RunTime:0.0012s ]
SQL: SELECT *,article.id FROM `article` INNER JOIN ci on article.ciid = ci.id  WHERE ( topid = 4 ) ORDER BY article.id LIMIT 7   [ RunTime:0.0015s ]
SQL: SELECT *,article.id FROM `article` INNER JOIN ci on article.ciid = ci.id  WHERE ( topid = 5 ) ORDER BY article.id LIMIT 7   [ RunTime:0.0022s ]
SQL: SELECT *,article.id FROM `article` INNER JOIN ci on article.ciid = ci.id  WHERE ( topid = 6 ) ORDER BY article.id LIMIT 7   [ RunTime:0.0015s ]
SQL: SELECT *,article.id FROM `article` INNER JOIN ci on article.ciid = ci.id  WHERE ( topid = 7 ) ORDER BY article.id LIMIT 7   [ RunTime:0.0010s ]
SQL: SELECT *,article.id FROM `article` INNER JOIN ci on article.ciid = ci.id  WHERE ( topid = 8 ) ORDER BY article.id LIMIT 7   [ RunTime:0.0014s ]
SQL: SELECT *,article.id FROM `article` INNER JOIN ci on article.ciid = ci.id  WHERE ( topid = 9 ) ORDER BY article.id LIMIT 7   [ RunTime:0.0010s ]
INFO: [ view_parse ] --START--
INFO: [ template_filter ] --START--
INFO: Run Behavior\ContentReplaceBehavior [ RunTime:0.000369s ]
INFO: [ template_filter ] --END-- [ RunTime:0.000539s ]
NOTIC: [8] Undefined offset: 24 D:\phpStudy\PHPTutorial\WWW\Application\Runtime\Cache\Home\2a94b8bda04ff446dcedd42276fc99ee.php 第 108 行.
INFO: Run Behavior\ParseTemplateBehavior [ RunTime:0.034829s ]
INFO: [ view_parse ] --END-- [ RunTime:0.034922s ]
INFO: [ view_filter ] --START--
INFO: Run Behavior\WriteHtmlCacheBehavior [ RunTime:0.002455s ]
INFO: [ view_filter ] --END-- [ RunTime:0.002509s ]
INFO: [ app_end ] --START--
INFO: Run Behavior\ShowPageTraceBehavior [ RunTime:0.001741s ]
INFO: [ app_end ] --END-- [ RunTime:0.001814s ]

[ 2019-04-06T23:38:09+08:00 ] 127.0.0.1 /upload/img/ARQtHMoC1OKP.jpg
INFO: [ app_init ] --START--
INFO: Run Behavior\BuildLiteBehavior [ RunTime:0.000035s ]
INFO: [ app_init ] --END-- [ RunTime:0.002143s ]
INFO: [ app_begin ] --START--
INFO: Run Behavior\ReadHtmlCacheBehavior [ RunTime:0.004415s ]
INFO: [ app_begin ] --END-- [ RunTime:0.004556s ]
INFO: [ app_end ] --START--
INFO: Run Behavior\ShowPageTraceBehavior [ RunTime:0.002465s ]
INFO: [ app_end ] --END-- [ RunTime:0.002633s ]

[ 2019-04-06T23:38:09+08:00 ] 127.0.0.1 /upload/img/5Ll7IFsYkc.jpg
INFO: [ app_init ] --START--
INFO: Run Behavior\BuildLiteBehavior [ RunTime:0.000035s ]
INFO: [ app_init ] --END-- [ RunTime:0.001674s ]
INFO: [ app_begin ] --START--
INFO: Run Behavior\ReadHtmlCacheBehavior [ RunTime:0.003054s ]
INFO: [ app_begin ] --END-- [ RunTime:0.003193s ]
INFO: [ app_end ] --START--
INFO: Run Behavior\ShowPageTraceBehavior [ RunTime:0.008324s ]
INFO: [ app_end ] --END-- [ RunTime:0.008542s ]

[ 2019-04-06T23:38:09+08:00 ] 127.0.0.1 /upload/img/3s61CKVrbNwoDWY.jpg
INFO: [ app_init ] --START--
INFO: Run Behavior\BuildLiteBehavior [ RunTime:0.000035s ]
INFO: [ app_init ] --END-- [ RunTime:0.001789s ]
INFO: [ app_begin ] --START--
INFO: Run Behavior\ReadHtmlCacheBehavior [ RunTime:0.005343s ]
INFO: [ app_begin ] --END-- [ RunTime:0.005487s ]
INFO: [ app_end ] --START--
INFO: Run Behavior\ShowPageTraceBehavior [ RunTime:0.001886s ]
INFO: [ app_end ] --END-- [ RunTime:0.001996s ]

[ 2019-04-06T23:38:09+08:00 ] 127.0.0.1 /upload/img/Zn1oAQCEVZR.jpg
INFO: [ app_init ] --START--
INFO: Run Behavior\BuildLiteBehavior [ RunTime:0.000033s ]
INFO: [ app_init ] --END-- [ RunTime:0.001924s ]
INFO: [ app_begin ] --START--
INFO: Run Behavior\ReadHtmlCacheBehavior [ RunTime:0.003102s ]
INFO: [ app_begin ] --END-- [ RunTime:0.003299s ]
INFO: [ app_end ] --START--
INFO: Run Behavior\ShowPageTraceBehavior [ RunTime:0.002772s ]
INFO: [ app_end ] --END-- [ RunTime:0.002897s ]

[ 2019-04-06T23:38:09+08:00 ] 127.0.0.1 /upload/img/tMTEfTys2KXN1h.jpg
INFO: [ app_init ] --START--
INFO: Run Behavior\BuildLiteBehavior [ RunTime:0.000032s ]
INFO: [ app_init ] --END-- [ RunTime:0.002220s ]
INFO: [ app_begin ] --START--
INFO: Run Behavior\ReadHtmlCacheBehavior [ RunTime:0.002648s ]
INFO: [ app_begin ] --END-- [ RunTime:0.002823s ]
INFO: [ app_end ] --START--
INFO: Run Behavior\ShowPageTraceBehavior [ RunTime:0.002125s ]
INFO: [ app_end ] --END-- [ RunTime:0.002259s ]

[ 2019-04-06T23:38:09+08:00 ] 127.0.0.1 /upload/img/xP0ltkx2.jpg
INFO: [ app_init ] --START--
INFO: Run Behavior\BuildLiteBehavior [ RunTime:0.000044s ]
INFO: [ app_init ] --END-- [ RunTime:0.003421s ]
INFO: [ app_begin ] --START--
INFO: Run Behavior\ReadHtmlCacheBehavior [ RunTime:0.002046s ]
INFO: [ app_begin ] --END-- [ RunTime:0.002167s ]
INFO: [ app_end ] --START--
INFO: Run Behavior\ShowPageTraceBehavior [ RunTime:0.001990s ]
INFO: [ app_end ] --END-- [ RunTime:0.002159s ]

[ 2019-04-06T23:38:09+08:00 ] 127.0.0.1 /upload/img/Er6r9Q0SqH3oyRYP.jpg
INFO: [ app_init ] --START--
INFO: Run Behavior\BuildLiteBehavior [ RunTime:0.000029s ]
INFO: [ app_init ] --END-- [ RunTime:0.002354s ]
INFO: [ app_begin ] --START--
INFO: Run Behavior\ReadHtmlCacheBehavior [ RunTime:0.001928s ]
INFO: [ app_begin ] --END-- [ RunTime:0.002063s ]
INFO: [ app_end ] --START--
INFO: Run Behavior\ShowPageTraceBehavior [ RunTime:0.002061s ]
INFO: [ app_end ] --END-- [ RunTime:0.002182s ]

[ 2019-04-06T23:38:09+08:00 ] 127.0.0.1 /upload/img/zXo7wq5zUVUOUaK.jpg
INFO: [ app_init ] --START--
INFO: Run Behavior\BuildLiteBehavior [ RunTime:0.000033s ]
INFO: [ app_init ] --END-- [ RunTime:0.001980s ]
INFO: [ app_begin ] --START--
INFO: Run Behavior\ReadHtmlCacheBehavior [ RunTime:0.002457s ]
INFO: [ app_begin ] --END-- [ RunTime:0.002592s ]
INFO: [ app_end ] --START--
INFO: Run Behavior\ShowPageTraceBehavior [ RunTime:0.002956s ]
INFO: [ app_end ] --END-- [ RunTime:0.003127s ]

[ 2019-04-06T23:38:09+08:00 ] 127.0.0.1 /upload/img/wTDkpV3ltGt.jpg
INFO: [ app_init ] --START--
INFO: Run Behavior\BuildLiteBehavior [ RunTime:0.000028s ]
INFO: [ app_init ] --END-- [ RunTime:0.001316s ]
INFO: [ app_begin ] --START--
INFO: Run Behavior\ReadHtmlCacheBehavior [ RunTime:0.001988s ]
INFO: [ app_begin ] --END-- [ RunTime:0.002138s ]
INFO: [ app_end ] --START--
INFO: Run Behavior\ShowPageTraceBehavior [ RunTime:0.002605s ]
INFO: [ app_end ] --END-- [ RunTime:0.002738s ]

[ 2019-04-06T23:38:09+08:00 ] 127.0.0.1 /upload/img/qAKM8Ta7W9D4Cm.jpg
INFO: [ app_init ] --START--
INFO: Run Behavior\BuildLiteBehavior [ RunTime:0.000036s ]
INFO: [ app_init ] --END-- [ RunTime:0.001385s ]
INFO: [ app_begin ] --START--
INFO: Run Behavior\ReadHtmlCacheBehavior [ RunTime:0.002140s ]
INFO: [ app_begin ] --END-- [ RunTime:0.002294s ]
INFO: [ app_end ] --START--
INFO: Run Behavior\ShowPageTraceBehavior [ RunTime:0.003796s ]
INFO: [ app_end ] --END-- [ RunTime:0.003948s ]

[ 2019-04-06T23:38:09+08:00 ] 127.0.0.1 /upload/img/tXTzwbPQGM.jpg
INFO: [ app_init ] --START--
INFO: Run Behavior\BuildLiteBehavior [ RunTime:0.000059s ]
INFO: [ app_init ] --END-- [ RunTime:0.001884s ]
INFO: [ app_begin ] --START--
INFO: Run Behavior\ReadHtmlCacheBehavior [ RunTime:0.002392s ]
INFO: [ app_begin ] --END-- [ RunTime:0.002528s ]
INFO: [ app_end ] --START--
INFO: Run Behavior\ShowPageTraceBehavior [ RunTime:0.002403s ]
INFO: [ app_end ] --END-- [ RunTime:0.002529s ]

[ 2019-04-06T23:38:21+08:00 ] 127.0.0.1 /
INFO: [ app_init ] --START--
INFO: Run Behavior\BuildLiteBehavior [ RunTime:0.000032s ]
INFO: [ app_init ] --END-- [ RunTime:0.001827s ]
INFO: [ app_begin ] --START--
INFO: Run Behavior\ReadHtmlCacheBehavior [ RunTime:0.002099s ]
INFO: [ app_begin ] --END-- [ RunTime:0.002224s ]
SQL: SHOW COLUMNS FROM `lanmu` [ RunTime:0.0661s ]
SQL: SELECT * FROM `lanmu`  [ RunTime:0.0007s ]
SQL: SHOW COLUMNS FROM `article` [ RunTime:0.0315s ]
SQL: SELECT *,article.id FROM `article` INNER JOIN ci on article.ciid = ci.id  ORDER BY article.id LIMIT 24   [ RunTime:0.0048s ]
SQL: SELECT *,article.id FROM `article` INNER JOIN ci on article.ciid = ci.id  WHERE ( topid = 1 ) ORDER BY article.id LIMIT 7   [ RunTime:0.0024s ]
SQL: SELECT *,article.id FROM `article` INNER JOIN ci on article.ciid = ci.id  WHERE ( topid = 2 ) ORDER BY article.id LIMIT 7   [ RunTime:0.0027s ]
SQL: SELECT *,article.id FROM `article` INNER JOIN ci on article.ciid = ci.id  WHERE ( topid = 3 ) ORDER BY article.id LIMIT 7   [ RunTime:0.0012s ]
SQL: SELECT *,article.id FROM `article` INNER JOIN ci on article.ciid = ci.id  WHERE ( topid = 4 ) ORDER BY article.id LIMIT 7   [ RunTime:0.0023s ]
SQL: SELECT *,article.id FROM `article` INNER JOIN ci on article.ciid = ci.id  WHERE ( topid = 5 ) ORDER BY article.id LIMIT 7   [ RunTime:0.0016s ]
SQL: SELECT *,article.id FROM `article` INNER JOIN ci on article.ciid = ci.id  WHERE ( topid = 6 ) ORDER BY article.id LIMIT 7   [ RunTime:0.0014s ]
SQL: SELECT *,article.id FROM `article` INNER JOIN ci on article.ciid = ci.id  WHERE ( topid = 7 ) ORDER BY article.id LIMIT 7   [ RunTime:0.0015s ]
SQL: SELECT *,article.id FROM `article` INNER JOIN ci on article.ciid = ci.id  WHERE ( topid = 8 ) ORDER BY article.id LIMIT 7   [ RunTime:0.0012s ]
SQL: SELECT *,article.id FROM `article` INNER JOIN ci on article.ciid = ci.id  WHERE ( topid = 9 ) ORDER BY article.id LIMIT 7   [ RunTime:0.0009s ]
INFO: [ view_parse ] --START--
INFO: [ template_filter ] --START--
INFO: Run Behavior\ContentReplaceBehavior [ RunTime:0.000199s ]
INFO: [ template_filter ] --END-- [ RunTime:0.000277s ]
NOTIC: [8] Undefined offset: 24 D:\phpStudy\PHPTutorial\WWW\Application\Runtime\Cache\Home\2a94b8bda04ff446dcedd42276fc99ee.php 第 108 行.
INFO: Run Behavior\ParseTemplateBehavior [ RunTime:0.038647s ]
INFO: [ view_parse ] --END-- [ RunTime:0.038730s ]
INFO: [ view_filter ] --START--
INFO: Run Behavior\WriteHtmlCacheBehavior [ RunTime:0.003505s ]
INFO: [ view_filter ] --END-- [ RunTime:0.003617s ]
INFO: [ app_end ] --START--
INFO: Run Behavior\ShowPageTraceBehavior [ RunTime:0.002316s ]
INFO: [ app_end ] --END-- [ RunTime:0.002429s ]

[ 2019-04-06T23:38:21+08:00 ] 127.0.0.1 /upload/img/5Ll7IFsYkc.jpg
INFO: [ app_init ] --START--
INFO: Run Behavior\BuildLiteBehavior [ RunTime:0.000037s ]
INFO: [ app_init ] --END-- [ RunTime:0.004192s ]
INFO: [ app_begin ] --START--
INFO: Run Behavior\ReadHtmlCacheBehavior [ RunTime:0.003266s ]
INFO: [ app_begin ] --END-- [ RunTime:0.003419s ]
INFO: [ app_end ] --START--
INFO: Run Behavior\ShowPageTraceBehavior [ RunTime:0.002247s ]
INFO: [ app_end ] --END-- [ RunTime:0.002369s ]

[ 2019-04-06T23:38:22+08:00 ] 127.0.0.1 /upload/img/ARQtHMoC1OKP.jpg
INFO: [ app_init ] --START--
INFO: Run Behavior\BuildLiteBehavior [ RunTime:0.000051s ]
INFO: [ app_init ] --END-- [ RunTime:0.002907s ]
INFO: [ app_begin ] --START--
INFO: Run Behavior\ReadHtmlCacheBehavior [ RunTime:0.004283s ]
INFO: [ app_begin ] --END-- [ RunTime:0.004394s ]
INFO: [ app_end ] --START--
INFO: Run Behavior\ShowPageTraceBehavior [ RunTime:0.003108s ]
INFO: [ app_end ] --END-- [ RunTime:0.003283s ]

[ 2019-04-06T23:38:22+08:00 ] 127.0.0.1 /upload/img/Zn1oAQCEVZR.jpg
INFO: [ app_init ] --START--
INFO: Run Behavior\BuildLiteBehavior [ RunTime:0.000034s ]
INFO: [ app_init ] --END-- [ RunTime:0.001999s ]
INFO: [ app_begin ] --START--
INFO: Run Behavior\ReadHtmlCacheBehavior [ RunTime:0.002995s ]
INFO: [ app_begin ] --END-- [ RunTime:0.003129s ]
INFO: [ app_end ] --START--
INFO: Run Behavior\ShowPageTraceBehavior [ RunTime:0.006509s ]
INFO: [ app_end ] --END-- [ RunTime:0.006695s ]

[ 2019-04-06T23:38:22+08:00 ] 127.0.0.1 /upload/img/tMTEfTys2KXN1h.jpg
INFO: [ app_init ] --START--
INFO: Run Behavior\BuildLiteBehavior [ RunTime:0.000033s ]
INFO: [ app_init ] --END-- [ RunTime:0.002575s ]
INFO: [ app_begin ] --START--
INFO: Run Behavior\ReadHtmlCacheBehavior [ RunTime:0.002836s ]
INFO: [ app_begin ] --END-- [ RunTime:0.002969s ]
INFO: [ app_end ] --START--
INFO: Run Behavior\ShowPageTraceBehavior [ RunTime:0.005470s ]
INFO: [ app_end ] --END-- [ RunTime:0.005709s ]

[ 2019-04-06T23:38:22+08:00 ] 127.0.0.1 /upload/img/3s61CKVrbNwoDWY.jpg
INFO: [ app_init ] --START--
INFO: Run Behavior\BuildLiteBehavior [ RunTime:0.000029s ]
INFO: [ app_init ] --END-- [ RunTime:0.001419s ]
INFO: [ app_begin ] --START--
INFO: Run Behavior\ReadHtmlCacheBehavior [ RunTime:0.002079s ]
INFO: [ app_begin ] --END-- [ RunTime:0.002209s ]
INFO: [ app_end ] --START--
INFO: Run Behavior\ShowPageTraceBehavior [ RunTime:0.002434s ]
INFO: [ app_end ] --END-- [ RunTime:0.002623s ]

[ 2019-04-06T23:38:22+08:00 ] 127.0.0.1 /upload/img/xP0ltkx2.jpg
INFO: [ app_init ] --START--
INFO: Run Behavior\BuildLiteBehavior [ RunTime:0.000028s ]
INFO: [ app_init ] --END-- [ RunTime:0.001460s ]
INFO: [ app_begin ] --START--
INFO: Run Behavior\ReadHtmlCacheBehavior [ RunTime:0.001747s ]
INFO: [ app_begin ] --END-- [ RunTime:0.001847s ]
INFO: [ app_end ] --START--
INFO: Run Behavior\ShowPageTraceBehavior [ RunTime:0.003093s ]
INFO: [ app_end ] --END-- [ RunTime:0.003254s ]

[ 2019-04-06T23:38:22+08:00 ] 127.0.0.1 /upload/img/Er6r9Q0SqH3oyRYP.jpg
INFO: [ app_init ] --START--
INFO: Run Behavior\BuildLiteBehavior [ RunTime:0.000034s ]
INFO: [ app_init ] --END-- [ RunTime:0.001706s ]
INFO: [ app_begin ] --START--
INFO: Run Behavior\ReadHtmlCacheBehavior [ RunTime:0.001974s ]
INFO: [ app_begin ] --END-- [ RunTime:0.002103s ]
INFO: [ app_end ] --START--
INFO: Run Behavior\ShowPageTraceBehavior [ RunTime:0.002845s ]
INFO: [ app_end ] --END-- [ RunTime:0.003233s ]

[ 2019-04-06T23:38:22+08:00 ] 127.0.0.1 /upload/img/zXo7wq5zUVUOUaK.jpg
INFO: [ app_init ] --START--
INFO: Run Behavior\BuildLiteBehavior [ RunTime:0.000037s ]
INFO: [ app_init ] --END-- [ RunTime:0.005284s ]
INFO: [ app_begin ] --START--
INFO: Run Behavior\ReadHtmlCacheBehavior [ RunTime:0.002382s ]
INFO: [ app_begin ] --END-- [ RunTime:0.002564s ]
INFO: [ app_end ] --START--
INFO: Run Behavior\ShowPageTraceBehavior [ RunTime:0.002112s ]
INFO: [ app_end ] --END-- [ RunTime:0.002242s ]

[ 2019-04-06T23:38:22+08:00 ] 127.0.0.1 /upload/img/wTDkpV3ltGt.jpg
INFO: [ app_init ] --START--
INFO: Run Behavior\BuildLiteBehavior [ RunTime:0.000035s ]
INFO: [ app_init ] --END-- [ RunTime:0.001807s ]
INFO: [ app_begin ] --START--
INFO: Run Behavior\ReadHtmlCacheBehavior [ RunTime:0.001918s ]
INFO: [ app_begin ] --END-- [ RunTime:0.002033s ]
INFO: [ app_end ] --START--
INFO: Run Behavior\ShowPageTraceBehavior [ RunTime:0.002191s ]
INFO: [ app_end ] --END-- [ RunTime:0.002318s ]

[ 2019-04-06T23:38:22+08:00 ] 127.0.0.1 /upload/img/qAKM8Ta7W9D4Cm.jpg
INFO: [ app_init ] --START--
INFO: Run Behavior\BuildLiteBehavior [ RunTime:0.000030s ]
INFO: [ app_init ] --END-- [ RunTime:0.001340s ]
INFO: [ app_begin ] --START--
INFO: Run Behavior\ReadHtmlCacheBehavior [ RunTime:0.002755s ]
INFO: [ app_begin ] --END-- [ RunTime:0.002917s ]
INFO: [ app_end ] --START--
INFO: Run Behavior\ShowPageTraceBehavior [ RunTime:0.002606s ]
INFO: [ app_end ] --END-- [ RunTime:0.002822s ]

[ 2019-04-06T23:38:22+08:00 ] 127.0.0.1 /upload/img/tXTzwbPQGM.jpg
INFO: [ app_init ] --START--
INFO: Run Behavior\BuildLiteBehavior [ RunTime:0.000030s ]
INFO: [ app_init ] --END-- [ RunTime:0.001790s ]
INFO: [ app_begin ] --START--
INFO: Run Behavior\ReadHtmlCacheBehavior [ RunTime:0.002408s ]
INFO: [ app_begin ] --END-- [ RunTime:0.002558s ]
INFO: [ app_end ] --START--
INFO: Run Behavior\ShowPageTraceBehavior [ RunTime:0.002721s ]
INFO: [ app_end ] --END-- [ RunTime:0.002886s ]

[ 2019-04-06T23:38:40+08:00 ] 127.0.0.1 /
INFO: [ app_init ] --START--
INFO: Run Behavior\BuildLiteBehavior [ RunTime:0.000034s ]
INFO: [ app_init ] --END-- [ RunTime:0.001891s ]
INFO: [ app_begin ] --START--
INFO: Run Behavior\ReadHtmlCacheBehavior [ RunTime:0.001609s ]
INFO: [ app_begin ] --END-- [ RunTime:0.001706s ]
SQL: SHOW COLUMNS FROM `lanmu` [ RunTime:0.0242s ]
SQL: SELECT * FROM `lanmu`  [ RunTime:0.0009s ]
SQL: SHOW COLUMNS FROM `article` [ RunTime:0.0249s ]
SQL: SELECT *,article.id FROM `article` INNER JOIN ci on article.ciid = ci.id  ORDER BY article.id LIMIT 24   [ RunTime:0.0054s ]
SQL: SELECT *,article.id FROM `article` INNER JOIN ci on article.ciid = ci.id  WHERE ( topid = 1 ) ORDER BY article.id LIMIT 7   [ RunTime:0.0016s ]
SQL: SELECT *,article.id FROM `article` INNER JOIN ci on article.ciid = ci.id  WHERE ( topid = 2 ) ORDER BY article.id LIMIT 7   [ RunTime:0.0022s ]
SQL: SELECT *,article.id FROM `article` INNER JOIN ci on article.ciid = ci.id  WHERE ( topid = 3 ) ORDER BY article.id LIMIT 7   [ RunTime:0.0018s ]
SQL: SELECT *,article.id FROM `article` INNER JOIN ci on article.ciid = ci.id  WHERE ( topid = 4 ) ORDER BY article.id LIMIT 7   [ RunTime:0.0019s ]
SQL: SELECT *,article.id FROM `article` INNER JOIN ci on article.ciid = ci.id  WHERE ( topid = 5 ) ORDER BY article.id LIMIT 7   [ RunTime:0.0013s ]
SQL: SELECT *,article.id FROM `article` INNER JOIN ci on article.ciid = ci.id  WHERE ( topid = 6 ) ORDER BY article.id LIMIT 7   [ RunTime:0.0012s ]
SQL: SELECT *,article.id FROM `article` INNER JOIN ci on article.ciid = ci.id  WHERE ( topid = 7 ) ORDER BY article.id LIMIT 7   [ RunTime:0.0015s ]
SQL: SELECT *,article.id FROM `article` INNER JOIN ci on article.ciid = ci.id  WHERE ( topid = 8 ) ORDER BY article.id LIMIT 7   [ RunTime:0.0009s ]
SQL: SELECT *,article.id FROM `article` INNER JOIN ci on article.ciid = ci.id  WHERE ( topid = 9 ) ORDER BY article.id LIMIT 7   [ RunTime:0.0008s ]
INFO: [ view_parse ] --START--
INFO: [ template_filter ] --START--
INFO: Run Behavior\ContentReplaceBehavior [ RunTime:0.000419s ]
INFO: [ template_filter ] --END-- [ RunTime:0.000551s ]
NOTIC: [8] Undefined offset: 24 D:\phpStudy\PHPTutorial\WWW\Application\Runtime\Cache\Home\2a94b8bda04ff446dcedd42276fc99ee.php 第 108 行.
INFO: Run Behavior\ParseTemplateBehavior [ RunTime:0.049028s ]
INFO: [ view_parse ] --END-- [ RunTime:0.049131s ]
INFO: [ view_filter ] --START--
INFO: Run Behavior\WriteHtmlCacheBehavior [ RunTime:0.004141s ]
INFO: [ view_filter ] --END-- [ RunTime:0.004241s ]
INFO: [ app_end ] --START--
INFO: Run Behavior\ShowPageTraceBehavior [ RunTime:0.003645s ]
INFO: [ app_end ] --END-- [ RunTime:0.003940s ]

[ 2019-04-06T23:38:40+08:00 ] 127.0.0.1 /upload/img/ARQtHMoC1OKP.jpg
INFO: [ app_init ] --START--
INFO: Run Behavior\BuildLiteBehavior [ RunTime:0.000053s ]
INFO: [ app_init ] --END-- [ RunTime:0.004965s ]
INFO: [ app_begin ] --START--
INFO: Run Behavior\ReadHtmlCacheBehavior [ RunTime:0.001969s ]
INFO: [ app_begin ] --END-- [ RunTime:0.002078s ]
INFO: [ app_end ] --START--
INFO: Run Behavior\ShowPageTraceBehavior [ RunTime:0.013020s ]
INFO: [ app_end ] --END-- [ RunTime:0.013181s ]

[ 2019-04-06T23:38:40+08:00 ] 127.0.0.1 /upload/img/tMTEfTys2KXN1h.jpg
INFO: [ app_init ] --START--
INFO: Run Behavior\BuildLiteBehavior [ RunTime:0.000038s ]
INFO: [ app_init ] --END-- [ RunTime:0.002108s ]
INFO: [ app_begin ] --START--
INFO: Run Behavior\ReadHtmlCacheBehavior [ RunTime:0.002412s ]
INFO: [ app_begin ] --END-- [ RunTime:0.002618s ]
INFO: [ app_end ] --START--
INFO: Run Behavior\ShowPageTraceBehavior [ RunTime:0.002782s ]
INFO: [ app_end ] --END-- [ RunTime:0.002966s ]

[ 2019-04-06T23:38:40+08:00 ] 127.0.0.1 /upload/img/Zn1oAQCEVZR.jpg
INFO: [ app_init ] --START--
INFO: Run Behavior\BuildLiteBehavior [ RunTime:0.000036s ]
INFO: [ app_init ] --END-- [ RunTime:0.002109s ]
INFO: [ app_begin ] --START--
INFO: Run Behavior\ReadHtmlCacheBehavior [ RunTime:0.002037s ]
INFO: [ app_begin ] --END-- [ RunTime:0.002182s ]
INFO: [ app_end ] --START--
INFO: Run Behavior\ShowPageTraceBehavior [ RunTime:0.002729s ]
INFO: [ app_end ] --END-- [ RunTime:0.002945s ]

[ 2019-04-06T23:38:40+08:00 ] 127.0.0.1 /upload/img/5Ll7IFsYkc.jpg
INFO: [ app_init ] --START--
INFO: Run Behavior\BuildLiteBehavior [ RunTime:0.000038s ]
INFO: [ app_init ] --END-- [ RunTime:0.002108s ]
INFO: [ app_begin ] --START--
INFO: Run Behavior\ReadHtmlCacheBehavior [ RunTime:0.006123s ]
INFO: [ app_begin ] --END-- [ RunTime:0.006296s ]
INFO: [ app_end ] --START--
INFO: Run Behavior\ShowPageTraceBehavior [ RunTime:0.002805s ]
INFO: [ app_end ] --END-- [ RunTime:0.003009s ]

[ 2019-04-06T23:38:40+08:00 ] 127.0.0.1 /upload/img/3s61CKVrbNwoDWY.jpg
INFO: [ app_init ] --START--
INFO: Run Behavior\BuildLiteBehavior [ RunTime:0.000039s ]
INFO: [ app_init ] --END-- [ RunTime:0.005332s ]
INFO: [ app_begin ] --START--
INFO: Run Behavior\ReadHtmlCacheBehavior [ RunTime:0.002328s ]
INFO: [ app_begin ] --END-- [ RunTime:0.002485s ]
INFO: [ app_end ] --START--
INFO: Run Behavior\ShowPageTraceBehavior [ RunTime:0.003299s ]
INFO: [ app_end ] --END-- [ RunTime:0.003630s ]

[ 2019-04-06T23:38:40+08:00 ] 127.0.0.1 /upload/img/xP0ltkx2.jpg
INFO: [ app_init ] --START--
INFO: Run Behavior\BuildLiteBehavior [ RunTime:0.000072s ]
INFO: [ app_init ] --END-- [ RunTime:0.002992s ]
INFO: [ app_begin ] --START--
INFO: Run Behavior\ReadHtmlCacheBehavior [ RunTime:0.005746s ]
INFO: [ app_begin ] --END-- [ RunTime:0.005948s ]
INFO: [ app_end ] --START--
INFO: Run Behavior\ShowPageTraceBehavior [ RunTime:0.003542s ]
INFO: [ app_end ] --END-- [ RunTime:0.003936s ]

[ 2019-04-06T23:38:40+08:00 ] 127.0.0.1 /upload/img/Er6r9Q0SqH3oyRYP.jpg
INFO: [ app_init ] --START--
INFO: Run Behavior\BuildLiteBehavior [ RunTime:0.000033s ]
INFO: [ app_init ] --END-- [ RunTime:0.002342s ]
INFO: [ app_begin ] --START--
INFO: Run Behavior\ReadHtmlCacheBehavior [ RunTime:0.003424s ]
INFO: [ app_begin ] --END-- [ RunTime:0.003564s ]
INFO: [ app_end ] --START--
INFO: Run Behavior\ShowPageTraceBehavior [ RunTime:0.003432s ]
INFO: [ app_end ] --END-- [ RunTime:0.003623s ]

[ 2019-04-06T23:38:40+08:00 ] 127.0.0.1 /upload/img/zXo7wq5zUVUOUaK.jpg
INFO: [ app_init ] --START--
INFO: Run Behavior\BuildLiteBehavior [ RunTime:0.000039s ]
INFO: [ app_init ] --END-- [ RunTime:0.001915s ]
INFO: [ app_begin ] --START--
INFO: Run Behavior\ReadHtmlCacheBehavior [ RunTime:0.005465s ]
INFO: [ app_begin ] --END-- [ RunTime:0.005725s ]
INFO: [ app_end ] --START--
INFO: Run Behavior\ShowPageTraceBehavior [ RunTime:0.002395s ]
INFO: [ app_end ] --END-- [ RunTime:0.002536s ]

[ 2019-04-06T23:38:40+08:00 ] 127.0.0.1 /upload/img/wTDkpV3ltGt.jpg
INFO: [ app_init ] --START--
INFO: Run Behavior\BuildLiteBehavior [ RunTime:0.000034s ]
INFO: [ app_init ] --END-- [ RunTime:0.001707s ]
INFO: [ app_begin ] --START--
INFO: Run Behavior\ReadHtmlCacheBehavior [ RunTime:0.002048s ]
INFO: [ app_begin ] --END-- [ RunTime:0.002183s ]
INFO: [ app_end ] --START--
INFO: Run Behavior\ShowPageTraceBehavior [ RunTime:0.004146s ]
INFO: [ app_end ] --END-- [ RunTime:0.004386s ]

[ 2019-04-06T23:38:40+08:00 ] 127.0.0.1 /upload/img/qAKM8Ta7W9D4Cm.jpg
INFO: [ app_init ] --START--
INFO: Run Behavior\BuildLiteBehavior [ RunTime:0.000046s ]
INFO: [ app_init ] --END-- [ RunTime:0.001907s ]
INFO: [ app_begin ] --START--
INFO: Run Behavior\ReadHtmlCacheBehavior [ RunTime:0.003341s ]
INFO: [ app_begin ] --END-- [ RunTime:0.003491s ]
INFO: [ app_end ] --START--
INFO: Run Behavior\ShowPageTraceBehavior [ RunTime:0.002022s ]
INFO: [ app_end ] --END-- [ RunTime:0.002148s ]

[ 2019-04-06T23:38:40+08:00 ] 127.0.0.1 /upload/img/tXTzwbPQGM.jpg
INFO: [ app_init ] --START--
INFO: Run Behavior\BuildLiteBehavior [ RunTime:0.000025s ]
INFO: [ app_init ] --END-- [ RunTime:0.001403s ]
INFO: [ app_begin ] --START--
INFO: Run Behavior\ReadHtmlCacheBehavior [ RunTime:0.002384s ]
INFO: [ app_begin ] --END-- [ RunTime:0.002506s ]
INFO: [ app_end ] --START--
INFO: Run Behavior\ShowPageTraceBehavior [ RunTime:0.001965s ]
INFO: [ app_end ] --END-- [ RunTime:0.002095s ]

[ 2019-04-06T23:38:49+08:00 ] 127.0.0.1 /
INFO: [ app_init ] --START--
INFO: Run Behavior\BuildLiteBehavior [ RunTime:0.000044s ]
INFO: [ app_init ] --END-- [ RunTime:0.001565s ]
INFO: [ app_begin ] --START--
INFO: Run Behavior\ReadHtmlCacheBehavior [ RunTime:0.002615s ]
INFO: [ app_begin ] --END-- [ RunTime:0.002756s ]
SQL: SHOW COLUMNS FROM `lanmu` [ RunTime:0.0209s ]
SQL: SELECT * FROM `lanmu`  [ RunTime:0.0010s ]
SQL: SHOW COLUMNS FROM `article` [ RunTime:0.0267s ]
SQL: SELECT *,article.id FROM `article` INNER JOIN ci on article.ciid = ci.id  ORDER BY article.id LIMIT 24   [ RunTime:0.0043s ]
SQL: SELECT *,article.id FROM `article` INNER JOIN ci on article.ciid = ci.id  WHERE ( topid = 1 ) ORDER BY article.id LIMIT 7   [ RunTime:0.0021s ]
SQL: SELECT *,article.id FROM `article` INNER JOIN ci on article.ciid = ci.id  WHERE ( topid = 2 ) ORDER BY article.id LIMIT 7   [ RunTime:0.0023s ]
SQL: SELECT *,article.id FROM `article` INNER JOIN ci on article.ciid = ci.id  WHERE ( topid = 3 ) ORDER BY article.id LIMIT 7   [ RunTime:0.0011s ]
SQL: SELECT *,article.id FROM `article` INNER JOIN ci on article.ciid = ci.id  WHERE ( topid = 4 ) ORDER BY article.id LIMIT 7   [ RunTime:0.0010s ]
SQL: SELECT *,article.id FROM `article` INNER JOIN ci on article.ciid = ci.id  WHERE ( topid = 5 ) ORDER BY article.id LIMIT 7   [ RunTime:0.0013s ]
SQL: SELECT *,article.id FROM `article` INNER JOIN ci on article.ciid = ci.id  WHERE ( topid = 6 ) ORDER BY article.id LIMIT 7   [ RunTime:0.0013s ]
SQL: SELECT *,article.id FROM `article` INNER JOIN ci on article.ciid = ci.id  WHERE ( topid = 7 ) ORDER BY article.id LIMIT 7   [ RunTime:0.0012s ]
SQL: SELECT *,article.id FROM `article` INNER JOIN ci on article.ciid = ci.id  WHERE ( topid = 8 ) ORDER BY article.id LIMIT 7   [ RunTime:0.0010s ]
SQL: SELECT *,article.id FROM `article` INNER JOIN ci on article.ciid = ci.id  WHERE ( topid = 9 ) ORDER BY article.id LIMIT 7   [ RunTime:0.0014s ]
INFO: [ view_parse ] --START--
INFO: [ template_filter ] --START--
INFO: Run Behavior\ContentReplaceBehavior [ RunTime:0.000193s ]
INFO: [ template_filter ] --END-- [ RunTime:0.000264s ]
NOTIC: [8] Undefined offset: 24 D:\phpStudy\PHPTutorial\WWW\Application\Runtime\Cache\Home\2a94b8bda04ff446dcedd42276fc99ee.php 第 108 行.
INFO: Run Behavior\ParseTemplateBehavior [ RunTime:0.032998s ]
INFO: [ view_parse ] --END-- [ RunTime:0.033091s ]
INFO: [ view_filter ] --START--
INFO: Run Behavior\WriteHtmlCacheBehavior [ RunTime:0.002282s ]
INFO: [ view_filter ] --END-- [ RunTime:0.002389s ]
INFO: [ app_end ] --START--
INFO: Run Behavior\ShowPageTraceBehavior [ RunTime:0.003127s ]
INFO: [ app_end ] --END-- [ RunTime:0.003289s ]

[ 2019-04-06T23:38:49+08:00 ] 127.0.0.1 /upload/img/5Ll7IFsYkc.jpg
INFO: [ app_init ] --START--
INFO: Run Behavior\BuildLiteBehavior [ RunTime:0.000051s ]
INFO: [ app_init ] --END-- [ RunTime:0.002572s ]
INFO: [ app_begin ] --START--
INFO: Run Behavior\ReadHtmlCacheBehavior [ RunTime:0.002551s ]
INFO: [ app_begin ] --END-- [ RunTime:0.002704s ]
INFO: [ app_end ] --START--
INFO: Run Behavior\ShowPageTraceBehavior [ RunTime:0.008388s ]
INFO: [ app_end ] --END-- [ RunTime:0.008592s ]

[ 2019-04-06T23:38:49+08:00 ] 127.0.0.1 /upload/img/ARQtHMoC1OKP.jpg
INFO: [ app_init ] --START--
INFO: Run Behavior\BuildLiteBehavior [ RunTime:0.000035s ]
INFO: [ app_init ] --END-- [ RunTime:0.006484s ]
INFO: [ app_begin ] --START--
INFO: Run Behavior\ReadHtmlCacheBehavior [ RunTime:0.002725s ]
INFO: [ app_begin ] --END-- [ RunTime:0.002846s ]
INFO: [ app_end ] --START--
INFO: Run Behavior\ShowPageTraceBehavior [ RunTime:0.002407s ]
INFO: [ app_end ] --END-- [ RunTime:0.002588s ]

[ 2019-04-06T23:38:49+08:00 ] 127.0.0.1 /upload/img/tMTEfTys2KXN1h.jpg
INFO: [ app_init ] --START--
INFO: Run Behavior\BuildLiteBehavior [ RunTime:0.000031s ]
INFO: [ app_init ] --END-- [ RunTime:0.004530s ]
INFO: [ app_begin ] --START--
INFO: Run Behavior\ReadHtmlCacheBehavior [ RunTime:0.002727s ]
INFO: [ app_begin ] --END-- [ RunTime:0.002875s ]
INFO: [ app_end ] --START--
INFO: Run Behavior\ShowPageTraceBehavior [ RunTime:0.002843s ]
INFO: [ app_end ] --END-- [ RunTime:0.003091s ]

[ 2019-04-06T23:38:50+08:00 ] 127.0.0.1 /upload/img/xP0ltkx2.jpg
INFO: [ app_init ] --START--
INFO: Run Behavior\BuildLiteBehavior [ RunTime:0.000066s ]
INFO: [ app_init ] --END-- [ RunTime:0.002383s ]
INFO: [ app_begin ] --START--
INFO: Run Behavior\ReadHtmlCacheBehavior [ RunTime:0.002054s ]
INFO: [ app_begin ] --END-- [ RunTime:0.002205s ]
INFO: [ app_end ] --START--
INFO: Run Behavior\ShowPageTraceBehavior [ RunTime:0.004259s ]
INFO: [ app_end ] --END-- [ RunTime:0.004486s ]

[ 2019-04-06T23:38:50+08:00 ] 127.0.0.1 /upload/img/3s61CKVrbNwoDWY.jpg
INFO: [ app_init ] --START--
INFO: Run Behavior\BuildLiteBehavior [ RunTime:0.000049s ]
INFO: [ app_init ] --END-- [ RunTime:0.002824s ]
INFO: [ app_begin ] --START--
INFO: Run Behavior\ReadHtmlCacheBehavior [ RunTime:0.002289s ]
INFO: [ app_begin ] --END-- [ RunTime:0.002438s ]
INFO: [ app_end ] --START--
INFO: Run Behavior\ShowPageTraceBehavior [ RunTime:0.003242s ]
INFO: [ app_end ] --END-- [ RunTime:0.003438s ]

[ 2019-04-06T23:38:50+08:00 ] 127.0.0.1 /upload/img/Zn1oAQCEVZR.jpg
INFO: [ app_init ] --START--
INFO: Run Behavior\BuildLiteBehavior [ RunTime:0.000064s ]
INFO: [ app_init ] --END-- [ RunTime:0.003735s ]
INFO: [ app_begin ] --START--
INFO: Run Behavior\ReadHtmlCacheBehavior [ RunTime:0.002403s ]
INFO: [ app_begin ] --END-- [ RunTime:0.010034s ]
INFO: [ app_end ] --START--
INFO: Run Behavior\ShowPageTraceBehavior [ RunTime:0.004690s ]
INFO: [ app_end ] --END-- [ RunTime:0.004848s ]

[ 2019-04-06T23:38:50+08:00 ] 127.0.0.1 /upload/img/Er6r9Q0SqH3oyRYP.jpg
INFO: [ app_init ] --START--
INFO: Run Behavior\BuildLiteBehavior [ RunTime:0.000084s ]
INFO: [ app_init ] --END-- [ RunTime:0.003116s ]
INFO: [ app_begin ] --START--
INFO: Run Behavior\ReadHtmlCacheBehavior [ RunTime:0.002208s ]
INFO: [ app_begin ] --END-- [ RunTime:0.002343s ]
INFO: [ app_end ] --START--
INFO: Run Behavior\ShowPageTraceBehavior [ RunTime:0.002454s ]
INFO: [ app_end ] --END-- [ RunTime:0.002597s ]

[ 2019-04-06T23:38:50+08:00 ] 127.0.0.1 /upload/img/zXo7wq5zUVUOUaK.jpg
INFO: [ app_init ] --START--
INFO: Run Behavior\BuildLiteBehavior [ RunTime:0.000039s ]
INFO: [ app_init ] --END-- [ RunTime:0.004442s ]
INFO: [ app_begin ] --START--
INFO: Run Behavior\ReadHtmlCacheBehavior [ RunTime:0.003663s ]
INFO: [ app_begin ] --END-- [ RunTime:0.004001s ]
INFO: [ app_end ] --START--
INFO: Run Behavior\ShowPageTraceBehavior [ RunTime:0.003598s ]
INFO: [ app_end ] --END-- [ RunTime:0.003834s ]

[ 2019-04-06T23:38:50+08:00 ] 127.0.0.1 /upload/img/wTDkpV3ltGt.jpg
INFO: [ app_init ] --START--
INFO: Run Behavior\BuildLiteBehavior [ RunTime:0.000040s ]
INFO: [ app_init ] --END-- [ RunTime:0.002033s ]
INFO: [ app_begin ] --START--
INFO: Run Behavior\ReadHtmlCacheBehavior [ RunTime:0.002138s ]
INFO: [ app_begin ] --END-- [ RunTime:0.002263s ]
INFO: [ app_end ] --START--
INFO: Run Behavior\ShowPageTraceBehavior [ RunTime:0.002147s ]
INFO: [ app_end ] --END-- [ RunTime:0.002283s ]

[ 2019-04-06T23:38:50+08:00 ] 127.0.0.1 /upload/img/qAKM8Ta7W9D4Cm.jpg
INFO: [ app_init ] --START--
INFO: Run Behavior\BuildLiteBehavior [ RunTime:0.000049s ]
INFO: [ app_init ] --END-- [ RunTime:0.005091s ]
INFO: [ app_begin ] --START--
INFO: Run Behavior\ReadHtmlCacheBehavior [ RunTime:0.001713s ]
INFO: [ app_begin ] --END-- [ RunTime:0.001825s ]
INFO: [ app_end ] --START--
INFO: Run Behavior\ShowPageTraceBehavior [ RunTime:0.003322s ]
INFO: [ app_end ] --END-- [ RunTime:0.003502s ]

[ 2019-04-06T23:38:50+08:00 ] 127.0.0.1 /upload/img/tXTzwbPQGM.jpg
INFO: [ app_init ] --START--
INFO: Run Behavior\BuildLiteBehavior [ RunTime:0.000040s ]
INFO: [ app_init ] --END-- [ RunTime:0.002258s ]
INFO: [ app_begin ] --START--
INFO: Run Behavior\ReadHtmlCacheBehavior [ RunTime:0.002952s ]
INFO: [ app_begin ] --END-- [ RunTime:0.003291s ]
INFO: [ app_end ] --START--
INFO: Run Behavior\ShowPageTraceBehavior [ RunTime:0.004435s ]
INFO: [ app_end ] --END-- [ RunTime:0.005096s ]

[ 2019-04-06T23:38:59+08:00 ] 127.0.0.1 /index.php
INFO: [ app_init ] --START--
INFO: Run Behavior\BuildLiteBehavior [ RunTime:0.000040s ]
INFO: [ app_init ] --END-- [ RunTime:0.002729s ]
INFO: [ app_begin ] --START--
INFO: Run Behavior\ReadHtmlCacheBehavior [ RunTime:0.004347s ]
INFO: [ app_begin ] --END-- [ RunTime:0.004489s ]
SQL: SHOW COLUMNS FROM `lanmu` [ RunTime:0.0709s ]
SQL: SELECT * FROM `lanmu`  [ RunTime:0.0006s ]
SQL: SHOW COLUMNS FROM `article` [ RunTime:0.0232s ]
SQL: SELECT *,article.id FROM `article` INNER JOIN ci on article.ciid = ci.id  ORDER BY article.id LIMIT 24   [ RunTime:0.0047s ]
SQL: SELECT *,article.id FROM `article` INNER JOIN ci on article.ciid = ci.id  WHERE ( topid = 1 ) ORDER BY article.id LIMIT 7   [ RunTime:0.0015s ]
SQL: SELECT *,article.id FROM `article` INNER JOIN ci on article.ciid = ci.id  WHERE ( topid = 2 ) ORDER BY article.id LIMIT 7   [ RunTime:0.0023s ]
SQL: SELECT *,article.id FROM `article` INNER JOIN ci on article.ciid = ci.id  WHERE ( topid = 3 ) ORDER BY article.id LIMIT 7   [ RunTime:0.0010s ]
SQL: SELECT *,article.id FROM `article` INNER JOIN ci on article.ciid = ci.id  WHERE ( topid = 4 ) ORDER BY article.id LIMIT 7   [ RunTime:0.0012s ]
SQL: SELECT *,article.id FROM `article` INNER JOIN ci on article.ciid = ci.id  WHERE ( topid = 5 ) ORDER BY article.id LIMIT 7   [ RunTime:0.0063s ]
SQL: SELECT *,article.id FROM `article` INNER JOIN ci on article.ciid = ci.id  WHERE ( topid = 6 ) ORDER BY article.id LIMIT 7   [ RunTime:0.0014s ]
SQL: SELECT *,article.id FROM `article` INNER JOIN ci on article.ciid = ci.id  WHERE ( topid = 7 ) ORDER BY article.id LIMIT 7   [ RunTime:0.0013s ]
SQL: SELECT *,article.id FROM `article` INNER JOIN ci on article.ciid = ci.id  WHERE ( topid = 8 ) ORDER BY article.id LIMIT 7   [ RunTime:0.0017s ]
SQL: SELECT *,article.id FROM `article` INNER JOIN ci on article.ciid = ci.id  WHERE ( topid = 9 ) ORDER BY article.id LIMIT 7   [ RunTime:0.0011s ]
INFO: [ view_parse ] --START--
INFO: [ template_filter ] --START--
INFO: Run Behavior\ContentReplaceBehavior [ RunTime:0.000265s ]
INFO: [ template_filter ] --END-- [ RunTime:0.000350s ]
NOTIC: [8] Undefined offset: 24 D:\phpStudy\PHPTutorial\WWW\Application\Runtime\Cache\Home\2a94b8bda04ff446dcedd42276fc99ee.php 第 108 行.
INFO: Run Behavior\ParseTemplateBehavior [ RunTime:0.046888s ]
INFO: [ view_parse ] --END-- [ RunTime:0.046987s ]
INFO: [ view_filter ] --START--
INFO: Run Behavior\WriteHtmlCacheBehavior [ RunTime:0.003018s ]
INFO: [ view_filter ] --END-- [ RunTime:0.003099s ]
INFO: [ app_end ] --START--
INFO: Run Behavior\ShowPageTraceBehavior [ RunTime:0.003013s ]
INFO: [ app_end ] --END-- [ RunTime:0.003156s ]

[ 2019-04-06T23:40:03+08:00 ] 127.0.0.1 /
INFO: [ app_init ] --START--
INFO: Run Behavior\BuildLiteBehavior [ RunTime:0.000031s ]
INFO: [ app_init ] --END-- [ RunTime:0.001374s ]
INFO: [ app_begin ] --START--
INFO: Run Behavior\ReadHtmlCacheBehavior [ RunTime:0.002768s ]
INFO: [ app_begin ] --END-- [ RunTime:0.002955s ]
SQL: SHOW COLUMNS FROM `lanmu` [ RunTime:0.0224s ]
SQL: SELECT * FROM `lanmu`  [ RunTime:0.0010s ]
SQL: SHOW COLUMNS FROM `article` [ RunTime:0.0229s ]
SQL: SELECT *,article.id FROM `article` INNER JOIN ci on article.ciid = ci.id  ORDER BY article.id LIMIT 24   [ RunTime:0.0037s ]
SQL: SELECT *,article.id FROM `article` INNER JOIN ci on article.ciid = ci.id  WHERE ( topid = 1 ) ORDER BY article.id LIMIT 7   [ RunTime:0.0023s ]
SQL: SELECT *,article.id FROM `article` INNER JOIN ci on article.ciid = ci.id  WHERE ( topid = 2 ) ORDER BY article.id LIMIT 7   [ RunTime:0.0026s ]
SQL: SELECT *,article.id FROM `article` INNER JOIN ci on article.ciid = ci.id  WHERE ( topid = 3 ) ORDER BY article.id LIMIT 7   [ RunTime:0.0013s ]
SQL: SELECT *,article.id FROM `article` INNER JOIN ci on article.ciid = ci.id  WHERE ( topid = 4 ) ORDER BY article.id LIMIT 7   [ RunTime:0.0016s ]
SQL: SELECT *,article.id FROM `article` INNER JOIN ci on article.ciid = ci.id  WHERE ( topid = 5 ) ORDER BY article.id LIMIT 7   [ RunTime:0.0016s ]
SQL: SELECT *,article.id FROM `article` INNER JOIN ci on article.ciid = ci.id  WHERE ( topid = 6 ) ORDER BY article.id LIMIT 7   [ RunTime:0.0011s ]
SQL: SELECT *,article.id FROM `article` INNER JOIN ci on article.ciid = ci.id  WHERE ( topid = 7 ) ORDER BY article.id LIMIT 7   [ RunTime:0.0010s ]
SQL: SELECT *,article.id FROM `article` INNER JOIN ci on article.ciid = ci.id  WHERE ( topid = 8 ) ORDER BY article.id LIMIT 7   [ RunTime:0.0010s ]
SQL: SELECT *,article.id FROM `article` INNER JOIN ci on article.ciid = ci.id  WHERE ( topid = 9 ) ORDER BY article.id LIMIT 7   [ RunTime:0.0010s ]
INFO: [ view_parse ] --START--
INFO: [ template_filter ] --START--
INFO: Run Behavior\ContentReplaceBehavior [ RunTime:0.000318s ]
INFO: [ template_filter ] --END-- [ RunTime:0.000409s ]
NOTIC: [8] Undefined offset: 24 D:\phpStudy\PHPTutorial\WWW\Application\Runtime\Cache\Home\2a94b8bda04ff446dcedd42276fc99ee.php 第 108 行.
INFO: Run Behavior\ParseTemplateBehavior [ RunTime:0.034824s ]
INFO: [ view_parse ] --END-- [ RunTime:0.034925s ]
INFO: [ view_filter ] --START--
INFO: Run Behavior\WriteHtmlCacheBehavior [ RunTime:0.002099s ]
INFO: [ view_filter ] --END-- [ RunTime:0.002177s ]
INFO: [ app_end ] --START--
INFO: Run Behavior\ShowPageTraceBehavior [ RunTime:0.002543s ]
INFO: [ app_end ] --END-- [ RunTime:0.002702s ]

[ 2019-04-06T23:40:04+08:00 ] 127.0.0.1 /upload/img/ARQtHMoC1OKP.jpg
INFO: [ app_init ] --START--
INFO: Run Behavior\BuildLiteBehavior [ RunTime:0.000033s ]
INFO: [ app_init ] --END-- [ RunTime:0.001843s ]
INFO: [ app_begin ] --START--
INFO: Run Behavior\ReadHtmlCacheBehavior [ RunTime:0.002484s ]
INFO: [ app_begin ] --END-- [ RunTime:0.002610s ]
INFO: [ app_end ] --START--
INFO: Run Behavior\ShowPageTraceBehavior [ RunTime:0.003550s ]
INFO: [ app_end ] --END-- [ RunTime:0.003704s ]

[ 2019-04-06T23:40:04+08:00 ] 127.0.0.1 /upload/img/Zn1oAQCEVZR.jpg
INFO: [ app_init ] --START--
INFO: Run Behavior\BuildLiteBehavior [ RunTime:0.000039s ]
INFO: [ app_init ] --END-- [ RunTime:0.003247s ]
INFO: [ app_begin ] --START--
INFO: Run Behavior\ReadHtmlCacheBehavior [ RunTime:0.002892s ]
INFO: [ app_begin ] --END-- [ RunTime:0.003042s ]
INFO: [ app_end ] --START--
INFO: Run Behavior\ShowPageTraceBehavior [ RunTime:0.002672s ]
INFO: [ app_end ] --END-- [ RunTime:0.002807s ]

[ 2019-04-06T23:40:04+08:00 ] 127.0.0.1 /upload/img/5Ll7IFsYkc.jpg
INFO: [ app_init ] --START--
INFO: Run Behavior\BuildLiteBehavior [ RunTime:0.000723s ]
INFO: [ app_init ] --END-- [ RunTime:0.003515s ]
INFO: [ app_begin ] --START--
INFO: Run Behavior\ReadHtmlCacheBehavior [ RunTime:0.004115s ]
INFO: [ app_begin ] --END-- [ RunTime:0.004327s ]
INFO: [ app_end ] --START--
INFO: Run Behavior\ShowPageTraceBehavior [ RunTime:0.002773s ]
INFO: [ app_end ] --END-- [ RunTime:0.002916s ]

[ 2019-04-06T23:40:04+08:00 ] 127.0.0.1 /upload/img/3s61CKVrbNwoDWY.jpg
INFO: [ app_init ] --START--
INFO: Run Behavior\BuildLiteBehavior [ RunTime:0.000050s ]
INFO: [ app_init ] --END-- [ RunTime:0.003074s ]
INFO: [ app_begin ] --START--
INFO: Run Behavior\ReadHtmlCacheBehavior [ RunTime:0.002965s ]
INFO: [ app_begin ] --END-- [ RunTime:0.003092s ]
INFO: [ app_end ] --START--
INFO: Run Behavior\ShowPageTraceBehavior [ RunTime:0.003348s ]
INFO: [ app_end ] --END-- [ RunTime:0.003506s ]

[ 2019-04-06T23:40:04+08:00 ] 127.0.0.1 /upload/img/xP0ltkx2.jpg
INFO: [ app_init ] --START--
INFO: Run Behavior\BuildLiteBehavior [ RunTime:0.000049s ]
INFO: [ app_init ] --END-- [ RunTime:0.002344s ]
INFO: [ app_begin ] --START--
INFO: Run Behavior\ReadHtmlCacheBehavior [ RunTime:0.003649s ]
INFO: [ app_begin ] --END-- [ RunTime:0.003810s ]
INFO: [ app_end ] --START--
INFO: Run Behavior\ShowPageTraceBehavior [ RunTime:0.003273s ]
INFO: [ app_end ] --END-- [ RunTime:0.003447s ]

[ 2019-04-06T23:40:04+08:00 ] 127.0.0.1 /upload/img/tMTEfTys2KXN1h.jpg
INFO: [ app_init ] --START--
INFO: Run Behavior\BuildLiteBehavior [ RunTime:0.000032s ]
INFO: [ app_init ] --END-- [ RunTime:0.002191s ]
INFO: [ app_begin ] --START--
INFO: Run Behavior\ReadHtmlCacheBehavior [ RunTime:0.003018s ]
INFO: [ app_begin ] --END-- [ RunTime:0.003154s ]
INFO: [ app_end ] --START--
INFO: Run Behavior\ShowPageTraceBehavior [ RunTime:0.003400s ]
INFO: [ app_end ] --END-- [ RunTime:0.003560s ]

[ 2019-04-06T23:40:04+08:00 ] 127.0.0.1 /upload/img/Er6r9Q0SqH3oyRYP.jpg
INFO: [ app_init ] --START--
INFO: Run Behavior\BuildLiteBehavior [ RunTime:0.000027s ]
INFO: [ app_init ] --END-- [ RunTime:0.001322s ]
INFO: [ app_begin ] --START--
INFO: Run Behavior\ReadHtmlCacheBehavior [ RunTime:0.001665s ]
INFO: [ app_begin ] --END-- [ RunTime:0.001786s ]
INFO: [ app_end ] --START--
INFO: Run Behavior\ShowPageTraceBehavior [ RunTime:0.002096s ]
INFO: [ app_end ] --END-- [ RunTime:0.002215s ]

[ 2019-04-06T23:40:04+08:00 ] 127.0.0.1 /upload/img/zXo7wq5zUVUOUaK.jpg
INFO: [ app_init ] --START--
INFO: Run Behavior\BuildLiteBehavior [ RunTime:0.000025s ]
INFO: [ app_init ] --END-- [ RunTime:0.001325s ]
INFO: [ app_begin ] --START--
INFO: Run Behavior\ReadHtmlCacheBehavior [ RunTime:0.001796s ]
INFO: [ app_begin ] --END-- [ RunTime:0.001916s ]
INFO: [ app_end ] --START--
INFO: Run Behavior\ShowPageTraceBehavior [ RunTime:0.002583s ]
INFO: [ app_end ] --END-- [ RunTime:0.002728s ]

[ 2019-04-06T23:40:04+08:00 ] 127.0.0.1 /upload/img/wTDkpV3ltGt.jpg
INFO: [ app_init ] --START--
INFO: Run Behavior\BuildLiteBehavior [ RunTime:0.000040s ]
INFO: [ app_init ] --END-- [ RunTime:0.001436s ]
INFO: [ app_begin ] --START--
INFO: Run Behavior\ReadHtmlCacheBehavior [ RunTime:0.001686s ]
INFO: [ app_begin ] --END-- [ RunTime:0.001807s ]
INFO: [ app_end ] --START--
INFO: Run Behavior\ShowPageTraceBehavior [ RunTime:0.002061s ]
INFO: [ app_end ] --END-- [ RunTime:0.002192s ]

[ 2019-04-06T23:40:04+08:00 ] 127.0.0.1 /upload/img/qAKM8Ta7W9D4Cm.jpg
INFO: [ app_init ] --START--
INFO: Run Behavior\BuildLiteBehavior [ RunTime:0.000029s ]
INFO: [ app_init ] --END-- [ RunTime:0.001451s ]
INFO: [ app_begin ] --START--
INFO: Run Behavior\ReadHtmlCacheBehavior [ RunTime:0.003740s ]
INFO: [ app_begin ] --END-- [ RunTime:0.003946s ]
INFO: [ app_end ] --START--
INFO: Run Behavior\ShowPageTraceBehavior [ RunTime:0.004418s ]
INFO: [ app_end ] --END-- [ RunTime:0.004576s ]

[ 2019-04-06T23:40:04+08:00 ] 127.0.0.1 /upload/img/tXTzwbPQGM.jpg
INFO: [ app_init ] --START--
INFO: Run Behavior\BuildLiteBehavior [ RunTime:0.000026s ]
INFO: [ app_init ] --END-- [ RunTime:0.001245s ]
INFO: [ app_begin ] --START--
INFO: Run Behavior\ReadHtmlCacheBehavior [ RunTime:0.002219s ]
INFO: [ app_begin ] --END-- [ RunTime:0.002353s ]
INFO: [ app_end ] --START--
INFO: Run Behavior\ShowPageTraceBehavior [ RunTime:0.002057s ]
INFO: [ app_end ] --END-- [ RunTime:0.002180s ]

[ 2019-04-06T23:40:24+08:00 ] 127.0.0.1 /page-66975.html
INFO: [ app_init ] --START--
INFO: Run Behavior\BuildLiteBehavior [ RunTime:0.000025s ]
INFO: [ app_init ] --END-- [ RunTime:0.001433s ]
INFO: [ app_begin ] --START--
INFO: Run Behavior\ReadHtmlCacheBehavior [ RunTime:0.001877s ]
INFO: [ app_begin ] --END-- [ RunTime:0.001981s ]
SQL: SHOW COLUMNS FROM `lanmu` [ RunTime:0.0708s ]
SQL: SELECT * FROM `lanmu`  [ RunTime:0.0007s ]
SQL: SHOW COLUMNS FROM `article` [ RunTime:0.0208s ]
SQL: SELECT *,lanmu.id as lid FROM `article` INNER JOIN ci on ci.id = article.ciid INNER JOIN lanmu on lanmu.id = article.topid  WHERE ( article.id=66975 ) LIMIT 1   [ RunTime:0.0020s ]
SQL: SELECT article.id,ci.tagname,article.img FROM `article` INNER JOIN ci on article.ciid = ci.id  WHERE ( article.id = 68604 ) LIMIT 1   [ RunTime:0.0021s ]
SQL: SELECT article.id,ci.tagname,article.img FROM `article` INNER JOIN ci on article.ciid = ci.id  WHERE ( article.id = 70635 ) LIMIT 1   [ RunTime:0.0020s ]
SQL: SELECT article.id,ci.tagname,article.img FROM `article` INNER JOIN ci on article.ciid = ci.id  WHERE ( article.id = 70596 ) LIMIT 1   [ RunTime:0.0009s ]
SQL: SELECT article.id,ci.tagname,article.img FROM `article` INNER JOIN ci on article.ciid = ci.id  WHERE ( article.id = 71656 ) LIMIT 1   [ RunTime:0.0012s ]
SQL: SELECT article.id,ci.tagname,article.img FROM `article` INNER JOIN ci on article.ciid = ci.id  WHERE ( article.id = 67712 ) LIMIT 1   [ RunTime:0.0022s ]
SQL: SELECT article.id,ci.tagname,article.img FROM `article` INNER JOIN ci on article.ciid = ci.id  WHERE ( article.id = 67499 ) LIMIT 1   [ RunTime:0.0012s ]
SQL: SELECT article.id,ci.tagname FROM `article` INNER JOIN ci on article.ciid = ci.id  WHERE ( article.id = 71653 ) LIMIT 1   [ RunTime:0.0010s ]
SQL: SELECT article.id,ci.tagname FROM `article` INNER JOIN ci on article.ciid = ci.id  WHERE ( article.id = 68379 ) LIMIT 1   [ RunTime:0.0012s ]
SQL: SELECT article.id,ci.tagname FROM `article` INNER JOIN ci on article.ciid = ci.id  WHERE ( article.id = 70835 ) LIMIT 1   [ RunTime:0.0019s ]
SQL: SELECT article.id,ci.tagname FROM `article` INNER JOIN ci on article.ciid = ci.id  WHERE ( article.id = 71854 ) LIMIT 1   [ RunTime:0.0011s ]
SQL: SELECT article.id,ci.tagname FROM `article` INNER JOIN ci on article.ciid = ci.id  WHERE ( article.id = 69145 ) LIMIT 1   [ RunTime:0.0004s ]
SQL: SELECT article.id,ci.tagname FROM `article` INNER JOIN ci on article.ciid = ci.id  WHERE ( article.id = 71577 ) LIMIT 1   [ RunTime:0.0008s ]
SQL: SELECT article.id,ci.tagname FROM `article` INNER JOIN ci on ci.id = article.ciid  ORDER BY article.id desc LIMIT 10   [ RunTime:0.0026s ]
SQL: SELECT article.id,ci.tagname,article.img FROM `article` INNER JOIN ci on ci.id = article.ciid  ORDER BY article.id LIMIT 6   [ RunTime:0.0009s ]
SQL: SELECT article.id,ci.tagname FROM `article` INNER JOIN ci on ci.id = article.ciid  ORDER BY ci.id desc LIMIT 10   [ RunTime:0.0414s ]
SQL: SELECT article.id,ci.tagname FROM `article` INNER JOIN ci on ci.id = article.ciid  WHERE ( article.id>66975 ) LIMIT 1   [ RunTime:0.0025s ]
INFO: [ view_parse ] --START--
INFO: [ template_filter ] --START--
INFO: Run Behavior\ContentReplaceBehavior [ RunTime:0.000263s ]
INFO: [ template_filter ] --END-- [ RunTime:0.000382s ]
INFO: Run Behavior\ParseTemplateBehavior [ RunTime:0.043208s ]
INFO: [ view_parse ] --END-- [ RunTime:0.043402s ]
INFO: [ view_filter ] --START--
INFO: Run Behavior\WriteHtmlCacheBehavior [ RunTime:0.004719s ]
INFO: [ view_filter ] --END-- [ RunTime:0.004835s ]
INFO: [ app_end ] --START--
INFO: Run Behavior\ShowPageTraceBehavior [ RunTime:0.003753s ]
INFO: [ app_end ] --END-- [ RunTime:0.003926s ]

[ 2019-04-06T23:40:24+08:00 ] 127.0.0.1 /upload/img/qAKM8Ta7W9D4Cm.jpg
INFO: [ app_init ] --START--
INFO: Run Behavior\BuildLiteBehavior [ RunTime:0.000038s ]
INFO: [ app_init ] --END-- [ RunTime:0.004191s ]
INFO: [ app_begin ] --START--
INFO: Run Behavior\ReadHtmlCacheBehavior [ RunTime:0.002861s ]
INFO: [ app_begin ] --END-- [ RunTime:0.002968s ]
INFO: [ app_end ] --START--
INFO: Run Behavior\ShowPageTraceBehavior [ RunTime:0.004156s ]
INFO: [ app_end ] --END-- [ RunTime:0.004372s ]

[ 2019-04-06T23:40:24+08:00 ] 127.0.0.1 /upload/img/Ywif9MNeGQ8AWwAb.jpg
INFO: [ app_init ] --START--
INFO: Run Behavior\BuildLiteBehavior [ RunTime:0.000110s ]
INFO: [ app_init ] --END-- [ RunTime:0.003144s ]
INFO: [ app_begin ] --START--
INFO: Run Behavior\ReadHtmlCacheBehavior [ RunTime:0.002692s ]
INFO: [ app_begin ] --END-- [ RunTime:0.002829s ]
INFO: [ app_end ] --START--
INFO: Run Behavior\ShowPageTraceBehavior [ RunTime:0.002725s ]
INFO: [ app_end ] --END-- [ RunTime:0.002882s ]

[ 2019-04-06T23:40:24+08:00 ] 127.0.0.1 /upload/img/eEfcn6p7.jpg
INFO: [ app_init ] --START--
INFO: Run Behavior\BuildLiteBehavior [ RunTime:0.000039s ]
INFO: [ app_init ] --END-- [ RunTime:0.002084s ]
INFO: [ app_begin ] --START--
INFO: Run Behavior\ReadHtmlCacheBehavior [ RunTime:0.006185s ]
INFO: [ app_begin ] --END-- [ RunTime:0.006338s ]
INFO: [ app_end ] --START--
INFO: Run Behavior\ShowPageTraceBehavior [ RunTime:0.002716s ]
INFO: [ app_end ] --END-- [ RunTime:0.002864s ]

[ 2019-04-06T23:40:24+08:00 ] 127.0.0.1 /upload/img/ysjf3jZQ2.jpg
INFO: [ app_init ] --START--
INFO: Run Behavior\BuildLiteBehavior [ RunTime:0.000036s ]
INFO: [ app_init ] --END-- [ RunTime:0.006321s ]
INFO: [ app_begin ] --START--
INFO: Run Behavior\ReadHtmlCacheBehavior [ RunTime:0.004756s ]
INFO: [ app_begin ] --END-- [ RunTime:0.004904s ]
INFO: [ app_end ] --START--
INFO: Run Behavior\ShowPageTraceBehavior [ RunTime:0.001911s ]
INFO: [ app_end ] --END-- [ RunTime:0.002052s ]

[ 2019-04-06T23:40:24+08:00 ] 127.0.0.1 /upload/img/2fkNVIsQSMDuvD.jpg
INFO: [ app_init ] --START--
INFO: Run Behavior\BuildLiteBehavior [ RunTime:0.000040s ]
INFO: [ app_init ] --END-- [ RunTime:0.007237s ]
INFO: [ app_begin ] --START--
INFO: Run Behavior\ReadHtmlCacheBehavior [ RunTime:0.002357s ]
INFO: [ app_begin ] --END-- [ RunTime:0.002485s ]
INFO: [ app_end ] --START--
INFO: Run Behavior\ShowPageTraceBehavior [ RunTime:0.002801s ]
INFO: [ app_end ] --END-- [ RunTime:0.003055s ]

[ 2019-04-06T23:40:24+08:00 ] 127.0.0.1 /upload/img/Ufflz57ZNE8P.jpg
INFO: [ app_init ] --START--
INFO: Run Behavior\BuildLiteBehavior [ RunTime:0.000051s ]
INFO: [ app_init ] --END-- [ RunTime:0.001956s ]
INFO: [ app_begin ] --START--
INFO: Run Behavior\ReadHtmlCacheBehavior [ RunTime:0.003679s ]
INFO: [ app_begin ] --END-- [ RunTime:0.003822s ]
INFO: [ app_end ] --START--
INFO: Run Behavior\ShowPageTraceBehavior [ RunTime:0.001935s ]
INFO: [ app_end ] --END-- [ RunTime:0.002061s ]

[ 2019-04-06T23:40:24+08:00 ] 127.0.0.1 /upload/img/zeOH1fLkUjnvo.jpg
INFO: [ app_init ] --START--
INFO: Run Behavior\BuildLiteBehavior [ RunTime:0.000030s ]
INFO: [ app_init ] --END-- [ RunTime:0.001420s ]
INFO: [ app_begin ] --START--
INFO: Run Behavior\ReadHtmlCacheBehavior [ RunTime:0.002853s ]
INFO: [ app_begin ] --END-- [ RunTime:0.003055s ]
INFO: [ app_end ] --START--
INFO: Run Behavior\ShowPageTraceBehavior [ RunTime:0.003007s ]
INFO: [ app_end ] --END-- [ RunTime:0.003218s ]

[ 2019-04-06T23:40:24+08:00 ] 127.0.0.1 /upload/img/Er6r9Q0SqH3oyRYP.jpg
INFO: [ app_init ] --START--
INFO: Run Behavior\BuildLiteBehavior [ RunTime:0.000047s ]
INFO: [ app_init ] --END-- [ RunTime:0.002606s ]
INFO: [ app_begin ] --START--
INFO: Run Behavior\ReadHtmlCacheBehavior [ RunTime:0.002432s ]
INFO: [ app_begin ] --END-- [ RunTime:0.002580s ]
INFO: [ app_end ] --START--
INFO: Run Behavior\ShowPageTraceBehavior [ RunTime:0.002263s ]
INFO: [ app_end ] --END-- [ RunTime:0.002399s ]

[ 2019-04-06T23:40:24+08:00 ] 127.0.0.1 /upload/img/ARQtHMoC1OKP.jpg
INFO: [ app_init ] --START--
INFO: Run Behavior\BuildLiteBehavior [ RunTime:0.000031s ]
INFO: [ app_init ] --END-- [ RunTime:0.001641s ]
INFO: [ app_begin ] --START--
INFO: Run Behavior\ReadHtmlCacheBehavior [ RunTime:0.001784s ]
INFO: [ app_begin ] --END-- [ RunTime:0.001910s ]
INFO: [ app_end ] --START--
INFO: Run Behavior\ShowPageTraceBehavior [ RunTime:0.003135s ]
INFO: [ app_end ] --END-- [ RunTime:0.003498s ]

[ 2019-04-06T23:40:24+08:00 ] 127.0.0.1 /upload/img/5Ll7IFsYkc.jpg
INFO: [ app_init ] --START--
INFO: Run Behavior\BuildLiteBehavior [ RunTime:0.000036s ]
INFO: [ app_init ] --END-- [ RunTime:0.001815s ]
INFO: [ app_begin ] --START--
INFO: Run Behavior\ReadHtmlCacheBehavior [ RunTime:0.002041s ]
INFO: [ app_begin ] --END-- [ RunTime:0.002227s ]
INFO: [ app_end ] --START--
INFO: Run Behavior\ShowPageTraceBehavior [ RunTime:0.003574s ]
INFO: [ app_end ] --END-- [ RunTime:0.003777s ]

[ 2019-04-06T23:40:25+08:00 ] 127.0.0.1 /upload/img/Zn1oAQCEVZR.jpg
INFO: [ app_init ] --START--
INFO: Run Behavior\BuildLiteBehavior [ RunTime:0.000035s ]
INFO: [ app_init ] --END-- [ RunTime:0.002132s ]
INFO: [ app_begin ] --START--
INFO: Run Behavior\ReadHtmlCacheBehavior [ RunTime:0.002348s ]
INFO: [ app_begin ] --END-- [ RunTime:0.002491s ]
INFO: [ app_end ] --START--
INFO: Run Behavior\ShowPageTraceBehavior [ RunTime:0.002042s ]
INFO: [ app_end ] --END-- [ RunTime:0.002178s ]

[ 2019-04-06T23:40:25+08:00 ] 127.0.0.1 /upload/img/xP0ltkx2.jpg
INFO: [ app_init ] --START--
INFO: Run Behavior\BuildLiteBehavior [ RunTime:0.000051s ]
INFO: [ app_init ] --END-- [ RunTime:0.001873s ]
INFO: [ app_begin ] --START--
INFO: Run Behavior\ReadHtmlCacheBehavior [ RunTime:0.001785s ]
INFO: [ app_begin ] --END-- [ RunTime:0.001894s ]
INFO: [ app_end ] --START--
INFO: Run Behavior\ShowPageTraceBehavior [ RunTime:0.001890s ]
INFO: [ app_end ] --END-- [ RunTime:0.002004s ]

