[ 2019-04-04T09:14:15+08:00 ] 127.0.0.1 /uploads/allimg/190120/1-1Z120130010-lp.jpg
INFO: [ app_init ] --START--
INFO: Run Behavior\BuildLiteBehavior [ RunTime:0.000019s ]
INFO: [ app_init ] --END-- [ RunTime:0.000608s ]
ERR: 无法加载模块:Uploads

[ 2019-04-04T09:14:15+08:00 ] 127.0.0.1 /uploads/allimg/190120/1-1Z1201UJ8-lp.jpg
INFO: [ app_init ] --START--
INFO: Run Behavior\BuildLiteBehavior [ RunTime:0.000020s ]
INFO: [ app_init ] --END-- [ RunTime:0.000861s ]
ERR: 无法加载模块:Uploads

[ 2019-04-04T09:14:15+08:00 ] 127.0.0.1 /uploads/allimg/190120/1-1Z120192358-lp.jpg
INFO: [ app_init ] --START--
INFO: Run Behavior\BuildLiteBehavior [ RunTime:0.000019s ]
INFO: [ app_init ] --END-- [ RunTime:0.000899s ]
ERR: 无法加载模块:Uploads

[ 2019-04-04T09:14:15+08:00 ] 127.0.0.1 /uploads/allimg/190120/1-1Z120133040-lp.jpg
INFO: [ app_init ] --START--
INFO: Run Behavior\BuildLiteBehavior [ RunTime:0.000022s ]
INFO: [ app_init ] --END-- [ RunTime:0.000696s ]
ERR: 无法加载模块:Uploads

[ 2019-04-04T09:14:15+08:00 ] 127.0.0.1 /uploads/allimg/190120/1-1Z1201U355-lp.jpg
INFO: [ app_init ] --START--
INFO: Run Behavior\BuildLiteBehavior [ RunTime:0.000021s ]
INFO: [ app_init ] --END-- [ RunTime:0.000762s ]
ERR: 无法加载模块:Uploads


[ 2019-04-04T09:14:15+08:00 ] 127.0.0.1 /uploads/allimg/190120/1-1Z1201TZ4-lp.jpg
INFO: [ app_init ] --START--
INFO: Run Behavior\BuildLiteBehavior [ RunTime:0.000019s ]
INFO: [ app_init ] --END-- [ RunTime:0.000610s ]
ERR: 无法加载模块:Uploads

[ 2019-04-04T09:14:15+08:00 ] 127.0.0.1 /templates/images/pic1_mubanzhijia_com.gif
INFO: [ app_init ] --START--
INFO: Run Behavior\BuildLiteBehavior [ RunTime:0.000019s ]
INFO: [ app_init ] --END-- [ RunTime:0.000574s ]
ERR: 无法加载模块:Templates

[ 2019-04-04T09:14:15+08:00 ] 127.0.0.1 /templates/images/pic2_mubanzhijia_com.gif
INFO: [ app_init ] --START--
INFO: Run Behavior\BuildLiteBehavior [ RunTime:0.000015s ]
INFO: [ app_init ] --END-- [ RunTime:0.000503s ]
ERR: 无法加载模块:Templates

[ 2019-04-04T09:14:15+08:00 ] 127.0.0.1 /uploads/allimg/190120/1-1Z120192T2-lp.jpg
INFO: [ app_init ] --START--
INFO: Run Behavior\BuildLiteBehavior [ RunTime:0.000025s ]
INFO: [ app_init ] --END-- [ RunTime:0.000788s ]
ERR: 无法加载模块:Uploads

[ 2019-04-04T09:16:06+08:00 ] ::1 /favicon.ico
INFO: [ app_init ] --START--
INFO: Run Behavior\BuildLiteBehavior [ RunTime:0.000016s ]
INFO: [ app_init ] --END-- [ RunTime:0.000568s ]
ERR: 无法加载模块:Favicon

[ 2019-04-04T09:16:06+08:00 ] ::1 /phpMyAdmin/
INFO: [ app_init ] --START--
INFO: Run Behavior\BuildLiteBehavior [ RunTime:0.000016s ]
INFO: [ app_init ] --END-- [ RunTime:0.000464s ]
ERR: 无法加载模块:PhpMyAdmin

[ 2019-04-04T09:32:45+08:00 ] 127.0.0.1 /uploads/allimg/190120/1-1Z120133040-lp.jpg
INFO: [ app_init ] --START--
INFO: Run Behavior\BuildLiteBehavior [ RunTime:0.000024s ]
INFO: [ app_init ] --END-- [ RunTime:0.000761s ]
ERR: 无法加载模块:Uploads

[ 2019-04-04T09:32:45+08:00 ] 127.0.0.1 /uploads/allimg/190120/1-1Z120192358-lp.jpg
INFO: [ app_init ] --START--
INFO: Run Behavior\BuildLiteBehavior [ RunTime:0.000022s ]
INFO: [ app_init ] --END-- [ RunTime:0.001620s ]
ERR: 无法加载模块:Uploads

[ 2019-04-04T09:32:45+08:00 ] 127.0.0.1 /uploads/allimg/190120/1-1Z1201UJ8-lp.jpg
INFO: [ app_init ] --START--
INFO: Run Behavior\BuildLiteBehavior [ RunTime:0.000017s ]
INFO: [ app_init ] --END-- [ RunTime:0.000707s ]
ERR: 无法加载模块:Uploads

[ 2019-04-04T09:32:45+08:00 ] 127.0.0.1 /list-.html
INFO: [ app_init ] --START--
INFO: Run Behavior\BuildLiteBehavior [ RunTime:0.000029s ]
INFO: [ app_init ] --END-- [ RunTime:0.001143s ]
ERR: 无法加载模块:List-

[ 2019-04-04T09:32:45+08:00 ] 127.0.0.1 /uploads/allimg/190120/1-1Z120132401-lp.jpg
INFO: [ app_init ] --START--
INFO: Run Behavior\BuildLiteBehavior [ RunTime:0.000031s ]
INFO: [ app_init ] --END-- [ RunTime:0.001100s ]
ERR: 无法加载模块:Uploads

[ 2019-04-04T09:32:45+08:00 ] 127.0.0.1 /templates/images/pic1_mubanzhijia_com.gif
INFO: [ app_init ] --START--
INFO: Run Behavior\BuildLiteBehavior [ RunTime:0.000021s ]
INFO: [ app_init ] --END-- [ RunTime:0.000811s ]
ERR: 无法加载模块:Templates

[ 2019-04-04T09:32:45+08:00 ] 127.0.0.1 /uploads/allimg/190120/1-1Z1201U355-lp.jpg
INFO: [ app_init ] --START--
INFO: Run Behavior\BuildLiteBehavior [ RunTime:0.000071s ]
INFO: [ app_init ] --END-- [ RunTime:0.001169s ]
ERR: 无法加载模块:Uploads

[ 2019-04-04T09:32:45+08:00 ] 127.0.0.1 /uploads/allimg/190120/1-1Z1201TZ4-lp.jpg
INFO: [ app_init ] --START--
INFO: Run Behavior\BuildLiteBehavior [ RunTime:0.000025s ]
INFO: [ app_init ] --END-- [ RunTime:0.000889s ]
ERR: 无法加载模块:Uploads

[ 2019-04-04T09:32:45+08:00 ] 127.0.0.1 /uploads/allimg/190120/1-1Z120192T2-lp.jpg
INFO: [ app_init ] --START--
INFO: Run Behavior\BuildLiteBehavior [ RunTime:0.000019s ]
INFO: [ app_init ] --END-- [ RunTime:0.000573s ]
ERR: 无法加载模块:Uploads

[ 2019-04-04T09:32:45+08:00 ] 127.0.0.1 /templates/images/pic2_mubanzhijia_com.gif
INFO: [ app_init ] --START--
INFO: Run Behavior\BuildLiteBehavior [ RunTime:0.000038s ]
INFO: [ app_init ] --END-- [ RunTime:0.001182s ]
ERR: 无法加载模块:Templates

[ 2019-04-04T09:33:18+08:00 ] 127.0.0.1 /list-.html
INFO: [ app_init ] --START--
INFO: Run Behavior\BuildLiteBehavior [ RunTime:0.000018s ]
INFO: [ app_init ] --END-- [ RunTime:0.000634s ]
ERR: 无法加载模块:List-

[ 2019-04-04T09:33:18+08:00 ] 127.0.0.1 /uploads/allimg/190120/1-1Z1201U355-lp.jpg
INFO: [ app_init ] --START--
INFO: Run Behavior\BuildLiteBehavior [ RunTime:0.000021s ]
INFO: [ app_init ] --END-- [ RunTime:0.000758s ]
ERR: 无法加载模块:Uploads

[ 2019-04-04T09:33:18+08:00 ] 127.0.0.1 /uploads/allimg/190120/1-1Z1201UJ8-lp.jpg
INFO: [ app_init ] --START--
INFO: Run Behavior\BuildLiteBehavior [ RunTime:0.000024s ]
INFO: [ app_init ] --END-- [ RunTime:0.001314s ]
ERR: 无法加载模块:Uploads

[ 2019-04-04T09:33:18+08:00 ] 127.0.0.1 /uploads/allimg/190120/1-1Z120132401-lp.jpg
INFO: [ app_init ] --START--
INFO: Run Behavior\BuildLiteBehavior [ RunTime:0.000026s ]
INFO: [ app_init ] --END-- [ RunTime:0.000786s ]
ERR: 无法加载模块:Uploads

[ 2019-04-04T09:33:18+08:00 ] 127.0.0.1 /uploads/allimg/190120/1-1Z120192358-lp.jpg
INFO: [ app_init ] --START--
INFO: Run Behavior\BuildLiteBehavior [ RunTime:0.000020s ]
INFO: [ app_init ] --END-- [ RunTime:0.000633s ]
ERR: 无法加载模块:Uploads

[ 2019-04-04T09:33:18+08:00 ] 127.0.0.1 /uploads/allimg/190120/1-1Z120133040-lp.jpg
INFO: [ app_init ] --START--
INFO: Run Behavior\BuildLiteBehavior [ RunTime:0.000025s ]
INFO: [ app_init ] --END-- [ RunTime:0.003280s ]
ERR: 无法加载模块:Uploads

[ 2019-04-04T09:33:18+08:00 ] 127.0.0.1 /templates/images/pic1_mubanzhijia_com.gif
INFO: [ app_init ] --START--
INFO: Run Behavior\BuildLiteBehavior [ RunTime:0.000023s ]
INFO: [ app_init ] --END-- [ RunTime:0.000654s ]
ERR: 无法加载模块:Templates

[ 2019-04-04T09:33:18+08:00 ] 127.0.0.1 /templates/images/pic2_mubanzhijia_com.gif
INFO: [ app_init ] --START--
INFO: Run Behavior\BuildLiteBehavior [ RunTime:0.000018s ]
INFO: [ app_init ] --END-- [ RunTime:0.000561s ]
ERR: 无法加载模块:Templates

[ 2019-04-04T09:33:18+08:00 ] 127.0.0.1 /uploads/allimg/190120/1-1Z120192T2-lp.jpg
INFO: [ app_init ] --START--
INFO: Run Behavior\BuildLiteBehavior [ RunTime:0.000024s ]
INFO: [ app_init ] --END-- [ RunTime:0.000643s ]
ERR: 无法加载模块:Uploads

[ 2019-04-04T09:33:18+08:00 ] 127.0.0.1 /uploads/allimg/190120/1-1Z1201TZ4-lp.jpg
INFO: [ app_init ] --START--
INFO: Run Behavior\BuildLiteBehavior [ RunTime:0.000025s ]
INFO: [ app_init ] --END-- [ RunTime:0.000784s ]
ERR: 无法加载模块:Uploads

[ 2019-04-04T09:47:11+08:00 ] 127.0.0.1 /list-.html
INFO: [ app_init ] --START--
INFO: Run Behavior\BuildLiteBehavior [ RunTime:0.000027s ]
INFO: [ app_init ] --END-- [ RunTime:0.000508s ]
ERR: 无法加载模块:List-

[ 2019-04-04T09:47:11+08:00 ] 127.0.0.1 /templates/images/pic2_mubanzhijia_com.gif
INFO: [ app_init ] --START--
INFO: Run Behavior\BuildLiteBehavior [ RunTime:0.000020s ]
INFO: [ app_init ] --END-- [ RunTime:0.000726s ]
ERR: 无法加载模块:Templates

[ 2019-04-04T09:47:11+08:00 ] 127.0.0.1 /templates/images/pic1_mubanzhijia_com.gif
INFO: [ app_init ] --START--
INFO: Run Behavior\BuildLiteBehavior [ RunTime:0.000026s ]
INFO: [ app_init ] --END-- [ RunTime:0.000672s ]
ERR: 无法加载模块:Templates

[ 2019-04-04T09:55:21+08:00 ] 127.0.0.1 /list-.html
INFO: [ app_init ] --START--
INFO: Run Behavior\BuildLiteBehavior [ RunTime:0.000042s ]
INFO: [ app_init ] --END-- [ RunTime:0.001253s ]
ERR: 无法加载模块:List-

[ 2019-04-04T09:55:21+08:00 ] 127.0.0.1 /templates/images/pic1_mubanzhijia_com.gif
INFO: [ app_init ] --START--
INFO: Run Behavior\BuildLiteBehavior [ RunTime:0.000045s ]
INFO: [ app_init ] --END-- [ RunTime:0.000912s ]
ERR: 无法加载模块:Templates

[ 2019-04-04T09:55:21+08:00 ] 127.0.0.1 /templates/images/pic2_mubanzhijia_com.gif
INFO: [ app_init ] --START--
INFO: Run Behavior\BuildLiteBehavior [ RunTime:0.000033s ]
INFO: [ app_init ] --END-- [ RunTime:0.001355s ]
ERR: 无法加载模块:Templates

[ 2019-04-04T10:04:52+08:00 ] 127.0.0.1 /templates/images/pic1_mubanzhijia_com.gif
INFO: [ app_init ] --START--
INFO: Run Behavior\BuildLiteBehavior [ RunTime:0.000024s ]
INFO: [ app_init ] --END-- [ RunTime:0.000801s ]
ERR: 无法加载模块:Templates

[ 2019-04-04T10:04:52+08:00 ] 127.0.0.1 /list-.html
INFO: [ app_init ] --START--
INFO: Run Behavior\BuildLiteBehavior [ RunTime:0.000035s ]
INFO: [ app_init ] --END-- [ RunTime:0.001021s ]
ERR: 无法加载模块:List-

[ 2019-04-04T10:04:52+08:00 ] 127.0.0.1 /templates/images/pic2_mubanzhijia_com.gif
INFO: [ app_init ] --START--
INFO: Run Behavior\BuildLiteBehavior [ RunTime:0.000023s ]
INFO: [ app_init ] --END-- [ RunTime:0.000902s ]
ERR: 无法加载模块:Templates

[ 2019-04-04T10:04:52+08:00 ] 127.0.0.1 /Public/images/bcastr3.swf
INFO: [ app_init ] --START--
INFO: Run Behavior\BuildLiteBehavior [ RunTime:0.000015s ]
INFO: [ app_init ] --END-- [ RunTime:0.000482s ]
ERR: 无法加载模块:Public

[ 2019-04-04T10:05:00+08:00 ] 127.0.0.1 /templates/images/pic1_mubanzhijia_com.gif
INFO: [ app_init ] --START--
INFO: Run Behavior\BuildLiteBehavior [ RunTime:0.000015s ]
INFO: [ app_init ] --END-- [ RunTime:0.000470s ]
ERR: 无法加载模块:Templates

[ 2019-04-04T11:11:23+08:00 ] 127.0.0.1 /upload/img/5Ll7IFsYkc.jpg
INFO: [ app_init ] --START--
INFO: Run Behavior\BuildLiteBehavior [ RunTime:0.000042s ]
INFO: [ app_init ] --END-- [ RunTime:0.000859s ]
ERR: 无法加载模块:Upload

[ 2019-04-04T11:11:23+08:00 ] 127.0.0.1 /upload/img/ARQtHMoC1OKP.jpg
INFO: [ app_init ] --START--
INFO: Run Behavior\BuildLiteBehavior [ RunTime:0.000028s ]
INFO: [ app_init ] --END-- [ RunTime:0.000969s ]
ERR: 无法加载模块:Upload

[ 2019-04-04T11:11:23+08:00 ] 127.0.0.1 /upload/img/tMTEfTys2KXN1h.jpg
INFO: [ app_init ] --START--
INFO: Run Behavior\BuildLiteBehavior [ RunTime:0.000028s ]
INFO: [ app_init ] --END-- [ RunTime:0.001369s ]
ERR: 无法加载模块:Upload

[ 2019-04-04T11:11:23+08:00 ] 127.0.0.1 /upload/img/3s61CKVrbNwoDWY.jpg
INFO: [ app_init ] --START--
INFO: Run Behavior\BuildLiteBehavior [ RunTime:0.000026s ]
INFO: [ app_init ] --END-- [ RunTime:0.000926s ]
ERR: 无法加载模块:Upload

[ 2019-04-04T11:11:23+08:00 ] 127.0.0.1 /upload/img/Zn1oAQCEVZR.jpg
INFO: [ app_init ] --START--
INFO: Run Behavior\BuildLiteBehavior [ RunTime:0.000024s ]
INFO: [ app_init ] --END-- [ RunTime:0.001059s ]
ERR: 无法加载模块:Upload

[ 2019-04-04T11:11:23+08:00 ] 127.0.0.1 /list-upload/img/xP0ltkx2.jpg.html
INFO: [ app_init ] --START--
INFO: Run Behavior\BuildLiteBehavior [ RunTime:0.000018s ]
INFO: [ app_init ] --END-- [ RunTime:0.000579s ]
ERR: 无法加载模块:List-upload

[ 2019-04-04T11:11:23+08:00 ] 127.0.0.1 /list-upload/img/Er6r9Q0SqH3oyRYP.jpg.html
INFO: [ app_init ] --START--
INFO: Run Behavior\BuildLiteBehavior [ RunTime:0.000022s ]
INFO: [ app_init ] --END-- [ RunTime:0.000891s ]
ERR: 无法加载模块:List-upload

[ 2019-04-04T11:11:23+08:00 ] 127.0.0.1 /list-upload/img/5Ll7IFsYkc.jpg.html
INFO: [ app_init ] --START--
INFO: Run Behavior\BuildLiteBehavior [ RunTime:0.000019s ]
INFO: [ app_init ] --END-- [ RunTime:0.000604s ]
ERR: 无法加载模块:List-upload

[ 2019-04-04T11:11:23+08:00 ] 127.0.0.1 /list-upload/img/wTDkpV3ltGt.jpg.html
INFO: [ app_init ] --START--
INFO: Run Behavior\BuildLiteBehavior [ RunTime:0.000024s ]
INFO: [ app_init ] --END-- [ RunTime:0.000716s ]
ERR: 无法加载模块:List-upload

[ 2019-04-04T11:11:23+08:00 ] 127.0.0.1 /list-upload/img/zXo7wq5zUVUOUaK.jpg.html
INFO: [ app_init ] --START--
INFO: Run Behavior\BuildLiteBehavior [ RunTime:0.000020s ]
INFO: [ app_init ] --END-- [ RunTime:0.000861s ]
ERR: 无法加载模块:List-upload

[ 2019-04-04T11:11:23+08:00 ] 127.0.0.1 /list-upload/img/qAKM8Ta7W9D4Cm.jpg.html
INFO: [ app_init ] --START--
INFO: Run Behavior\BuildLiteBehavior [ RunTime:0.000017s ]
INFO: [ app_init ] --END-- [ RunTime:0.000533s ]
ERR: 无法加载模块:List-upload

[ 2019-04-04T11:11:23+08:00 ] 127.0.0.1 /list-upload/img/Zn1oAQCEVZR.jpg.html
INFO: [ app_init ] --START--
INFO: Run Behavior\BuildLiteBehavior [ RunTime:0.000021s ]
INFO: [ app_init ] --END-- [ RunTime:0.000624s ]
ERR: 无法加载模块:List-upload

[ 2019-04-04T11:11:23+08:00 ] 127.0.0.1 /templates/images/pic1_mubanzhijia_com.gif
INFO: [ app_init ] --START--
INFO: Run Behavior\BuildLiteBehavior [ RunTime:0.000025s ]
INFO: [ app_init ] --END-- [ RunTime:0.000772s ]
ERR: 无法加载模块:Templates

[ 2019-04-04T11:11:23+08:00 ] 127.0.0.1 /templates/images/pic2_mubanzhijia_com.gif
INFO: [ app_init ] --START--
INFO: Run Behavior\BuildLiteBehavior [ RunTime:0.000032s ]
INFO: [ app_init ] --END-- [ RunTime:0.001839s ]
ERR: 无法加载模块:Templates

[ 2019-04-04T11:11:23+08:00 ] 127.0.0.1 /list-upload/img/tXTzwbPQGM.jpg.html
INFO: [ app_init ] --START--
INFO: Run Behavior\BuildLiteBehavior [ RunTime:0.000024s ]
INFO: [ app_init ] --END-- [ RunTime:0.000743s ]
ERR: 无法加载模块:List-upload

[ 2019-04-04T11:11:24+08:00 ] 127.0.0.1 /templates/images/pic1_mubanzhijia_com.gif
INFO: [ app_init ] --START--
INFO: Run Behavior\BuildLiteBehavior [ RunTime:0.000023s ]
INFO: [ app_init ] --END-- [ RunTime:0.000644s ]
ERR: 无法加载模块:Templates

[ 2019-04-04T11:18:01+08:00 ] 127.0.0.1 /upload/img/ARQtHMoC1OKP.jpg
INFO: [ app_init ] --START--
INFO: Run Behavior\BuildLiteBehavior [ RunTime:0.000020s ]
INFO: [ app_init ] --END-- [ RunTime:0.000797s ]
ERR: 无法加载模块:Upload

[ 2019-04-04T11:18:01+08:00 ] 127.0.0.1 /upload/img/tMTEfTys2KXN1h.jpg
INFO: [ app_init ] --START--
INFO: Run Behavior\BuildLiteBehavior [ RunTime:0.000022s ]
INFO: [ app_init ] --END-- [ RunTime:0.001095s ]
ERR: 无法加载模块:Upload

[ 2019-04-04T11:18:01+08:00 ] 127.0.0.1 /upload/img/5Ll7IFsYkc.jpg
INFO: [ app_init ] --START--
INFO: Run Behavior\BuildLiteBehavior [ RunTime:0.000027s ]
INFO: [ app_init ] --END-- [ RunTime:0.000991s ]
ERR: 无法加载模块:Upload

[ 2019-04-04T11:18:01+08:00 ] 127.0.0.1 /upload/img/Zn1oAQCEVZR.jpg
INFO: [ app_init ] --START--
INFO: Run Behavior\BuildLiteBehavior [ RunTime:0.000031s ]
INFO: [ app_init ] --END-- [ RunTime:0.001731s ]
ERR: 无法加载模块:Upload

[ 2019-04-04T11:18:01+08:00 ] 127.0.0.1 /upload/img/3s61CKVrbNwoDWY.jpg
INFO: [ app_init ] --START--
INFO: Run Behavior\BuildLiteBehavior [ RunTime:0.000122s ]
INFO: [ app_init ] --END-- [ RunTime:0.003023s ]
ERR: 无法加载模块:Upload

[ 2019-04-04T11:18:01+08:00 ] 127.0.0.1 /templates/images/pic2_mubanzhijia_com.gif
INFO: [ app_init ] --START--
INFO: Run Behavior\BuildLiteBehavior [ RunTime:0.000023s ]
INFO: [ app_init ] --END-- [ RunTime:0.000685s ]
ERR: 无法加载模块:Templates

[ 2019-04-04T11:18:01+08:00 ] 127.0.0.1 /list-upload/img/xP0ltkx2.jpg.html
INFO: [ app_init ] --START--
INFO: Run Behavior\BuildLiteBehavior [ RunTime:0.000022s ]
INFO: [ app_init ] --END-- [ RunTime:0.000684s ]
ERR: 无法加载模块:List-upload

[ 2019-04-04T11:18:01+08:00 ] 127.0.0.1 /templates/images/pic1_mubanzhijia_com.gif
INFO: [ app_init ] --START--
INFO: Run Behavior\BuildLiteBehavior [ RunTime:0.000106s ]
INFO: [ app_init ] --END-- [ RunTime:0.000844s ]
ERR: 无法加载模块:Templates

[ 2019-04-04T11:18:01+08:00 ] 127.0.0.1 /list-upload/img/Er6r9Q0SqH3oyRYP.jpg.html
INFO: [ app_init ] --START--
INFO: Run Behavior\BuildLiteBehavior [ RunTime:0.000022s ]
INFO: [ app_init ] --END-- [ RunTime:0.000601s ]
ERR: 无法加载模块:List-upload

[ 2019-04-04T11:18:01+08:00 ] 127.0.0.1 /list-upload/img/5Ll7IFsYkc.jpg.html
INFO: [ app_init ] --START--
INFO: Run Behavior\BuildLiteBehavior [ RunTime:0.000032s ]
INFO: [ app_init ] --END-- [ RunTime:0.000714s ]
ERR: 无法加载模块:List-upload

[ 2019-04-04T11:18:01+08:00 ] 127.0.0.1 /list-upload/img/zXo7wq5zUVUOUaK.jpg.html
INFO: [ app_init ] --START--
INFO: Run Behavior\BuildLiteBehavior [ RunTime:0.000032s ]
INFO: [ app_init ] --END-- [ RunTime:0.000793s ]
ERR: 无法加载模块:List-upload

[ 2019-04-04T11:18:01+08:00 ] 127.0.0.1 /list-upload/img/wTDkpV3ltGt.jpg.html
INFO: [ app_init ] --START--
INFO: Run Behavior\BuildLiteBehavior [ RunTime:0.000021s ]
INFO: [ app_init ] --END-- [ RunTime:0.000694s ]
ERR: 无法加载模块:List-upload

[ 2019-04-04T11:18:01+08:00 ] 127.0.0.1 /list-upload/img/qAKM8Ta7W9D4Cm.jpg.html
INFO: [ app_init ] --START--
INFO: Run Behavior\BuildLiteBehavior [ RunTime:0.000022s ]
INFO: [ app_init ] --END-- [ RunTime:0.000681s ]
ERR: 无法加载模块:List-upload

[ 2019-04-04T11:18:01+08:00 ] 127.0.0.1 /list-upload/img/ARQtHMoC1OKP.jpg.html
INFO: [ app_init ] --START--
INFO: Run Behavior\BuildLiteBehavior [ RunTime:0.000035s ]
INFO: [ app_init ] --END-- [ RunTime:0.000977s ]
ERR: 无法加载模块:List-upload

[ 2019-04-04T11:18:01+08:00 ] 127.0.0.1 /list-upload/img/Zn1oAQCEVZR.jpg.html
INFO: [ app_init ] --START--
INFO: Run Behavior\BuildLiteBehavior [ RunTime:0.000073s ]
INFO: [ app_init ] --END-- [ RunTime:0.000868s ]
ERR: 无法加载模块:List-upload

[ 2019-04-04T11:18:01+08:00 ] 127.0.0.1 /list-upload/img/tXTzwbPQGM.jpg.html
INFO: [ app_init ] --START--
INFO: Run Behavior\BuildLiteBehavior [ RunTime:0.000021s ]
INFO: [ app_init ] --END-- [ RunTime:0.000788s ]
ERR: 无法加载模块:List-upload

[ 2019-04-04T11:18:18+08:00 ] 127.0.0.1 /templates/images/pic1_mubanzhijia_com.gif
INFO: [ app_init ] --START--
INFO: Run Behavior\BuildLiteBehavior [ RunTime:0.000017s ]
INFO: [ app_init ] --END-- [ RunTime:0.000482s ]
ERR: 无法加载模块:Templates

[ 2019-04-04T11:21:11+08:00 ] 127.0.0.1 /upload/img/ARQtHMoC1OKP.jpg
INFO: [ app_init ] --START--
INFO: Run Behavior\BuildLiteBehavior [ RunTime:0.000021s ]
INFO: [ app_init ] --END-- [ RunTime:0.000643s ]
ERR: 无法加载模块:Upload

[ 2019-04-04T11:21:11+08:00 ] 127.0.0.1 /upload/img/tMTEfTys2KXN1h.jpg
INFO: [ app_init ] --START--
INFO: Run Behavior\BuildLiteBehavior [ RunTime:0.000023s ]
INFO: [ app_init ] --END-- [ RunTime:0.000949s ]
ERR: 无法加载模块:Upload

[ 2019-04-04T11:21:11+08:00 ] 127.0.0.1 /upload/img/5Ll7IFsYkc.jpg
INFO: [ app_init ] --START--
INFO: Run Behavior\BuildLiteBehavior [ RunTime:0.000027s ]
INFO: [ app_init ] --END-- [ RunTime:0.001058s ]
ERR: 无法加载模块:Upload

[ 2019-04-04T11:21:11+08:00 ] 127.0.0.1 /upload/img/Zn1oAQCEVZR.jpg
INFO: [ app_init ] --START--
INFO: Run Behavior\BuildLiteBehavior [ RunTime:0.000025s ]
INFO: [ app_init ] --END-- [ RunTime:0.004920s ]
ERR: 无法加载模块:Upload

[ 2019-04-04T11:21:11+08:00 ] 127.0.0.1 /upload/img/3s61CKVrbNwoDWY.jpg
INFO: [ app_init ] --START--
INFO: Run Behavior\BuildLiteBehavior [ RunTime:0.000039s ]
INFO: [ app_init ] --END-- [ RunTime:0.003111s ]
ERR: 无法加载模块:Upload

[ 2019-04-04T11:21:11+08:00 ] 127.0.0.1 /templates/images/pic1_mubanzhijia_com.gif
INFO: [ app_init ] --START--
INFO: Run Behavior\BuildLiteBehavior [ RunTime:0.000041s ]
INFO: [ app_init ] --END-- [ RunTime:0.000953s ]
ERR: 无法加载模块:Templates

[ 2019-04-04T11:21:11+08:00 ] 127.0.0.1 /list-upload/img/xP0ltkx2.jpg.html
INFO: [ app_init ] --START--
INFO: Run Behavior\BuildLiteBehavior [ RunTime:0.000019s ]
INFO: [ app_init ] --END-- [ RunTime:0.000640s ]
ERR: 无法加载模块:List-upload

[ 2019-04-04T11:21:11+08:00 ] 127.0.0.1 /templates/images/pic2_mubanzhijia_com.gif
INFO: [ app_init ] --START--
INFO: Run Behavior\BuildLiteBehavior [ RunTime:0.000025s ]
INFO: [ app_init ] --END-- [ RunTime:0.000692s ]
ERR: 无法加载模块:Templates

[ 2019-04-04T11:21:11+08:00 ] 127.0.0.1 /list-upload/img/5Ll7IFsYkc.jpg.html
INFO: [ app_init ] --START--
INFO: Run Behavior\BuildLiteBehavior [ RunTime:0.000024s ]
INFO: [ app_init ] --END-- [ RunTime:0.000631s ]
ERR: 无法加载模块:List-upload

[ 2019-04-04T11:21:11+08:00 ] 127.0.0.1 /list-upload/img/Er6r9Q0SqH3oyRYP.jpg.html
INFO: [ app_init ] --START--
INFO: Run Behavior\BuildLiteBehavior [ RunTime:0.000019s ]
INFO: [ app_init ] --END-- [ RunTime:0.000566s ]
ERR: 无法加载模块:List-upload

[ 2019-04-04T11:21:11+08:00 ] 127.0.0.1 /list-upload/img/zXo7wq5zUVUOUaK.jpg.html
INFO: [ app_init ] --START--
INFO: Run Behavior\BuildLiteBehavior [ RunTime:0.000041s ]
INFO: [ app_init ] --END-- [ RunTime:0.000950s ]
ERR: 无法加载模块:List-upload

[ 2019-04-04T11:21:11+08:00 ] 127.0.0.1 /list-upload/img/wTDkpV3ltGt.jpg.html
INFO: [ app_init ] --START--
INFO: Run Behavior\BuildLiteBehavior [ RunTime:0.000086s ]
INFO: [ app_init ] --END-- [ RunTime:0.001033s ]
ERR: 无法加载模块:List-upload

[ 2019-04-04T11:21:11+08:00 ] 127.0.0.1 /list-upload/img/qAKM8Ta7W9D4Cm.jpg.html
INFO: [ app_init ] --START--
INFO: Run Behavior\BuildLiteBehavior [ RunTime:0.000038s ]
INFO: [ app_init ] --END-- [ RunTime:0.001131s ]
ERR: 无法加载模块:List-upload

[ 2019-04-04T11:21:11+08:00 ] 127.0.0.1 /list-upload/img/ARQtHMoC1OKP.jpg.html
INFO: [ app_init ] --START--
INFO: Run Behavior\BuildLiteBehavior [ RunTime:0.000026s ]
INFO: [ app_init ] --END-- [ RunTime:0.001118s ]
ERR: 无法加载模块:List-upload

[ 2019-04-04T11:21:11+08:00 ] 127.0.0.1 /list-upload/img/Zn1oAQCEVZR.jpg.html
INFO: [ app_init ] --START--
INFO: Run Behavior\BuildLiteBehavior [ RunTime:0.000015s ]
INFO: [ app_init ] --END-- [ RunTime:0.001075s ]
ERR: 无法加载模块:List-upload

[ 2019-04-04T11:21:11+08:00 ] 127.0.0.1 /list-upload/img/tXTzwbPQGM.jpg.html
INFO: [ app_init ] --START--
INFO: Run Behavior\BuildLiteBehavior [ RunTime:0.000028s ]
INFO: [ app_init ] --END-- [ RunTime:0.000887s ]
ERR: 无法加载模块:List-upload

[ 2019-04-04T11:22:41+08:00 ] 127.0.0.1 /upload/img/5Ll7IFsYkc.jpg
INFO: [ app_init ] --START--
INFO: Run Behavior\BuildLiteBehavior [ RunTime:0.000023s ]
INFO: [ app_init ] --END-- [ RunTime:0.000703s ]
ERR: 无法加载模块:Upload

[ 2019-04-04T11:22:41+08:00 ] 127.0.0.1 /upload/img/Zn1oAQCEVZR.jpg
INFO: [ app_init ] --START--
INFO: Run Behavior\BuildLiteBehavior [ RunTime:0.000036s ]
INFO: [ app_init ] --END-- [ RunTime:0.001002s ]
ERR: 无法加载模块:Upload

[ 2019-04-04T11:22:41+08:00 ] 127.0.0.1 /upload/img/tMTEfTys2KXN1h.jpg
INFO: [ app_init ] --START--
INFO: Run Behavior\BuildLiteBehavior [ RunTime:0.000020s ]
INFO: [ app_init ] --END-- [ RunTime:0.000772s ]
ERR: 无法加载模块:Upload

[ 2019-04-04T11:22:41+08:00 ] 127.0.0.1 /upload/img/3s61CKVrbNwoDWY.jpg
INFO: [ app_init ] --START--
INFO: Run Behavior\BuildLiteBehavior [ RunTime:0.000026s ]
INFO: [ app_init ] --END-- [ RunTime:0.000766s ]
ERR: 无法加载模块:Upload

[ 2019-04-04T11:22:41+08:00 ] 127.0.0.1 /upload/img/ARQtHMoC1OKP.jpg
INFO: [ app_init ] --START--
INFO: Run Behavior\BuildLiteBehavior [ RunTime:0.000024s ]
INFO: [ app_init ] --END-- [ RunTime:0.001016s ]
ERR: 无法加载模块:Upload

[ 2019-04-04T11:22:41+08:00 ] 127.0.0.1 /list-upload/img/5Ll7IFsYkc.jpg.html
INFO: [ app_init ] --START--
INFO: Run Behavior\BuildLiteBehavior [ RunTime:0.000020s ]
INFO: [ app_init ] --END-- [ RunTime:0.000579s ]
ERR: 无法加载模块:List-upload

[ 2019-04-04T11:22:41+08:00 ] 127.0.0.1 /list-upload/img/xP0ltkx2.jpg.html
INFO: [ app_init ] --START--
INFO: Run Behavior\BuildLiteBehavior [ RunTime:0.000029s ]
INFO: [ app_init ] --END-- [ RunTime:0.000916s ]
ERR: 无法加载模块:List-upload

[ 2019-04-04T11:22:41+08:00 ] 127.0.0.1 /list-upload/img/wTDkpV3ltGt.jpg.html
INFO: [ app_init ] --START--
INFO: Run Behavior\BuildLiteBehavior [ RunTime:0.000019s ]
INFO: [ app_init ] --END-- [ RunTime:0.000656s ]
ERR: 无法加载模块:List-upload

[ 2019-04-04T11:22:41+08:00 ] 127.0.0.1 /list-upload/img/Er6r9Q0SqH3oyRYP.jpg.html
INFO: [ app_init ] --START--
INFO: Run Behavior\BuildLiteBehavior [ RunTime:0.000021s ]
INFO: [ app_init ] --END-- [ RunTime:0.000685s ]
ERR: 无法加载模块:List-upload

[ 2019-04-04T11:22:41+08:00 ] 127.0.0.1 /list-upload/img/zXo7wq5zUVUOUaK.jpg.html
INFO: [ app_init ] --START--
INFO: Run Behavior\BuildLiteBehavior [ RunTime:0.000019s ]
INFO: [ app_init ] --END-- [ RunTime:0.000666s ]
ERR: 无法加载模块:List-upload

[ 2019-04-04T11:22:41+08:00 ] 127.0.0.1 /list-upload/img/ARQtHMoC1OKP.jpg.html
INFO: [ app_init ] --START--
INFO: Run Behavior\BuildLiteBehavior [ RunTime:0.000026s ]
INFO: [ app_init ] --END-- [ RunTime:0.000648s ]
ERR: 无法加载模块:List-upload

[ 2019-04-04T11:22:41+08:00 ] 127.0.0.1 /list-upload/img/tXTzwbPQGM.jpg.html
INFO: [ app_init ] --START--
INFO: Run Behavior\BuildLiteBehavior [ RunTime:0.000024s ]
INFO: [ app_init ] --END-- [ RunTime:0.000729s ]
ERR: 无法加载模块:List-upload

[ 2019-04-04T11:22:41+08:00 ] 127.0.0.1 /list-upload/img/Zn1oAQCEVZR.jpg.html
INFO: [ app_init ] --START--
INFO: Run Behavior\BuildLiteBehavior [ RunTime:0.000022s ]
INFO: [ app_init ] --END-- [ RunTime:0.000666s ]
ERR: 无法加载模块:List-upload

[ 2019-04-04T11:22:41+08:00 ] 127.0.0.1 /list-upload/img/qAKM8Ta7W9D4Cm.jpg.html
INFO: [ app_init ] --START--
INFO: Run Behavior\BuildLiteBehavior [ RunTime:0.000030s ]
INFO: [ app_init ] --END-- [ RunTime:0.000941s ]
ERR: 无法加载模块:List-upload

[ 2019-04-04T11:23:18+08:00 ] 127.0.0.1 /upload/img/5Ll7IFsYkc.jpg
INFO: [ app_init ] --START--
INFO: Run Behavior\BuildLiteBehavior [ RunTime:0.000023s ]
INFO: [ app_init ] --END-- [ RunTime:0.000949s ]
ERR: 无法加载模块:Upload

[ 2019-04-04T11:23:18+08:00 ] 127.0.0.1 /upload/img/ARQtHMoC1OKP.jpg
INFO: [ app_init ] --START--
INFO: Run Behavior\BuildLiteBehavior [ RunTime:0.000020s ]
INFO: [ app_init ] --END-- [ RunTime:0.001500s ]
ERR: 无法加载模块:Upload

[ 2019-04-04T11:23:18+08:00 ] 127.0.0.1 /upload/img/3s61CKVrbNwoDWY.jpg
INFO: [ app_init ] --START--
INFO: Run Behavior\BuildLiteBehavior [ RunTime:0.000027s ]
INFO: [ app_init ] --END-- [ RunTime:0.001778s ]
ERR: 无法加载模块:Upload

[ 2019-04-04T11:23:18+08:00 ] 127.0.0.1 /upload/img/tMTEfTys2KXN1h.jpg
INFO: [ app_init ] --START--
INFO: Run Behavior\BuildLiteBehavior [ RunTime:0.000026s ]
INFO: [ app_init ] --END-- [ RunTime:0.001082s ]
ERR: 无法加载模块:Upload

[ 2019-04-04T11:23:18+08:00 ] 127.0.0.1 /upload/img/Zn1oAQCEVZR.jpg
INFO: [ app_init ] --START--
INFO: Run Behavior\BuildLiteBehavior [ RunTime:0.000024s ]
INFO: [ app_init ] --END-- [ RunTime:0.001268s ]
ERR: 无法加载模块:Upload

[ 2019-04-04T11:23:18+08:00 ] 127.0.0.1 /list-upload/img/5Ll7IFsYkc.jpg.html
INFO: [ app_init ] --START--
INFO: Run Behavior\BuildLiteBehavior [ RunTime:0.000014s ]
INFO: [ app_init ] --END-- [ RunTime:0.000454s ]
ERR: 无法加载模块:List-upload

[ 2019-04-04T11:23:18+08:00 ] 127.0.0.1 /list-upload/img/xP0ltkx2.jpg.html
INFO: [ app_init ] --START--
INFO: Run Behavior\BuildLiteBehavior [ RunTime:0.000054s ]
INFO: [ app_init ] --END-- [ RunTime:0.000597s ]
ERR: 无法加载模块:List-upload

[ 2019-04-04T11:23:18+08:00 ] 127.0.0.1 /list-upload/img/zXo7wq5zUVUOUaK.jpg.html
INFO: [ app_init ] --START--
INFO: Run Behavior\BuildLiteBehavior [ RunTime:0.000017s ]
INFO: [ app_init ] --END-- [ RunTime:0.000667s ]
ERR: 无法加载模块:List-upload

[ 2019-04-04T11:23:18+08:00 ] 127.0.0.1 /list-upload/img/Er6r9Q0SqH3oyRYP.jpg.html
INFO: [ app_init ] --START--
INFO: Run Behavior\BuildLiteBehavior [ RunTime:0.000018s ]
INFO: [ app_init ] --END-- [ RunTime:0.000598s ]
ERR: 无法加载模块:List-upload

[ 2019-04-04T11:23:18+08:00 ] 127.0.0.1 /list-upload/img/qAKM8Ta7W9D4Cm.jpg.html
INFO: [ app_init ] --START--
INFO: Run Behavior\BuildLiteBehavior [ RunTime:0.000016s ]
INFO: [ app_init ] --END-- [ RunTime:0.000472s ]
ERR: 无法加载模块:List-upload

[ 2019-04-04T11:23:19+08:00 ] 127.0.0.1 /list-upload/img/wTDkpV3ltGt.jpg.html
INFO: [ app_init ] --START--
INFO: Run Behavior\BuildLiteBehavior [ RunTime:0.000023s ]
INFO: [ app_init ] --END-- [ RunTime:0.001252s ]
ERR: 无法加载模块:List-upload

[ 2019-04-04T11:23:19+08:00 ] 127.0.0.1 /list-upload/img/Zn1oAQCEVZR.jpg.html
INFO: [ app_init ] --START--
INFO: Run Behavior\BuildLiteBehavior [ RunTime:0.000027s ]
INFO: [ app_init ] --END-- [ RunTime:0.000743s ]
ERR: 无法加载模块:List-upload

[ 2019-04-04T11:23:19+08:00 ] 127.0.0.1 /list-upload/img/ARQtHMoC1OKP.jpg.html
INFO: [ app_init ] --START--
INFO: Run Behavior\BuildLiteBehavior [ RunTime:0.000020s ]
INFO: [ app_init ] --END-- [ RunTime:0.000564s ]
ERR: 无法加载模块:List-upload

[ 2019-04-04T11:23:19+08:00 ] 127.0.0.1 /list-upload/img/tXTzwbPQGM.jpg.html
INFO: [ app_init ] --START--
INFO: Run Behavior\BuildLiteBehavior [ RunTime:0.000015s ]
INFO: [ app_init ] --END-- [ RunTime:0.000504s ]
ERR: 无法加载模块:List-upload

[ 2019-04-04T11:23:47+08:00 ] 127.0.0.1 /upload/img/3s61CKVrbNwoDWY.jpg
INFO: [ app_init ] --START--
INFO: Run Behavior\BuildLiteBehavior [ RunTime:0.000029s ]
INFO: [ app_init ] --END-- [ RunTime:0.000754s ]
ERR: 无法加载模块:Upload

[ 2019-04-04T11:23:47+08:00 ] 127.0.0.1 /upload/img/Zn1oAQCEVZR.jpg
INFO: [ app_init ] --START--
INFO: Run Behavior\BuildLiteBehavior [ RunTime:0.000025s ]
INFO: [ app_init ] --END-- [ RunTime:0.000659s ]
ERR: 无法加载模块:Upload

[ 2019-04-04T11:23:47+08:00 ] 127.0.0.1 /upload/img/tMTEfTys2KXN1h.jpg
INFO: [ app_init ] --START--
INFO: Run Behavior\BuildLiteBehavior [ RunTime:0.000034s ]
INFO: [ app_init ] --END-- [ RunTime:0.001047s ]
ERR: 无法加载模块:Upload

[ 2019-04-04T11:23:47+08:00 ] 127.0.0.1 /upload/img/ARQtHMoC1OKP.jpg
INFO: [ app_init ] --START--
INFO: Run Behavior\BuildLiteBehavior [ RunTime:0.000366s ]
INFO: [ app_init ] --END-- [ RunTime:0.002333s ]
ERR: 无法加载模块:Upload

[ 2019-04-04T11:23:47+08:00 ] 127.0.0.1 /list-upload/img/xP0ltkx2.jpg.html
INFO: [ app_init ] --START--
INFO: Run Behavior\BuildLiteBehavior [ RunTime:0.000020s ]
INFO: [ app_init ] --END-- [ RunTime:0.000563s ]
ERR: 无法加载模块:List-upload

[ 2019-04-04T11:23:47+08:00 ] 127.0.0.1 /list-upload/img/Er6r9Q0SqH3oyRYP.jpg.html
INFO: [ app_init ] --START--
INFO: Run Behavior\BuildLiteBehavior [ RunTime:0.000016s ]
INFO: [ app_init ] --END-- [ RunTime:0.000552s ]
ERR: 无法加载模块:List-upload

[ 2019-04-04T11:23:47+08:00 ] 127.0.0.1 /list-upload/img/wTDkpV3ltGt.jpg.html
INFO: [ app_init ] --START--
INFO: Run Behavior\BuildLiteBehavior [ RunTime:0.000019s ]
INFO: [ app_init ] --END-- [ RunTime:0.000535s ]
ERR: 无法加载模块:List-upload

[ 2019-04-04T11:23:47+08:00 ] 127.0.0.1 /list-upload/img/5Ll7IFsYkc.jpg.html
INFO: [ app_init ] --START--
INFO: Run Behavior\BuildLiteBehavior [ RunTime:0.000015s ]
INFO: [ app_init ] --END-- [ RunTime:0.000464s ]
ERR: 无法加载模块:List-upload

[ 2019-04-04T11:23:47+08:00 ] 127.0.0.1 /list-upload/img/zXo7wq5zUVUOUaK.jpg.html
INFO: [ app_init ] --START--
INFO: Run Behavior\BuildLiteBehavior [ RunTime:0.000022s ]
INFO: [ app_init ] --END-- [ RunTime:0.000503s ]
ERR: 无法加载模块:List-upload

[ 2019-04-04T11:23:47+08:00 ] 127.0.0.1 /list-upload/img/tXTzwbPQGM.jpg.html
INFO: [ app_init ] --START--
INFO: Run Behavior\BuildLiteBehavior [ RunTime:0.000031s ]
INFO: [ app_init ] --END-- [ RunTime:0.000772s ]
ERR: 无法加载模块:List-upload

[ 2019-04-04T11:23:47+08:00 ] 127.0.0.1 /list-upload/img/ARQtHMoC1OKP.jpg.html
INFO: [ app_init ] --START--
INFO: Run Behavior\BuildLiteBehavior [ RunTime:0.000014s ]
INFO: [ app_init ] --END-- [ RunTime:0.000481s ]
ERR: 无法加载模块:List-upload

[ 2019-04-04T11:23:47+08:00 ] 127.0.0.1 /list-upload/img/Zn1oAQCEVZR.jpg.html
INFO: [ app_init ] --START--
INFO: Run Behavior\BuildLiteBehavior [ RunTime:0.000015s ]
INFO: [ app_init ] --END-- [ RunTime:0.000467s ]
ERR: 无法加载模块:List-upload

[ 2019-04-04T11:23:47+08:00 ] 127.0.0.1 /list-upload/img/qAKM8Ta7W9D4Cm.jpg.html
INFO: [ app_init ] --START--
INFO: Run Behavior\BuildLiteBehavior [ RunTime:0.000017s ]
INFO: [ app_init ] --END-- [ RunTime:0.000554s ]
ERR: 无法加载模块:List-upload

[ 2019-04-04T11:24:16+08:00 ] 127.0.0.1 /upload/img/ARQtHMoC1OKP.jpg
INFO: [ app_init ] --START--
INFO: Run Behavior\BuildLiteBehavior [ RunTime:0.000028s ]
INFO: [ app_init ] --END-- [ RunTime:0.000782s ]
ERR: 无法加载模块:Upload

[ 2019-04-04T11:24:16+08:00 ] 127.0.0.1 /upload/img/Zn1oAQCEVZR.jpg
INFO: [ app_init ] --START--
INFO: Run Behavior\BuildLiteBehavior [ RunTime:0.000024s ]
INFO: [ app_init ] --END-- [ RunTime:0.000756s ]
ERR: 无法加载模块:Upload

[ 2019-04-04T11:24:16+08:00 ] 127.0.0.1 /upload/img/tMTEfTys2KXN1h.jpg
INFO: [ app_init ] --START--
INFO: Run Behavior\BuildLiteBehavior [ RunTime:0.000029s ]
INFO: [ app_init ] --END-- [ RunTime:0.000845s ]
ERR: 无法加载模块:Upload

[ 2019-04-04T11:24:16+08:00 ] 127.0.0.1 /upload/img/3s61CKVrbNwoDWY.jpg
INFO: [ app_init ] --START--
INFO: Run Behavior\BuildLiteBehavior [ RunTime:0.000025s ]
INFO: [ app_init ] --END-- [ RunTime:0.001244s ]
ERR: 无法加载模块:Upload

[ 2019-04-04T11:24:16+08:00 ] 127.0.0.1 /upload/img/5Ll7IFsYkc.jpg
INFO: [ app_init ] --START--
INFO: Run Behavior\BuildLiteBehavior [ RunTime:0.000047s ]
INFO: [ app_init ] --END-- [ RunTime:0.001921s ]
ERR: 无法加载模块:Upload

[ 2019-04-04T11:24:16+08:00 ] 127.0.0.1 /list-upload/img/5Ll7IFsYkc.jpg.html
INFO: [ app_init ] --START--
INFO: Run Behavior\BuildLiteBehavior [ RunTime:0.000022s ]
INFO: [ app_init ] --END-- [ RunTime:0.000663s ]
ERR: 无法加载模块:List-upload

[ 2019-04-04T11:24:16+08:00 ] 127.0.0.1 /list-upload/img/zXo7wq5zUVUOUaK.jpg.html
INFO: [ app_init ] --START--
INFO: Run Behavior\BuildLiteBehavior [ RunTime:0.000029s ]
INFO: [ app_init ] --END-- [ RunTime:0.000788s ]
ERR: 无法加载模块:List-upload

[ 2019-04-04T11:24:16+08:00 ] 127.0.0.1 /list-upload/img/xP0ltkx2.jpg.html
INFO: [ app_init ] --START--
INFO: Run Behavior\BuildLiteBehavior [ RunTime:0.000020s ]
INFO: [ app_init ] --END-- [ RunTime:0.000707s ]
ERR: 无法加载模块:List-upload

[ 2019-04-04T11:24:16+08:00 ] 127.0.0.1 /list-upload/img/Er6r9Q0SqH3oyRYP.jpg.html
INFO: [ app_init ] --START--
INFO: Run Behavior\BuildLiteBehavior [ RunTime:0.000014s ]
INFO: [ app_init ] --END-- [ RunTime:0.000438s ]
ERR: 无法加载模块:List-upload

[ 2019-04-04T11:24:16+08:00 ] 127.0.0.1 /list-upload/img/qAKM8Ta7W9D4Cm.jpg.html
INFO: [ app_init ] --START--
INFO: Run Behavior\BuildLiteBehavior [ RunTime:0.000036s ]
INFO: [ app_init ] --END-- [ RunTime:0.001001s ]
ERR: 无法加载模块:List-upload

[ 2019-04-04T11:24:16+08:00 ] 127.0.0.1 /list-upload/img/Zn1oAQCEVZR.jpg.html
INFO: [ app_init ] --START--
INFO: Run Behavior\BuildLiteBehavior [ RunTime:0.000026s ]
INFO: [ app_init ] --END-- [ RunTime:0.000796s ]
ERR: 无法加载模块:List-upload

[ 2019-04-04T11:24:16+08:00 ] 127.0.0.1 /list-upload/img/wTDkpV3ltGt.jpg.html
INFO: [ app_init ] --START--
INFO: Run Behavior\BuildLiteBehavior [ RunTime:0.000052s ]
INFO: [ app_init ] --END-- [ RunTime:0.000622s ]
ERR: 无法加载模块:List-upload

[ 2019-04-04T11:24:16+08:00 ] 127.0.0.1 /list-upload/img/tXTzwbPQGM.jpg.html
INFO: [ app_init ] --START--
INFO: Run Behavior\BuildLiteBehavior [ RunTime:0.000023s ]
INFO: [ app_init ] --END-- [ RunTime:0.000665s ]
ERR: 无法加载模块:List-upload

[ 2019-04-04T11:24:16+08:00 ] 127.0.0.1 /list-upload/img/ARQtHMoC1OKP.jpg.html
INFO: [ app_init ] --START--
INFO: Run Behavior\BuildLiteBehavior [ RunTime:0.000022s ]
INFO: [ app_init ] --END-- [ RunTime:0.000684s ]
ERR: 无法加载模块:List-upload

[ 2019-04-04T11:24:51+08:00 ] 127.0.0.1 /templates/images/pic1_mubanzhijia_com.gif
INFO: [ app_init ] --START--
INFO: Run Behavior\BuildLiteBehavior [ RunTime:0.000015s ]
INFO: [ app_init ] --END-- [ RunTime:0.000463s ]
ERR: 无法加载模块:Templates

[ 2019-04-04T11:31:58+08:00 ] 127.0.0.1 /page-68165.html
INFO: [ app_init ] --START--
INFO: Run Behavior\BuildLiteBehavior [ RunTime:0.000018s ]
INFO: [ app_init ] --END-- [ RunTime:0.000723s ]
ERR: 无法加载模块:Page-68165

[ 2019-04-04T11:32:08+08:00 ] 127.0.0.1 /page-68165/
INFO: [ app_init ] --START--
INFO: Run Behavior\BuildLiteBehavior [ RunTime:0.000024s ]
INFO: [ app_init ] --END-- [ RunTime:0.000649s ]
ERR: 无法加载模块:Page-68165

[ 2019-04-04T11:32:20+08:00 ] 127.0.0.1 /page-68165/
INFO: [ app_init ] --START--
INFO: Run Behavior\BuildLiteBehavior [ RunTime:0.000022s ]
INFO: [ app_init ] --END-- [ RunTime:0.000870s ]
ERR: 无法加载模块:Page-68165

[ 2019-04-04T11:35:58+08:00 ] 127.0.0.1 /list-68165/
INFO: [ app_init ] --START--
INFO: Run Behavior\BuildLiteBehavior [ RunTime:0.000022s ]
INFO: [ app_init ] --END-- [ RunTime:0.000825s ]
ERR: 无法加载模块:List-68165

[ 2019-04-04T11:36:02+08:00 ] 127.0.0.1 /list-68165.html
INFO: [ app_init ] --START--
INFO: Run Behavior\BuildLiteBehavior [ RunTime:0.000023s ]
INFO: [ app_init ] --END-- [ RunTime:0.000624s ]
ERR: 无法加载模块:List-68165

[ 2019-04-04T11:38:10+08:00 ] 127.0.0.1 /list-68165.html
INFO: [ app_init ] --START--
INFO: Run Behavior\BuildLiteBehavior [ RunTime:0.000020s ]
INFO: [ app_init ] --END-- [ RunTime:0.000777s ]
ERR: 无法加载模块:List-68165

[ 2019-04-04T11:38:35+08:00 ] 127.0.0.1 /list-68165.html
INFO: [ app_init ] --START--
INFO: Run Behavior\BuildLiteBehavior [ RunTime:0.000028s ]
INFO: [ app_init ] --END-- [ RunTime:0.001252s ]
ERR: 无法加载模块:List-68165

[ 2019-04-04T11:38:59+08:00 ] 127.0.0.1 /list-68165.html
INFO: [ app_init ] --START--
INFO: Run Behavior\BuildLiteBehavior [ RunTime:0.000023s ]
INFO: [ app_init ] --END-- [ RunTime:0.000677s ]
ERR: 无法加载模块:List-68165

[ 2019-04-04T11:39:25+08:00 ] 127.0.0.1 /list-68165.html
INFO: [ app_init ] --START--
INFO: Run Behavior\BuildLiteBehavior [ RunTime:0.000018s ]
INFO: [ app_init ] --END-- [ RunTime:0.000583s ]
ERR: 无法加载模块:List-68165

[ 2019-04-04T11:58:11+08:00 ] 127.0.0.1 /upload/img/ARQtHMoC1OKP.jpg
INFO: [ app_init ] --START--
INFO: Run Behavior\BuildLiteBehavior [ RunTime:0.000018s ]
INFO: [ app_init ] --END-- [ RunTime:0.000952s ]
ERR: 无法加载模块:Upload

[ 2019-04-04T11:58:11+08:00 ] 127.0.0.1 /upload/img/5Ll7IFsYkc.jpg
INFO: [ app_init ] --START--
INFO: Run Behavior\BuildLiteBehavior [ RunTime:0.000023s ]
INFO: [ app_init ] --END-- [ RunTime:0.000962s ]
ERR: 无法加载模块:Upload

[ 2019-04-04T11:58:11+08:00 ] 127.0.0.1 /upload/img/3s61CKVrbNwoDWY.jpg
INFO: [ app_init ] --START--
INFO: Run Behavior\BuildLiteBehavior [ RunTime:0.000022s ]
INFO: [ app_init ] --END-- [ RunTime:0.000865s ]
ERR: 无法加载模块:Upload

[ 2019-04-04T11:58:11+08:00 ] 127.0.0.1 /upload/img/tMTEfTys2KXN1h.jpg
INFO: [ app_init ] --START--
INFO: Run Behavior\BuildLiteBehavior [ RunTime:0.000029s ]
INFO: [ app_init ] --END-- [ RunTime:0.001044s ]
ERR: 无法加载模块:Upload

[ 2019-04-04T11:58:11+08:00 ] 127.0.0.1 /templates/images/pic1_mubanzhijia_com.gif
INFO: [ app_init ] --START--
INFO: Run Behavior\BuildLiteBehavior [ RunTime:0.000020s ]
INFO: [ app_init ] --END-- [ RunTime:0.000744s ]
ERR: 无法加载模块:Templates

[ 2019-04-04T11:58:11+08:00 ] 127.0.0.1 /templates/images/pic2_mubanzhijia_com.gif
INFO: [ app_init ] --START--
INFO: Run Behavior\BuildLiteBehavior [ RunTime:0.000022s ]
INFO: [ app_init ] --END-- [ RunTime:0.000720s ]
ERR: 无法加载模块:Templates

[ 2019-04-04T11:58:11+08:00 ] 127.0.0.1 /list-upload/img/xP0ltkx2.jpg.html
INFO: [ app_init ] --START--
INFO: Run Behavior\BuildLiteBehavior [ RunTime:0.000020s ]
INFO: [ app_init ] --END-- [ RunTime:0.000603s ]
ERR: 无法加载模块:List-upload

[ 2019-04-04T11:58:11+08:00 ] 127.0.0.1 /list-upload/img/Er6r9Q0SqH3oyRYP.jpg.html
INFO: [ app_init ] --START--
INFO: Run Behavior\BuildLiteBehavior [ RunTime:0.000024s ]
INFO: [ app_init ] --END-- [ RunTime:0.000794s ]
ERR: 无法加载模块:List-upload

[ 2019-04-04T11:58:11+08:00 ] 127.0.0.1 /list-upload/img/ARQtHMoC1OKP.jpg.html
INFO: [ app_init ] --START--
INFO: Run Behavior\BuildLiteBehavior [ RunTime:0.000021s ]
INFO: [ app_init ] --END-- [ RunTime:0.000597s ]
ERR: 无法加载模块:List-upload

[ 2019-04-04T11:58:11+08:00 ] 127.0.0.1 /list-upload/img/wTDkpV3ltGt.jpg.html
INFO: [ app_init ] --START--
INFO: Run Behavior\BuildLiteBehavior [ RunTime:0.000021s ]
INFO: [ app_init ] --END-- [ RunTime:0.000647s ]
ERR: 无法加载模块:List-upload

[ 2019-04-04T11:58:11+08:00 ] 127.0.0.1 /list-upload/img/zXo7wq5zUVUOUaK.jpg.html
INFO: [ app_init ] --START--
INFO: Run Behavior\BuildLiteBehavior [ RunTime:0.000025s ]
INFO: [ app_init ] --END-- [ RunTime:0.000914s ]
ERR: 无法加载模块:List-upload

[ 2019-04-04T11:58:11+08:00 ] 127.0.0.1 /list-upload/img/qAKM8Ta7W9D4Cm.jpg.html
INFO: [ app_init ] --START--
INFO: Run Behavior\BuildLiteBehavior [ RunTime:0.000041s ]
INFO: [ app_init ] --END-- [ RunTime:0.001234s ]
ERR: 无法加载模块:List-upload

[ 2019-04-04T11:58:11+08:00 ] 127.0.0.1 /list-upload/img/Zn1oAQCEVZR.jpg.html
INFO: [ app_init ] --START--
INFO: Run Behavior\BuildLiteBehavior [ RunTime:0.000017s ]
INFO: [ app_init ] --END-- [ RunTime:0.000543s ]
ERR: 无法加载模块:List-upload

[ 2019-04-04T11:58:12+08:00 ] 127.0.0.1 /list-upload/img/tXTzwbPQGM.jpg.html
INFO: [ app_init ] --START--
INFO: Run Behavior\BuildLiteBehavior [ RunTime:0.000016s ]
INFO: [ app_init ] --END-- [ RunTime:0.000508s ]
ERR: 无法加载模块:List-upload

[ 2019-04-04T11:58:13+08:00 ] 127.0.0.1 /templates/images/pic1_mubanzhijia_com.gif
INFO: [ app_init ] --START--
INFO: Run Behavior\BuildLiteBehavior [ RunTime:0.000015s ]
INFO: [ app_init ] --END-- [ RunTime:0.000456s ]
ERR: 无法加载模块:Templates

