[ 2019-04-03T22:19:05+08:00 ] 127.0.0.1 /uploads/allimg/190120/1-1Z120192T2-lp.jpg
INFO: [ app_init ] --START--
INFO: Run Behavior\BuildLiteBehavior [ RunTime:0.000029s ]
INFO: [ app_init ] --END-- [ RunTime:0.001681s ]
ERR: 无法加载模块:Uploads

[ 2019-04-03T22:19:05+08:00 ] 127.0.0.1 /uploads/allimg/190120/1-1Z120192358-lp.jpg
INFO: [ app_init ] --START--
INFO: Run Behavior\BuildLiteBehavior [ RunTime:0.000022s ]
INFO: [ app_init ] --END-- [ RunTime:0.000653s ]
ERR: 无法加载模块:Uploads

[ 2019-04-03T22:19:05+08:00 ] 127.0.0.1 /uploads/allimg/190120/1-1Z120131S3-lp.jpg
INFO: [ app_init ] --START--
INFO: Run Behavior\BuildLiteBehavior [ RunTime:0.000014s ]
INFO: [ app_init ] --END-- [ RunTime:0.000712s ]
ERR: 无法加载模块:Uploads

[ 2019-04-03T22:19:05+08:00 ] 127.0.0.1 /uploads/allimg/190120/1-1Z120191326-lp.jpg
INFO: [ app_init ] --START--
INFO: Run Behavior\BuildLiteBehavior [ RunTime:0.000018s ]
INFO: [ app_init ] --END-- [ RunTime:0.000715s ]
ERR: 无法加载模块:Uploads

[ 2019-04-03T22:19:05+08:00 ] 127.0.0.1 /templates/images/logo.jpg
INFO: [ app_init ] --START--
INFO: Run Behavior\BuildLiteBehavior [ RunTime:0.000023s ]
INFO: [ app_init ] --END-- [ RunTime:0.000641s ]
ERR: 无法加载模块:Templates

[ 2019-04-03T22:19:05+08:00 ] 127.0.0.1 /uploads/allimg/190119/1-1Z119124342-lp.jpg
INFO: [ app_init ] --START--
INFO: Run Behavior\BuildLiteBehavior [ RunTime:0.000018s ]
INFO: [ app_init ] --END-- [ RunTime:0.000776s ]
ERR: 无法加载模块:Uploads

[ 2019-04-03T22:19:05+08:00 ] 127.0.0.1 /uploads/allimg/190120/1-1Z120130010-lp.jpg
INFO: [ app_init ] --START--
INFO: Run Behavior\BuildLiteBehavior [ RunTime:0.000021s ]
INFO: [ app_init ] --END-- [ RunTime:0.000582s ]
ERR: 无法加载模块:Uploads

[ 2019-04-03T22:19:05+08:00 ] 127.0.0.1 /uploads/allimg/190120/1-1Z120132401-lp.jpg
INFO: [ app_init ] --START--
INFO: Run Behavior\BuildLiteBehavior [ RunTime:0.000018s ]
INFO: [ app_init ] --END-- [ RunTime:0.000549s ]
ERR: 无法加载模块:Uploads

[ 2019-04-03T22:19:05+08:00 ] 127.0.0.1 /uploads/allimg/190120/1-1Z1201U355-lp.jpg
INFO: [ app_init ] --START--
INFO: Run Behavior\BuildLiteBehavior [ RunTime:0.000025s ]
INFO: [ app_init ] --END-- [ RunTime:0.000660s ]
ERR: 无法加载模块:Uploads

[ 2019-04-03T22:19:05+08:00 ] 127.0.0.1 /uploads/allimg/190120/1-1Z120133040-lp.jpg
INFO: [ app_init ] --START--
INFO: Run Behavior\BuildLiteBehavior [ RunTime:0.000024s ]
INFO: [ app_init ] --END-- [ RunTime:0.000646s ]
ERR: 无法加载模块:Uploads

[ 2019-04-03T22:19:05+08:00 ] 127.0.0.1 /uploads/allimg/190120/1-1Z1201TZ4-lp.jpg
INFO: [ app_init ] --START--
INFO: Run Behavior\BuildLiteBehavior [ RunTime:0.000039s ]
INFO: [ app_init ] --END-- [ RunTime:0.000922s ]
ERR: 无法加载模块:Uploads

[ 2019-04-03T22:19:05+08:00 ] 127.0.0.1 /uploads/allimg/190120/1-1Z1201UJ8-lp.jpg
INFO: [ app_init ] --START--
INFO: Run Behavior\BuildLiteBehavior [ RunTime:0.000017s ]
INFO: [ app_init ] --END-- [ RunTime:0.000487s ]
ERR: 无法加载模块:Uploads

[ 2019-04-03T22:19:05+08:00 ] 127.0.0.1 /templates/images/pic2_mubanzhijia_com.gif
INFO: [ app_init ] --START--
INFO: Run Behavior\BuildLiteBehavior [ RunTime:0.000017s ]
INFO: [ app_init ] --END-- [ RunTime:0.000514s ]
ERR: 无法加载模块:Templates

[ 2019-04-03T22:19:05+08:00 ] 127.0.0.1 /templates/images/pic1_mubanzhijia_com.gif
INFO: [ app_init ] --START--
INFO: Run Behavior\BuildLiteBehavior [ RunTime:0.000018s ]
INFO: [ app_init ] --END-- [ RunTime:0.000577s ]
ERR: 无法加载模块:Templates

[ 2019-04-03T22:19:06+08:00 ] 127.0.0.1 /templets/default/images/bcastr3.swf
INFO: [ app_init ] --START--
INFO: Run Behavior\BuildLiteBehavior [ RunTime:0.000014s ]
INFO: [ app_init ] --END-- [ RunTime:0.000429s ]
ERR: 无法加载模块:Templets

[ 2019-04-03T22:19:22+08:00 ] 127.0.0.1 /templates/images/pic1_mubanzhijia_com.gif
INFO: [ app_init ] --START--
INFO: Run Behavior\BuildLiteBehavior [ RunTime:0.000029s ]
INFO: [ app_init ] --END-- [ RunTime:0.000655s ]
ERR: 无法加载模块:Templates

[ 2019-04-03T22:20:36+08:00 ] 127.0.0.1 /templates/images/logo.jpg
INFO: [ app_init ] --START--
INFO: Run Behavior\BuildLiteBehavior [ RunTime:0.000016s ]
INFO: [ app_init ] --END-- [ RunTime:0.000459s ]
ERR: 无法加载模块:Templates

[ 2019-04-03T22:20:36+08:00 ] 127.0.0.1 /uploads/allimg/190119/1-1Z119124342-lp.jpg
INFO: [ app_init ] --START--
INFO: Run Behavior\BuildLiteBehavior [ RunTime:0.000020s ]
INFO: [ app_init ] --END-- [ RunTime:0.000538s ]
ERR: 无法加载模块:Uploads

[ 2019-04-03T22:20:36+08:00 ] 127.0.0.1 /uploads/allimg/190120/1-1Z120192T2-lp.jpg
INFO: [ app_init ] --START--
INFO: Run Behavior\BuildLiteBehavior [ RunTime:0.000025s ]
INFO: [ app_init ] --END-- [ RunTime:0.000690s ]
ERR: 无法加载模块:Uploads

[ 2019-04-03T22:20:36+08:00 ] 127.0.0.1 /uploads/allimg/190120/1-1Z120131S3-lp.jpg
INFO: [ app_init ] --START--
INFO: Run Behavior\BuildLiteBehavior [ RunTime:0.000019s ]
INFO: [ app_init ] --END-- [ RunTime:0.000711s ]
ERR: 无法加载模块:Uploads

[ 2019-04-03T22:20:36+08:00 ] 127.0.0.1 /uploads/allimg/190120/1-1Z120192358-lp.jpg
INFO: [ app_init ] --START--
INFO: Run Behavior\BuildLiteBehavior [ RunTime:0.000029s ]
INFO: [ app_init ] --END-- [ RunTime:0.000846s ]
ERR: 无法加载模块:Uploads

[ 2019-04-03T22:20:36+08:00 ] 127.0.0.1 /uploads/allimg/190120/1-1Z120191326-lp.jpg
INFO: [ app_init ] --START--
INFO: Run Behavior\BuildLiteBehavior [ RunTime:0.000022s ]
INFO: [ app_init ] --END-- [ RunTime:0.000768s ]
ERR: 无法加载模块:Uploads

[ 2019-04-03T22:20:36+08:00 ] 127.0.0.1 /uploads/allimg/190120/1-1Z120130010-lp.jpg
INFO: [ app_init ] --START--
INFO: Run Behavior\BuildLiteBehavior [ RunTime:0.000019s ]
INFO: [ app_init ] --END-- [ RunTime:0.000636s ]
ERR: 无法加载模块:Uploads

[ 2019-04-03T22:20:36+08:00 ] 127.0.0.1 /uploads/allimg/190120/1-1Z120132401-lp.jpg
INFO: [ app_init ] --START--
INFO: Run Behavior\BuildLiteBehavior [ RunTime:0.000036s ]
INFO: [ app_init ] --END-- [ RunTime:0.000736s ]
ERR: 无法加载模块:Uploads

[ 2019-04-03T22:20:36+08:00 ] 127.0.0.1 /uploads/allimg/190120/1-1Z1201U355-lp.jpg
INFO: [ app_init ] --START--
INFO: Run Behavior\BuildLiteBehavior [ RunTime:0.000030s ]
INFO: [ app_init ] --END-- [ RunTime:0.000908s ]
ERR: 无法加载模块:Uploads

[ 2019-04-03T22:20:36+08:00 ] 127.0.0.1 /uploads/allimg/190120/1-1Z1201UJ8-lp.jpg
INFO: [ app_init ] --START--
INFO: Run Behavior\BuildLiteBehavior [ RunTime:0.000063s ]
INFO: [ app_init ] --END-- [ RunTime:0.001888s ]
ERR: 无法加载模块:Uploads

[ 2019-04-03T22:20:36+08:00 ] 127.0.0.1 /templates/images/pic1_mubanzhijia_com.gif
INFO: [ app_init ] --START--
INFO: Run Behavior\BuildLiteBehavior [ RunTime:0.000022s ]
INFO: [ app_init ] --END-- [ RunTime:0.000888s ]
ERR: 无法加载模块:Templates

[ 2019-04-03T22:20:36+08:00 ] 127.0.0.1 /templates/images/pic2_mubanzhijia_com.gif
INFO: [ app_init ] --START--
INFO: Run Behavior\BuildLiteBehavior [ RunTime:0.000019s ]
INFO: [ app_init ] --END-- [ RunTime:0.000638s ]
ERR: 无法加载模块:Templates

[ 2019-04-03T22:20:36+08:00 ] 127.0.0.1 /uploads/allimg/190120/1-1Z1201TZ4-lp.jpg
INFO: [ app_init ] --START--
INFO: Run Behavior\BuildLiteBehavior [ RunTime:0.000016s ]
INFO: [ app_init ] --END-- [ RunTime:0.000512s ]
ERR: 无法加载模块:Uploads

[ 2019-04-03T22:20:36+08:00 ] 127.0.0.1 /templets/default/images/bcastr3.swf
INFO: [ app_init ] --START--
INFO: Run Behavior\BuildLiteBehavior [ RunTime:0.000016s ]
INFO: [ app_init ] --END-- [ RunTime:0.000477s ]
ERR: 无法加载模块:Templets

[ 2019-04-03T22:23:16+08:00 ] 127.0.0.1 /templates/images/logo.jpg
INFO: [ app_init ] --START--
INFO: Run Behavior\BuildLiteBehavior [ RunTime:0.000023s ]
INFO: [ app_init ] --END-- [ RunTime:0.000634s ]
ERR: 无法加载模块:Templates

[ 2019-04-03T22:23:16+08:00 ] 127.0.0.1 /uploads/allimg/190120/1-1Z120191326-lp.jpg
INFO: [ app_init ] --START--
INFO: Run Behavior\BuildLiteBehavior [ RunTime:0.000016s ]
INFO: [ app_init ] --END-- [ RunTime:0.000702s ]
ERR: 无法加载模块:Uploads

[ 2019-04-03T22:23:16+08:00 ] 127.0.0.1 /uploads/allimg/190119/1-1Z119124342-lp.jpg
INFO: [ app_init ] --START--
INFO: Run Behavior\BuildLiteBehavior [ RunTime:0.000018s ]
INFO: [ app_init ] --END-- [ RunTime:0.000790s ]
ERR: 无法加载模块:Uploads

[ 2019-04-03T22:23:16+08:00 ] 127.0.0.1 /uploads/allimg/190120/1-1Z120131S3-lp.jpg
INFO: [ app_init ] --START--
INFO: Run Behavior\BuildLiteBehavior [ RunTime:0.000021s ]
INFO: [ app_init ] --END-- [ RunTime:0.000761s ]
ERR: 无法加载模块:Uploads

[ 2019-04-03T22:23:16+08:00 ] 127.0.0.1 /uploads/allimg/190120/1-1Z120192358-lp.jpg
INFO: [ app_init ] --START--
INFO: Run Behavior\BuildLiteBehavior [ RunTime:0.000019s ]
INFO: [ app_init ] --END-- [ RunTime:0.000770s ]
ERR: 无法加载模块:Uploads

[ 2019-04-03T22:23:16+08:00 ] 127.0.0.1 /uploads/allimg/190120/1-1Z120130010-lp.jpg
INFO: [ app_init ] --START--
INFO: Run Behavior\BuildLiteBehavior [ RunTime:0.000020s ]
INFO: [ app_init ] --END-- [ RunTime:0.000593s ]
ERR: 无法加载模块:Uploads

[ 2019-04-03T22:23:16+08:00 ] 127.0.0.1 /uploads/allimg/190120/1-1Z120133040-lp.jpg
INFO: [ app_init ] --START--
INFO: Run Behavior\BuildLiteBehavior [ RunTime:0.000024s ]
INFO: [ app_init ] --END-- [ RunTime:0.000625s ]
ERR: 无法加载模块:Uploads

[ 2019-04-03T22:23:16+08:00 ] 127.0.0.1 /uploads/allimg/190120/1-1Z1201U355-lp.jpg
INFO: [ app_init ] --START--
INFO: Run Behavior\BuildLiteBehavior [ RunTime:0.000018s ]
INFO: [ app_init ] --END-- [ RunTime:0.000606s ]
ERR: 无法加载模块:Uploads


[ 2019-04-03T22:23:16+08:00 ] 127.0.0.1 /uploads/allimg/190120/1-1Z1201UJ8-lp.jpg
INFO: [ app_init ] --START--
INFO: Run Behavior\BuildLiteBehavior [ RunTime:0.000020s ]
INFO: [ app_init ] --END-- [ RunTime:0.000654s ]
ERR: 无法加载模块:Uploads

[ 2019-04-03T22:23:16+08:00 ] 127.0.0.1 /uploads/allimg/190120/1-1Z1201TZ4-lp.jpg
INFO: [ app_init ] --START--
INFO: Run Behavior\BuildLiteBehavior [ RunTime:0.000035s ]
INFO: [ app_init ] --END-- [ RunTime:0.001157s ]
ERR: 无法加载模块:Uploads

[ 2019-04-03T22:23:16+08:00 ] 127.0.0.1 /templates/images/pic1_mubanzhijia_com.gif
INFO: [ app_init ] --START--
INFO: Run Behavior\BuildLiteBehavior [ RunTime:0.000016s ]
INFO: [ app_init ] --END-- [ RunTime:0.000499s ]
ERR: 无法加载模块:Templates

[ 2019-04-03T22:23:16+08:00 ] 127.0.0.1 /templates/images/pic2_mubanzhijia_com.gif
INFO: [ app_init ] --START--
INFO: Run Behavior\BuildLiteBehavior [ RunTime:0.000015s ]
INFO: [ app_init ] --END-- [ RunTime:0.000455s ]
ERR: 无法加载模块:Templates

[ 2019-04-03T22:23:16+08:00 ] 127.0.0.1 /templets/default/images/bcastr3.swf
INFO: [ app_init ] --START--
INFO: Run Behavior\BuildLiteBehavior [ RunTime:0.000015s ]
INFO: [ app_init ] --END-- [ RunTime:0.000434s ]
ERR: 无法加载模块:Templets

[ 2019-04-03T22:23:18+08:00 ] 127.0.0.1 /templates/images/pic1_mubanzhijia_com.gif
INFO: [ app_init ] --START--
INFO: Run Behavior\BuildLiteBehavior [ RunTime:0.000015s ]
INFO: [ app_init ] --END-- [ RunTime:0.000445s ]
ERR: 无法加载模块:Templates

[ 2019-04-03T22:25:49+08:00 ] 127.0.0.1 /uploads/allimg/190120/1-1Z120192T2-lp.jpg
INFO: [ app_init ] --START--
INFO: Run Behavior\BuildLiteBehavior [ RunTime:0.000021s ]
INFO: [ app_init ] --END-- [ RunTime:0.000718s ]
ERR: 无法加载模块:Uploads

[ 2019-04-03T22:25:49+08:00 ] 127.0.0.1 /uploads/allimg/190120/1-1Z120191326-lp.jpg
INFO: [ app_init ] --START--
INFO: Run Behavior\BuildLiteBehavior [ RunTime:0.000022s ]
INFO: [ app_init ] --END-- [ RunTime:0.000754s ]
ERR: 无法加载模块:Uploads

[ 2019-04-03T22:25:49+08:00 ] 127.0.0.1 /templates/images/logo.jpg
INFO: [ app_init ] --START--
INFO: Run Behavior\BuildLiteBehavior [ RunTime:0.000017s ]
INFO: [ app_init ] --END-- [ RunTime:0.000695s ]
ERR: 无法加载模块:Templates

[ 2019-04-03T22:25:49+08:00 ] 127.0.0.1 /uploads/allimg/190120/1-1Z120131S3-lp.jpg
INFO: [ app_init ] --START--
INFO: Run Behavior\BuildLiteBehavior [ RunTime:0.000029s ]
INFO: [ app_init ] --END-- [ RunTime:0.000944s ]
ERR: 无法加载模块:Uploads

[ 2019-04-03T22:25:49+08:00 ] 127.0.0.1 /uploads/allimg/190120/1-1Z120192358-lp.jpg
INFO: [ app_init ] --START--
INFO: Run Behavior\BuildLiteBehavior [ RunTime:0.000026s ]
INFO: [ app_init ] --END-- [ RunTime:0.000929s ]
ERR: 无法加载模块:Uploads

[ 2019-04-03T22:25:49+08:00 ] 127.0.0.1 /uploads/allimg/190119/1-1Z119124342-lp.jpg
INFO: [ app_init ] --START--
INFO: Run Behavior\BuildLiteBehavior [ RunTime:0.000022s ]
INFO: [ app_init ] --END-- [ RunTime:0.000791s ]
ERR: 无法加载模块:Uploads

[ 2019-04-03T22:25:49+08:00 ] 127.0.0.1 /uploads/allimg/190120/1-1Z120130010-lp.jpg
INFO: [ app_init ] --START--
INFO: Run Behavior\BuildLiteBehavior [ RunTime:0.000018s ]
INFO: [ app_init ] --END-- [ RunTime:0.000549s ]
ERR: 无法加载模块:Uploads

[ 2019-04-03T22:25:49+08:00 ] 127.0.0.1 /uploads/allimg/190120/1-1Z120133040-lp.jpg
INFO: [ app_init ] --START--
INFO: Run Behavior\BuildLiteBehavior [ RunTime:0.000532s ]
INFO: [ app_init ] --END-- [ RunTime:0.001973s ]
ERR: 无法加载模块:Uploads

[ 2019-04-03T22:25:49+08:00 ] 127.0.0.1 /uploads/allimg/190120/1-1Z120132401-lp.jpg
INFO: [ app_init ] --START--
INFO: Run Behavior\BuildLiteBehavior [ RunTime:0.000023s ]
INFO: [ app_init ] --END-- [ RunTime:0.000829s ]
ERR: 无法加载模块:Uploads

[ 2019-04-03T22:25:49+08:00 ] 127.0.0.1 /templates/images/pic2_mubanzhijia_com.gif
INFO: [ app_init ] --START--
INFO: Run Behavior\BuildLiteBehavior [ RunTime:0.000023s ]
INFO: [ app_init ] --END-- [ RunTime:0.000933s ]
ERR: 无法加载模块:Templates

[ 2019-04-03T22:25:49+08:00 ] 127.0.0.1 /uploads/allimg/190120/1-1Z1201UJ8-lp.jpg
INFO: [ app_init ] --START--
INFO: Run Behavior\BuildLiteBehavior [ RunTime:0.000023s ]
INFO: [ app_init ] --END-- [ RunTime:0.000644s ]
ERR: 无法加载模块:Uploads

[ 2019-04-03T22:25:49+08:00 ] 127.0.0.1 /templates/images/pic1_mubanzhijia_com.gif
INFO: [ app_init ] --START--
INFO: Run Behavior\BuildLiteBehavior [ RunTime:0.000059s ]
INFO: [ app_init ] --END-- [ RunTime:0.000838s ]
ERR: 无法加载模块:Templates

[ 2019-04-03T22:25:49+08:00 ] 127.0.0.1 /uploads/allimg/190120/1-1Z1201U355-lp.jpg
INFO: [ app_init ] --START--
INFO: Run Behavior\BuildLiteBehavior [ RunTime:0.000022s ]
INFO: [ app_init ] --END-- [ RunTime:0.000676s ]
ERR: 无法加载模块:Uploads

[ 2019-04-03T22:25:49+08:00 ] 127.0.0.1 /uploads/allimg/190120/1-1Z1201TZ4-lp.jpg
INFO: [ app_init ] --START--
INFO: Run Behavior\BuildLiteBehavior [ RunTime:0.000038s ]
INFO: [ app_init ] --END-- [ RunTime:0.000827s ]
ERR: 无法加载模块:Uploads

[ 2019-04-03T22:25:49+08:00 ] 127.0.0.1 /templets/default/images/bcastr3.swf
INFO: [ app_init ] --START--
INFO: Run Behavior\BuildLiteBehavior [ RunTime:0.000016s ]
INFO: [ app_init ] --END-- [ RunTime:0.000446s ]
ERR: 无法加载模块:Templets

[ 2019-04-03T22:25:50+08:00 ] 127.0.0.1 /templates/images/pic1_mubanzhijia_com.gif
INFO: [ app_init ] --START--
INFO: Run Behavior\BuildLiteBehavior [ RunTime:0.000016s ]
INFO: [ app_init ] --END-- [ RunTime:0.000499s ]
ERR: 无法加载模块:Templates

[ 2019-04-03T22:26:39+08:00 ] 127.0.0.1 /uploads/allimg/190120/1-1Z120192358-lp.jpg
INFO: [ app_init ] --START--
INFO: Run Behavior\BuildLiteBehavior [ RunTime:0.000023s ]
INFO: [ app_init ] --END-- [ RunTime:0.000596s ]
ERR: 无法加载模块:Uploads

[ 2019-04-03T22:26:39+08:00 ] 127.0.0.1 /templates/images/pic1_mubanzhijia_com.gif
INFO: [ app_init ] --START--
INFO: Run Behavior\BuildLiteBehavior [ RunTime:0.000017s ]
INFO: [ app_init ] --END-- [ RunTime:0.000601s ]
ERR: 无法加载模块:Templates

[ 2019-04-03T22:26:39+08:00 ] 127.0.0.1 /uploads/allimg/190120/1-1Z120192T2-lp.jpg
INFO: [ app_init ] --START--
INFO: Run Behavior\BuildLiteBehavior [ RunTime:0.000025s ]
INFO: [ app_init ] --END-- [ RunTime:0.000851s ]
ERR: 无法加载模块:Uploads

[ 2019-04-03T22:26:39+08:00 ] 127.0.0.1 /uploads/allimg/190120/1-1Z120131S3-lp.jpg
INFO: [ app_init ] --START--
INFO: Run Behavior\BuildLiteBehavior [ RunTime:0.000030s ]
INFO: [ app_init ] --END-- [ RunTime:0.000739s ]
ERR: 无法加载模块:Uploads

[ 2019-04-03T22:26:39+08:00 ] 127.0.0.1 /uploads/allimg/190120/1-1Z120191326-lp.jpg
INFO: [ app_init ] --START--
INFO: Run Behavior\BuildLiteBehavior [ RunTime:0.000024s ]
INFO: [ app_init ] --END-- [ RunTime:0.000652s ]
ERR: 无法加载模块:Uploads

[ 2019-04-03T22:26:39+08:00 ] 127.0.0.1 /templates/images/pic2_mubanzhijia_com.gif
INFO: [ app_init ] --START--
INFO: Run Behavior\BuildLiteBehavior [ RunTime:0.000023s ]
INFO: [ app_init ] --END-- [ RunTime:0.000731s ]
ERR: 无法加载模块:Templates

[ 2019-04-03T22:26:39+08:00 ] 127.0.0.1 /uploads/allimg/190119/1-1Z119124342-lp.jpg
INFO: [ app_init ] --START--
INFO: Run Behavior\BuildLiteBehavior [ RunTime:0.000022s ]
INFO: [ app_init ] --END-- [ RunTime:0.000626s ]
ERR: 无法加载模块:Uploads

[ 2019-04-03T22:26:39+08:00 ] 127.0.0.1 /uploads/allimg/190120/1-1Z120130010-lp.jpg
INFO: [ app_init ] --START--
INFO: Run Behavior\BuildLiteBehavior [ RunTime:0.000039s ]
INFO: [ app_init ] --END-- [ RunTime:0.000666s ]
ERR: 无法加载模块:Uploads

[ 2019-04-03T22:26:39+08:00 ] 127.0.0.1 /uploads/allimg/190120/1-1Z120133040-lp.jpg
INFO: [ app_init ] --START--
INFO: Run Behavior\BuildLiteBehavior [ RunTime:0.000020s ]
INFO: [ app_init ] --END-- [ RunTime:0.000681s ]
ERR: 无法加载模块:Uploads

[ 2019-04-03T22:26:39+08:00 ] 127.0.0.1 /uploads/allimg/190120/1-1Z1201UJ8-lp.jpg
INFO: [ app_init ] --START--
INFO: Run Behavior\BuildLiteBehavior [ RunTime:0.000021s ]
INFO: [ app_init ] --END-- [ RunTime:0.000724s ]
ERR: 无法加载模块:Uploads

[ 2019-04-03T22:26:39+08:00 ] 127.0.0.1 /uploads/allimg/190120/1-1Z120132401-lp.jpg
INFO: [ app_init ] --START--
INFO: Run Behavior\BuildLiteBehavior [ RunTime:0.000023s ]
INFO: [ app_init ] --END-- [ RunTime:0.000982s ]
ERR: 无法加载模块:Uploads

[ 2019-04-03T22:26:39+08:00 ] 127.0.0.1 /uploads/allimg/190120/1-1Z1201U355-lp.jpg
INFO: [ app_init ] --START--
INFO: Run Behavior\BuildLiteBehavior [ RunTime:0.000038s ]
INFO: [ app_init ] --END-- [ RunTime:0.003548s ]
ERR: 无法加载模块:Uploads

[ 2019-04-03T22:26:39+08:00 ] 127.0.0.1 /uploads/allimg/190120/1-1Z1201TZ4-lp.jpg
INFO: [ app_init ] --START--
INFO: Run Behavior\BuildLiteBehavior [ RunTime:0.000015s ]
INFO: [ app_init ] --END-- [ RunTime:0.000453s ]
ERR: 无法加载模块:Uploads

[ 2019-04-03T22:26:39+08:00 ] 127.0.0.1 /templets/default/images/bcastr3.swf
INFO: [ app_init ] --START--
INFO: Run Behavior\BuildLiteBehavior [ RunTime:0.000019s ]
INFO: [ app_init ] --END-- [ RunTime:0.000580s ]
ERR: 无法加载模块:Templets

[ 2019-04-03T22:26:41+08:00 ] 127.0.0.1 /templates/images/pic1_mubanzhijia_com.gif
INFO: [ app_init ] --START--
INFO: Run Behavior\BuildLiteBehavior [ RunTime:0.000015s ]
INFO: [ app_init ] --END-- [ RunTime:0.000455s ]
ERR: 无法加载模块:Templates

[ 2019-04-03T22:49:58+08:00 ] 127.0.0.1 /uploads/allimg/190120/1-1Z120130010-lp.jpg
INFO: [ app_init ] --START--
INFO: Run Behavior\BuildLiteBehavior [ RunTime:0.000023s ]
INFO: [ app_init ] --END-- [ RunTime:0.000672s ]
ERR: 无法加载模块:Uploads

[ 2019-04-03T22:49:58+08:00 ] 127.0.0.1 /uploads/allimg/190120/1-1Z120131S3-lp.jpg
INFO: [ app_init ] --START--
INFO: Run Behavior\BuildLiteBehavior [ RunTime:0.000021s ]
INFO: [ app_init ] --END-- [ RunTime:0.000834s ]
ERR: 无法加载模块:Uploads

[ 2019-04-03T22:49:58+08:00 ] 127.0.0.1 /uploads/allimg/190120/1-1Z120192358-lp.jpg
INFO: [ app_init ] --START--
INFO: Run Behavior\BuildLiteBehavior [ RunTime:0.000016s ]
INFO: [ app_init ] --END-- [ RunTime:0.000664s ]
ERR: 无法加载模块:Uploads

[ 2019-04-03T22:49:58+08:00 ] 127.0.0.1 /uploads/allimg/190120/1-1Z1201UJ8-lp.jpg
INFO: [ app_init ] --START--
INFO: Run Behavior\BuildLiteBehavior [ RunTime:0.000025s ]
INFO: [ app_init ] --END-- [ RunTime:0.001113s ]
ERR: 无法加载模块:Uploads

[ 2019-04-03T22:49:58+08:00 ] 127.0.0.1 /uploads/allimg/190119/1-1Z119124342-lp.jpg
INFO: [ app_init ] --START--
INFO: Run Behavior\BuildLiteBehavior [ RunTime:0.000020s ]
INFO: [ app_init ] --END-- [ RunTime:0.000702s ]
ERR: 无法加载模块:Uploads

[ 2019-04-03T22:49:58+08:00 ] 127.0.0.1 /uploads/allimg/190120/1-1Z120133040-lp.jpg
INFO: [ app_init ] --START--
INFO: Run Behavior\BuildLiteBehavior [ RunTime:0.000030s ]
INFO: [ app_init ] --END-- [ RunTime:0.001037s ]
ERR: 无法加载模块:Uploads

[ 2019-04-03T22:49:58+08:00 ] 127.0.0.1 /uploads/allimg/190120/1-1Z120192T2-lp.jpg
INFO: [ app_init ] --START--
INFO: Run Behavior\BuildLiteBehavior [ RunTime:0.000018s ]
INFO: [ app_init ] --END-- [ RunTime:0.000541s ]
ERR: 无法加载模块:Uploads

[ 2019-04-03T22:49:58+08:00 ] 127.0.0.1 /templates/images/pic1_mubanzhijia_com.gif
INFO: [ app_init ] --START--
INFO: Run Behavior\BuildLiteBehavior [ RunTime:0.000019s ]
INFO: [ app_init ] --END-- [ RunTime:0.000518s ]
ERR: 无法加载模块:Templates

[ 2019-04-03T22:49:58+08:00 ] 127.0.0.1 /uploads/allimg/190120/1-1Z120132401-lp.jpg
INFO: [ app_init ] --START--
INFO: Run Behavior\BuildLiteBehavior [ RunTime:0.000018s ]
INFO: [ app_init ] --END-- [ RunTime:0.000571s ]
ERR: 无法加载模块:Uploads

[ 2019-04-03T22:49:58+08:00 ] 127.0.0.1 /templates/images/pic2_mubanzhijia_com.gif
INFO: [ app_init ] --START--
INFO: Run Behavior\BuildLiteBehavior [ RunTime:0.000023s ]
INFO: [ app_init ] --END-- [ RunTime:0.000530s ]
ERR: 无法加载模块:Templates

[ 2019-04-03T22:49:58+08:00 ] 127.0.0.1 /uploads/allimg/190120/1-1Z1201TZ4-lp.jpg
INFO: [ app_init ] --START--
INFO: Run Behavior\BuildLiteBehavior [ RunTime:0.000033s ]
INFO: [ app_init ] --END-- [ RunTime:0.001175s ]
ERR: 无法加载模块:Uploads

[ 2019-04-03T22:49:58+08:00 ] 127.0.0.1 /templets/default/images/bcastr3.swf
INFO: [ app_init ] --START--
INFO: Run Behavior\BuildLiteBehavior [ RunTime:0.000015s ]
INFO: [ app_init ] --END-- [ RunTime:0.000591s ]
ERR: 无法加载模块:Templets

[ 2019-04-03T22:50:05+08:00 ] 127.0.0.1 /templates/images/pic1_mubanzhijia_com.gif
INFO: [ app_init ] --START--
INFO: Run Behavior\BuildLiteBehavior [ RunTime:0.000016s ]
INFO: [ app_init ] --END-- [ RunTime:0.000558s ]
ERR: 无法加载模块:Templates

[ 2019-04-03T22:51:43+08:00 ] 127.0.0.1 /uploads/allimg/190120/1-1Z120131S3-lp.jpg
INFO: [ app_init ] --START--
INFO: Run Behavior\BuildLiteBehavior [ RunTime:0.000034s ]
INFO: [ app_init ] --END-- [ RunTime:0.000724s ]
ERR: 无法加载模块:Uploads

[ 2019-04-03T22:51:43+08:00 ] 127.0.0.1 /uploads/allimg/190119/1-1Z119124342-lp.jpg
INFO: [ app_init ] --START--
INFO: Run Behavior\BuildLiteBehavior [ RunTime:0.000020s ]
INFO: [ app_init ] --END-- [ RunTime:0.000550s ]
ERR: 无法加载模块:Uploads

[ 2019-04-03T22:51:43+08:00 ] 127.0.0.1 /uploads/allimg/190120/1-1Z1201UJ8-lp.jpg
INFO: [ app_init ] --START--
INFO: Run Behavior\BuildLiteBehavior [ RunTime:0.000025s ]
INFO: [ app_init ] --END-- [ RunTime:0.000831s ]
ERR: 无法加载模块:Uploads

[ 2019-04-03T22:51:43+08:00 ] 127.0.0.1 /uploads/allimg/190120/1-1Z120130010-lp.jpg
INFO: [ app_init ] --START--
INFO: Run Behavior\BuildLiteBehavior [ RunTime:0.000022s ]
INFO: [ app_init ] --END-- [ RunTime:0.000645s ]
ERR: 无法加载模块:Uploads

[ 2019-04-03T22:51:43+08:00 ] 127.0.0.1 /uploads/allimg/190120/1-1Z120133040-lp.jpg
INFO: [ app_init ] --START--
INFO: Run Behavior\BuildLiteBehavior [ RunTime:0.000021s ]
INFO: [ app_init ] --END-- [ RunTime:0.000674s ]
ERR: 无法加载模块:Uploads

[ 2019-04-03T22:51:43+08:00 ] 127.0.0.1 /uploads/allimg/190120/1-1Z120192358-lp.jpg
INFO: [ app_init ] --START--
INFO: Run Behavior\BuildLiteBehavior [ RunTime:0.000022s ]
INFO: [ app_init ] --END-- [ RunTime:0.000735s ]
ERR: 无法加载模块:Uploads

[ 2019-04-03T22:51:43+08:00 ] 127.0.0.1 /templates/images/pic2_mubanzhijia_com.gif
INFO: [ app_init ] --START--
INFO: Run Behavior\BuildLiteBehavior [ RunTime:0.000022s ]
INFO: [ app_init ] --END-- [ RunTime:0.000653s ]
ERR: 无法加载模块:Templates

[ 2019-04-03T22:51:43+08:00 ] 127.0.0.1 /uploads/allimg/190120/1-1Z120132401-lp.jpg
INFO: [ app_init ] --START--
INFO: Run Behavior\BuildLiteBehavior [ RunTime:0.000083s ]
INFO: [ app_init ] --END-- [ RunTime:0.001048s ]
ERR: 无法加载模块:Uploads

[ 2019-04-03T22:51:43+08:00 ] 127.0.0.1 /templates/images/pic1_mubanzhijia_com.gif
INFO: [ app_init ] --START--
INFO: Run Behavior\BuildLiteBehavior [ RunTime:0.000023s ]
INFO: [ app_init ] --END-- [ RunTime:0.000648s ]
ERR: 无法加载模块:Templates

[ 2019-04-03T22:51:43+08:00 ] 127.0.0.1 /uploads/allimg/190120/1-1Z1201U355-lp.jpg
INFO: [ app_init ] --START--
INFO: Run Behavior\BuildLiteBehavior [ RunTime:0.000018s ]
INFO: [ app_init ] --END-- [ RunTime:0.000528s ]
ERR: 无法加载模块:Uploads

[ 2019-04-03T22:51:43+08:00 ] 127.0.0.1 /uploads/allimg/190120/1-1Z1201TZ4-lp.jpg
INFO: [ app_init ] --START--
INFO: Run Behavior\BuildLiteBehavior [ RunTime:0.000014s ]
INFO: [ app_init ] --END-- [ RunTime:0.000460s ]
ERR: 无法加载模块:Uploads

[ 2019-04-03T22:51:43+08:00 ] 127.0.0.1 /uploads/allimg/190120/1-1Z120192T2-lp.jpg
INFO: [ app_init ] --START--
INFO: Run Behavior\BuildLiteBehavior [ RunTime:0.000015s ]
INFO: [ app_init ] --END-- [ RunTime:0.000438s ]
ERR: 无法加载模块:Uploads

[ 2019-04-03T22:51:43+08:00 ] 127.0.0.1 /templets/default/images/bcastr3.swf
INFO: [ app_init ] --START--
INFO: Run Behavior\BuildLiteBehavior [ RunTime:0.000014s ]
INFO: [ app_init ] --END-- [ RunTime:0.000436s ]
ERR: 无法加载模块:Templets

[ 2019-04-03T22:51:43+08:00 ] 127.0.0.1 /templates/images/pic1_mubanzhijia_com.gif
INFO: [ app_init ] --START--
INFO: Run Behavior\BuildLiteBehavior [ RunTime:0.000032s ]
INFO: [ app_init ] --END-- [ RunTime:0.001046s ]
ERR: 无法加载模块:Templates

[ 2019-04-03T22:53:09+08:00 ] 127.0.0.1 /uploads/allimg/190120/1-1Z1201UJ8-lp.jpg
INFO: [ app_init ] --START--
INFO: Run Behavior\BuildLiteBehavior [ RunTime:0.000021s ]
INFO: [ app_init ] --END-- [ RunTime:0.001073s ]
ERR: 无法加载模块:Uploads

[ 2019-04-03T22:53:09+08:00 ] 127.0.0.1 /uploads/allimg/190119/1-1Z119124342-lp.jpg
INFO: [ app_init ] --START--
INFO: Run Behavior\BuildLiteBehavior [ RunTime:0.000036s ]
INFO: [ app_init ] --END-- [ RunTime:0.001441s ]
ERR: 无法加载模块:Uploads

[ 2019-04-03T22:53:09+08:00 ] 127.0.0.1 /uploads/allimg/190120/1-1Z120131S3-lp.jpg
INFO: [ app_init ] --START--
INFO: Run Behavior\BuildLiteBehavior [ RunTime:0.000024s ]
INFO: [ app_init ] --END-- [ RunTime:0.000767s ]
ERR: 无法加载模块:Uploads

[ 2019-04-03T22:53:09+08:00 ] 127.0.0.1 /uploads/allimg/190120/1-1Z120192358-lp.jpg
INFO: [ app_init ] --START--
INFO: Run Behavior\BuildLiteBehavior [ RunTime:0.000024s ]
INFO: [ app_init ] --END-- [ RunTime:0.000942s ]
ERR: 无法加载模块:Uploads

[ 2019-04-03T22:53:09+08:00 ] 127.0.0.1 /uploads/allimg/190120/1-1Z120133040-lp.jpg
INFO: [ app_init ] --START--
INFO: Run Behavior\BuildLiteBehavior [ RunTime:0.000040s ]
INFO: [ app_init ] --END-- [ RunTime:0.001335s ]
ERR: 无法加载模块:Uploads

[ 2019-04-03T22:53:09+08:00 ] 127.0.0.1 /uploads/allimg/190120/1-1Z120130010-lp.jpg
INFO: [ app_init ] --START--
INFO: Run Behavior\BuildLiteBehavior [ RunTime:0.000023s ]
INFO: [ app_init ] --END-- [ RunTime:0.000957s ]
ERR: 无法加载模块:Uploads

[ 2019-04-03T22:53:09+08:00 ] 127.0.0.1 /templates/images/pic2_mubanzhijia_com.gif
INFO: [ app_init ] --START--
INFO: Run Behavior\BuildLiteBehavior [ RunTime:0.000025s ]
INFO: [ app_init ] --END-- [ RunTime:0.000512s ]
ERR: 无法加载模块:Templates

[ 2019-04-03T22:53:09+08:00 ] 127.0.0.1 /uploads/allimg/190120/1-1Z120132401-lp.jpg
INFO: [ app_init ] --START--
INFO: Run Behavior\BuildLiteBehavior [ RunTime:0.000019s ]
INFO: [ app_init ] --END-- [ RunTime:0.000619s ]
ERR: 无法加载模块:Uploads

[ 2019-04-03T22:53:09+08:00 ] 127.0.0.1 /uploads/allimg/190120/1-1Z120192T2-lp.jpg
INFO: [ app_init ] --START--
INFO: Run Behavior\BuildLiteBehavior [ RunTime:0.000019s ]
INFO: [ app_init ] --END-- [ RunTime:0.000569s ]
ERR: 无法加载模块:Uploads

[ 2019-04-03T22:53:09+08:00 ] 127.0.0.1 /templates/images/pic1_mubanzhijia_com.gif
INFO: [ app_init ] --START--
INFO: Run Behavior\BuildLiteBehavior [ RunTime:0.000019s ]
INFO: [ app_init ] --END-- [ RunTime:0.000580s ]
ERR: 无法加载模块:Templates

[ 2019-04-03T22:53:09+08:00 ] 127.0.0.1 /uploads/allimg/190120/1-1Z1201TZ4-lp.jpg
INFO: [ app_init ] --START--
INFO: Run Behavior\BuildLiteBehavior [ RunTime:0.000022s ]
INFO: [ app_init ] --END-- [ RunTime:0.001165s ]
ERR: 无法加载模块:Uploads

[ 2019-04-03T22:53:09+08:00 ] 127.0.0.1 /templets/default/images/bcastr3.swf
INFO: [ app_init ] --START--
INFO: Run Behavior\BuildLiteBehavior [ RunTime:0.000015s ]
INFO: [ app_init ] --END-- [ RunTime:0.000576s ]
ERR: 无法加载模块:Templets

[ 2019-04-03T22:53:13+08:00 ] 127.0.0.1 /templates/images/pic1_mubanzhijia_com.gif
INFO: [ app_init ] --START--
INFO: Run Behavior\BuildLiteBehavior [ RunTime:0.000025s ]
INFO: [ app_init ] --END-- [ RunTime:0.000808s ]
ERR: 无法加载模块:Templates

[ 2019-04-03T22:53:40+08:00 ] 127.0.0.1 /uploads/allimg/190119/1-1Z119124342-lp.jpg
INFO: [ app_init ] --START--
INFO: Run Behavior\BuildLiteBehavior [ RunTime:0.000027s ]
INFO: [ app_init ] --END-- [ RunTime:0.000660s ]
ERR: 无法加载模块:Uploads

[ 2019-04-03T22:53:40+08:00 ] 127.0.0.1 /uploads/allimg/190120/1-1Z120130010-lp.jpg
INFO: [ app_init ] --START--
INFO: Run Behavior\BuildLiteBehavior [ RunTime:0.000037s ]
INFO: [ app_init ] --END-- [ RunTime:0.000759s ]
ERR: 无法加载模块:Uploads

[ 2019-04-03T22:53:40+08:00 ] 127.0.0.1 /uploads/allimg/190120/1-1Z120131S3-lp.jpg
INFO: [ app_init ] --START--
INFO: Run Behavior\BuildLiteBehavior [ RunTime:0.000051s ]
INFO: [ app_init ] --END-- [ RunTime:0.000811s ]
ERR: 无法加载模块:Uploads

[ 2019-04-03T22:53:40+08:00 ] 127.0.0.1 /uploads/allimg/190120/1-1Z120192358-lp.jpg
INFO: [ app_init ] --START--
INFO: Run Behavior\BuildLiteBehavior [ RunTime:0.000036s ]
INFO: [ app_init ] --END-- [ RunTime:0.001453s ]
ERR: 无法加载模块:Uploads

[ 2019-04-03T22:53:40+08:00 ] 127.0.0.1 /uploads/allimg/190120/1-1Z1201UJ8-lp.jpg
INFO: [ app_init ] --START--
INFO: Run Behavior\BuildLiteBehavior [ RunTime:0.000021s ]
INFO: [ app_init ] --END-- [ RunTime:0.000801s ]
ERR: 无法加载模块:Uploads

[ 2019-04-03T22:53:40+08:00 ] 127.0.0.1 /uploads/allimg/190120/1-1Z120133040-lp.jpg
INFO: [ app_init ] --START--
INFO: Run Behavior\BuildLiteBehavior [ RunTime:0.000024s ]
INFO: [ app_init ] --END-- [ RunTime:0.000916s ]
ERR: 无法加载模块:Uploads

[ 2019-04-03T22:53:40+08:00 ] 127.0.0.1 /templates/images/pic1_mubanzhijia_com.gif
INFO: [ app_init ] --START--
INFO: Run Behavior\BuildLiteBehavior [ RunTime:0.000024s ]
INFO: [ app_init ] --END-- [ RunTime:0.000601s ]
ERR: 无法加载模块:Templates

[ 2019-04-03T22:53:40+08:00 ] 127.0.0.1 /templates/images/pic2_mubanzhijia_com.gif
INFO: [ app_init ] --START--
INFO: Run Behavior\BuildLiteBehavior [ RunTime:0.000022s ]
INFO: [ app_init ] --END-- [ RunTime:0.000811s ]
ERR: 无法加载模块:Templates

[ 2019-04-03T22:53:40+08:00 ] 127.0.0.1 /uploads/allimg/190120/1-1Z120132401-lp.jpg
INFO: [ app_init ] --START--
INFO: Run Behavior\BuildLiteBehavior [ RunTime:0.000021s ]
INFO: [ app_init ] --END-- [ RunTime:0.000656s ]
ERR: 无法加载模块:Uploads

[ 2019-04-03T22:53:40+08:00 ] 127.0.0.1 /uploads/allimg/190120/1-1Z1201U355-lp.jpg
INFO: [ app_init ] --START--
INFO: Run Behavior\BuildLiteBehavior [ RunTime:0.000021s ]
INFO: [ app_init ] --END-- [ RunTime:0.000673s ]
ERR: 无法加载模块:Uploads

[ 2019-04-03T22:53:40+08:00 ] 127.0.0.1 /uploads/allimg/190120/1-1Z1201TZ4-lp.jpg
INFO: [ app_init ] --START--
INFO: Run Behavior\BuildLiteBehavior [ RunTime:0.000027s ]
INFO: [ app_init ] --END-- [ RunTime:0.000815s ]
ERR: 无法加载模块:Uploads

[ 2019-04-03T22:53:40+08:00 ] 127.0.0.1 /uploads/allimg/190120/1-1Z120192T2-lp.jpg
INFO: [ app_init ] --START--
INFO: Run Behavior\BuildLiteBehavior [ RunTime:0.000035s ]
INFO: [ app_init ] --END-- [ RunTime:0.000861s ]
ERR: 无法加载模块:Uploads

[ 2019-04-03T22:53:40+08:00 ] 127.0.0.1 /templets/default/images/bcastr3.swf
INFO: [ app_init ] --START--
INFO: Run Behavior\BuildLiteBehavior [ RunTime:0.000025s ]
INFO: [ app_init ] --END-- [ RunTime:0.000687s ]
ERR: 无法加载模块:Templets

[ 2019-04-03T22:57:52+08:00 ] 127.0.0.1 /uploads/allimg/190120/1-1Z120192358-lp.jpg
INFO: [ app_init ] --START--
INFO: Run Behavior\BuildLiteBehavior [ RunTime:0.000022s ]
INFO: [ app_init ] --END-- [ RunTime:0.000974s ]
ERR: 无法加载模块:Uploads

[ 2019-04-03T22:57:52+08:00 ] 127.0.0.1 /uploads/allimg/190120/1-1Z120131S3-lp.jpg
INFO: [ app_init ] --START--
INFO: Run Behavior\BuildLiteBehavior [ RunTime:0.000025s ]
INFO: [ app_init ] --END-- [ RunTime:0.000944s ]
ERR: 无法加载模块:Uploads

[ 2019-04-03T22:57:52+08:00 ] 127.0.0.1 /uploads/allimg/190119/1-1Z119124342-lp.jpg
INFO: [ app_init ] --START--
INFO: Run Behavior\BuildLiteBehavior [ RunTime:0.000021s ]
INFO: [ app_init ] --END-- [ RunTime:0.000698s ]
ERR: 无法加载模块:Uploads

[ 2019-04-03T22:57:52+08:00 ] 127.0.0.1 /uploads/allimg/190120/1-1Z1201UJ8-lp.jpg
INFO: [ app_init ] --START--
INFO: Run Behavior\BuildLiteBehavior [ RunTime:0.000024s ]
INFO: [ app_init ] --END-- [ RunTime:0.000928s ]
ERR: 无法加载模块:Uploads

[ 2019-04-03T22:57:52+08:00 ] 127.0.0.1 /uploads/allimg/190120/1-1Z120130010-lp.jpg
INFO: [ app_init ] --START--
INFO: Run Behavior\BuildLiteBehavior [ RunTime:0.000026s ]
INFO: [ app_init ] --END-- [ RunTime:0.000998s ]
ERR: 无法加载模块:Uploads

[ 2019-04-03T22:57:52+08:00 ] 127.0.0.1 /uploads/allimg/190120/1-1Z120133040-lp.jpg
INFO: [ app_init ] --START--
INFO: Run Behavior\BuildLiteBehavior [ RunTime:0.000028s ]
INFO: [ app_init ] --END-- [ RunTime:0.001397s ]
ERR: 无法加载模块:Uploads

[ 2019-04-03T22:57:52+08:00 ] 127.0.0.1 /templates/images/pic2_mubanzhijia_com.gif
INFO: [ app_init ] --START--
INFO: Run Behavior\BuildLiteBehavior [ RunTime:0.000028s ]
INFO: [ app_init ] --END-- [ RunTime:0.000684s ]
ERR: 无法加载模块:Templates

[ 2019-04-03T22:57:52+08:00 ] 127.0.0.1 /templates/images/pic1_mubanzhijia_com.gif
INFO: [ app_init ] --START--
INFO: Run Behavior\BuildLiteBehavior [ RunTime:0.000028s ]
INFO: [ app_init ] --END-- [ RunTime:0.000672s ]
ERR: 无法加载模块:Templates

[ 2019-04-03T22:57:52+08:00 ] 127.0.0.1 /uploads/allimg/190120/1-1Z1201TZ4-lp.jpg
INFO: [ app_init ] --START--
INFO: Run Behavior\BuildLiteBehavior [ RunTime:0.000017s ]
INFO: [ app_init ] --END-- [ RunTime:0.000473s ]
ERR: 无法加载模块:Uploads

[ 2019-04-03T22:57:52+08:00 ] 127.0.0.1 /uploads/allimg/190120/1-1Z120192T2-lp.jpg
INFO: [ app_init ] --START--
INFO: Run Behavior\BuildLiteBehavior [ RunTime:0.000017s ]
INFO: [ app_init ] --END-- [ RunTime:0.000538s ]
ERR: 无法加载模块:Uploads

[ 2019-04-03T22:57:52+08:00 ] 127.0.0.1 /uploads/allimg/190120/1-1Z1201U355-lp.jpg
INFO: [ app_init ] --START--
INFO: Run Behavior\BuildLiteBehavior [ RunTime:0.000024s ]
INFO: [ app_init ] --END-- [ RunTime:0.000733s ]
ERR: 无法加载模块:Uploads

[ 2019-04-03T22:58:07+08:00 ] 127.0.0.1 /uploads/allimg/190120/1-1Z120133040-lp.jpg
INFO: [ app_init ] --START--
INFO: Run Behavior\BuildLiteBehavior [ RunTime:0.000027s ]
INFO: [ app_init ] --END-- [ RunTime:0.001216s ]
ERR: 无法加载模块:Uploads

[ 2019-04-03T22:58:07+08:00 ] 127.0.0.1 /uploads/allimg/190120/1-1Z120131S3-lp.jpg
INFO: [ app_init ] --START--
INFO: Run Behavior\BuildLiteBehavior [ RunTime:0.000024s ]
INFO: [ app_init ] --END-- [ RunTime:0.004373s ]
ERR: 无法加载模块:Uploads

[ 2019-04-03T22:58:07+08:00 ] 127.0.0.1 /uploads/allimg/190120/1-1Z120192358-lp.jpg
INFO: [ app_init ] --START--
INFO: Run Behavior\BuildLiteBehavior [ RunTime:0.000022s ]
INFO: [ app_init ] --END-- [ RunTime:0.000595s ]
ERR: 无法加载模块:Uploads

[ 2019-04-03T22:58:07+08:00 ] 127.0.0.1 /uploads/allimg/190120/1-1Z120130010-lp.jpg
INFO: [ app_init ] --START--
INFO: Run Behavior\BuildLiteBehavior [ RunTime:0.000021s ]
INFO: [ app_init ] --END-- [ RunTime:0.000596s ]
ERR: 无法加载模块:Uploads

[ 2019-04-03T22:58:07+08:00 ] 127.0.0.1 /uploads/allimg/190120/1-1Z1201UJ8-lp.jpg
INFO: [ app_init ] --START--
INFO: Run Behavior\BuildLiteBehavior [ RunTime:0.000138s ]
INFO: [ app_init ] --END-- [ RunTime:0.002205s ]
ERR: 无法加载模块:Uploads

[ 2019-04-03T22:58:07+08:00 ] 127.0.0.1 /uploads/allimg/190119/1-1Z119124342-lp.jpg
INFO: [ app_init ] --START--
INFO: Run Behavior\BuildLiteBehavior [ RunTime:0.000020s ]
INFO: [ app_init ] --END-- [ RunTime:0.001080s ]
ERR: 无法加载模块:Uploads

[ 2019-04-03T22:58:07+08:00 ] 127.0.0.1 /templates/images/pic2_mubanzhijia_com.gif
INFO: [ app_init ] --START--
INFO: Run Behavior\BuildLiteBehavior [ RunTime:0.000020s ]
INFO: [ app_init ] --END-- [ RunTime:0.000596s ]
ERR: 无法加载模块:Templates

[ 2019-04-03T22:58:07+08:00 ] 127.0.0.1 /uploads/allimg/190120/1-1Z120132401-lp.jpg
INFO: [ app_init ] --START--
INFO: Run Behavior\BuildLiteBehavior [ RunTime:0.000022s ]
INFO: [ app_init ] --END-- [ RunTime:0.000599s ]
ERR: 无法加载模块:Uploads

[ 2019-04-03T22:58:07+08:00 ] 127.0.0.1 /uploads/allimg/190120/1-1Z1201U355-lp.jpg
INFO: [ app_init ] --START--
INFO: Run Behavior\BuildLiteBehavior [ RunTime:0.000022s ]
INFO: [ app_init ] --END-- [ RunTime:0.000639s ]
ERR: 无法加载模块:Uploads

[ 2019-04-03T22:58:07+08:00 ] 127.0.0.1 /templates/images/pic1_mubanzhijia_com.gif
INFO: [ app_init ] --START--
INFO: Run Behavior\BuildLiteBehavior [ RunTime:0.000022s ]
INFO: [ app_init ] --END-- [ RunTime:0.000815s ]
ERR: 无法加载模块:Templates

[ 2019-04-03T22:58:07+08:00 ] 127.0.0.1 /uploads/allimg/190120/1-1Z1201TZ4-lp.jpg
INFO: [ app_init ] --START--
INFO: Run Behavior\BuildLiteBehavior [ RunTime:0.000018s ]
INFO: [ app_init ] --END-- [ RunTime:0.000529s ]
ERR: 无法加载模块:Uploads

[ 2019-04-03T22:58:07+08:00 ] 127.0.0.1 /uploads/allimg/190120/1-1Z120192T2-lp.jpg
INFO: [ app_init ] --START--
INFO: Run Behavior\BuildLiteBehavior [ RunTime:0.000027s ]
INFO: [ app_init ] --END-- [ RunTime:0.001026s ]
ERR: 无法加载模块:Uploads

[ 2019-04-03T23:01:55+08:00 ] 127.0.0.1 /uploads/allimg/190120/1-1Z120131S3-lp.jpg
INFO: [ app_init ] --START--
INFO: Run Behavior\BuildLiteBehavior [ RunTime:0.000021s ]
INFO: [ app_init ] --END-- [ RunTime:0.000621s ]
ERR: 无法加载模块:Uploads

[ 2019-04-03T23:01:55+08:00 ] 127.0.0.1 /uploads/allimg/190120/1-1Z1201UJ8-lp.jpg
INFO: [ app_init ] --START--
INFO: Run Behavior\BuildLiteBehavior [ RunTime:0.000023s ]
INFO: [ app_init ] --END-- [ RunTime:0.000910s ]
ERR: 无法加载模块:Uploads

[ 2019-04-03T23:01:55+08:00 ] 127.0.0.1 /uploads/allimg/190120/1-1Z120130010-lp.jpg
INFO: [ app_init ] --START--
INFO: Run Behavior\BuildLiteBehavior [ RunTime:0.000020s ]
INFO: [ app_init ] --END-- [ RunTime:0.001263s ]
ERR: 无法加载模块:Uploads

[ 2019-04-03T23:01:55+08:00 ] 127.0.0.1 /uploads/allimg/190120/1-1Z120133040-lp.jpg
INFO: [ app_init ] --START--
INFO: Run Behavior\BuildLiteBehavior [ RunTime:0.000033s ]
INFO: [ app_init ] --END-- [ RunTime:0.001223s ]
ERR: 无法加载模块:Uploads

[ 2019-04-03T23:01:55+08:00 ] 127.0.0.1 /uploads/allimg/190119/1-1Z119124342-lp.jpg
INFO: [ app_init ] --START--
INFO: Run Behavior\BuildLiteBehavior [ RunTime:0.000017s ]
INFO: [ app_init ] --END-- [ RunTime:0.000672s ]
ERR: 无法加载模块:Uploads

[ 2019-04-03T23:01:55+08:00 ] 127.0.0.1 /uploads/allimg/190120/1-1Z120192358-lp.jpg
INFO: [ app_init ] --START--
INFO: Run Behavior\BuildLiteBehavior [ RunTime:0.000022s ]
INFO: [ app_init ] --END-- [ RunTime:0.000855s ]
ERR: 无法加载模块:Uploads

[ 2019-04-03T23:01:55+08:00 ] 127.0.0.1 /uploads/allimg/190120/1-1Z1201U355-lp.jpg
INFO: [ app_init ] --START--
INFO: Run Behavior\BuildLiteBehavior [ RunTime:0.000021s ]
INFO: [ app_init ] --END-- [ RunTime:0.000590s ]
ERR: 无法加载模块:Uploads

[ 2019-04-03T23:01:55+08:00 ] 127.0.0.1 /templates/images/pic2_mubanzhijia_com.gif
INFO: [ app_init ] --START--
INFO: Run Behavior\BuildLiteBehavior [ RunTime:0.000056s ]
INFO: [ app_init ] --END-- [ RunTime:0.000793s ]
ERR: 无法加载模块:Templates

[ 2019-04-03T23:01:55+08:00 ] 127.0.0.1 /templates/images/pic1_mubanzhijia_com.gif
INFO: [ app_init ] --START--
INFO: Run Behavior\BuildLiteBehavior [ RunTime:0.000022s ]
INFO: [ app_init ] --END-- [ RunTime:0.000616s ]
ERR: 无法加载模块:Templates

[ 2019-04-03T23:01:55+08:00 ] 127.0.0.1 /uploads/allimg/190120/1-1Z120192T2-lp.jpg
INFO: [ app_init ] --START--
INFO: Run Behavior\BuildLiteBehavior [ RunTime:0.000024s ]
INFO: [ app_init ] --END-- [ RunTime:0.000622s ]
ERR: 无法加载模块:Uploads

[ 2019-04-03T23:01:55+08:00 ] 127.0.0.1 /uploads/allimg/190120/1-1Z1201TZ4-lp.jpg
INFO: [ app_init ] --START--
INFO: Run Behavior\BuildLiteBehavior [ RunTime:0.000024s ]
INFO: [ app_init ] --END-- [ RunTime:0.000977s ]
ERR: 无法加载模块:Uploads

[ 2019-04-03T23:02:15+08:00 ] 127.0.0.1 /uploads/allimg/190120/1-1Z1201UJ8-lp.jpg
INFO: [ app_init ] --START--
INFO: Run Behavior\BuildLiteBehavior [ RunTime:0.000155s ]
INFO: [ app_init ] --END-- [ RunTime:0.001053s ]
ERR: 无法加载模块:Uploads

[ 2019-04-03T23:02:15+08:00 ] 127.0.0.1 /uploads/allimg/190120/1-1Z120130010-lp.jpg
INFO: [ app_init ] --START--
INFO: Run Behavior\BuildLiteBehavior [ RunTime:0.000023s ]
INFO: [ app_init ] --END-- [ RunTime:0.000601s ]
ERR: 无法加载模块:Uploads

[ 2019-04-03T23:02:15+08:00 ] 127.0.0.1 /uploads/allimg/190120/1-1Z120131S3-lp.jpg
INFO: [ app_init ] --START--
INFO: Run Behavior\BuildLiteBehavior [ RunTime:0.000020s ]
INFO: [ app_init ] --END-- [ RunTime:0.000663s ]
ERR: 无法加载模块:Uploads

[ 2019-04-03T23:02:15+08:00 ] 127.0.0.1 /uploads/allimg/190120/1-1Z120192358-lp.jpg
INFO: [ app_init ] --START--
INFO: Run Behavior\BuildLiteBehavior [ RunTime:0.000023s ]
INFO: [ app_init ] --END-- [ RunTime:0.000765s ]
ERR: 无法加载模块:Uploads

[ 2019-04-03T23:02:15+08:00 ] 127.0.0.1 /uploads/allimg/190119/1-1Z119124342-lp.jpg
INFO: [ app_init ] --START--
INFO: Run Behavior\BuildLiteBehavior [ RunTime:0.000030s ]
INFO: [ app_init ] --END-- [ RunTime:0.000668s ]
ERR: 无法加载模块:Uploads

[ 2019-04-03T23:02:15+08:00 ] 127.0.0.1 /uploads/allimg/190120/1-1Z120133040-lp.jpg
INFO: [ app_init ] --START--
INFO: Run Behavior\BuildLiteBehavior [ RunTime:0.000037s ]
INFO: [ app_init ] --END-- [ RunTime:0.000785s ]
ERR: 无法加载模块:Uploads

[ 2019-04-03T23:02:15+08:00 ] 127.0.0.1 /templates/images/pic2_mubanzhijia_com.gif
INFO: [ app_init ] --START--
INFO: Run Behavior\BuildLiteBehavior [ RunTime:0.000020s ]
INFO: [ app_init ] --END-- [ RunTime:0.000592s ]
ERR: 无法加载模块:Templates

[ 2019-04-03T23:02:15+08:00 ] 127.0.0.1 /templates/images/pic1_mubanzhijia_com.gif
INFO: [ app_init ] --START--
INFO: Run Behavior\BuildLiteBehavior [ RunTime:0.000021s ]
INFO: [ app_init ] --END-- [ RunTime:0.000588s ]
ERR: 无法加载模块:Templates

[ 2019-04-03T23:02:15+08:00 ] 127.0.0.1 /uploads/allimg/190120/1-1Z120132401-lp.jpg
INFO: [ app_init ] --START--
INFO: Run Behavior\BuildLiteBehavior [ RunTime:0.000020s ]
INFO: [ app_init ] --END-- [ RunTime:0.000823s ]
ERR: 无法加载模块:Uploads

[ 2019-04-03T23:02:15+08:00 ] 127.0.0.1 /uploads/allimg/190120/1-1Z1201TZ4-lp.jpg
INFO: [ app_init ] --START--
INFO: Run Behavior\BuildLiteBehavior [ RunTime:0.000027s ]
INFO: [ app_init ] --END-- [ RunTime:0.000762s ]
ERR: 无法加载模块:Uploads

[ 2019-04-03T23:02:15+08:00 ] 127.0.0.1 /uploads/allimg/190120/1-1Z1201U355-lp.jpg
INFO: [ app_init ] --START--
INFO: Run Behavior\BuildLiteBehavior [ RunTime:0.000022s ]
INFO: [ app_init ] --END-- [ RunTime:0.000901s ]
ERR: 无法加载模块:Uploads

[ 2019-04-03T23:02:15+08:00 ] 127.0.0.1 /uploads/allimg/190120/1-1Z120192T2-lp.jpg
INFO: [ app_init ] --START--
INFO: Run Behavior\BuildLiteBehavior [ RunTime:0.000021s ]
INFO: [ app_init ] --END-- [ RunTime:0.000628s ]
ERR: 无法加载模块:Uploads

[ 2019-04-03T23:05:35+08:00 ] 127.0.0.1 /uploads/allimg/190120/1-1Z120130010-lp.jpg
INFO: [ app_init ] --START--
INFO: Run Behavior\BuildLiteBehavior [ RunTime:0.000023s ]
INFO: [ app_init ] --END-- [ RunTime:0.000777s ]
ERR: 无法加载模块:Uploads

[ 2019-04-03T23:05:35+08:00 ] 127.0.0.1 /uploads/allimg/190120/1-1Z120132401-lp.jpg
INFO: [ app_init ] --START--
INFO: Run Behavior\BuildLiteBehavior [ RunTime:0.000024s ]
INFO: [ app_init ] --END-- [ RunTime:0.001240s ]
ERR: 无法加载模块:Uploads

[ 2019-04-03T23:05:35+08:00 ] 127.0.0.1 /uploads/allimg/190120/1-1Z1201UJ8-lp.jpg
INFO: [ app_init ] --START--
INFO: Run Behavior\BuildLiteBehavior [ RunTime:0.000020s ]
INFO: [ app_init ] --END-- [ RunTime:0.000896s ]
ERR: 无法加载模块:Uploads

[ 2019-04-03T23:05:35+08:00 ] 127.0.0.1 /uploads/allimg/190120/1-1Z120192358-lp.jpg
INFO: [ app_init ] --START--
INFO: Run Behavior\BuildLiteBehavior [ RunTime:0.000022s ]
INFO: [ app_init ] --END-- [ RunTime:0.000880s ]
ERR: 无法加载模块:Uploads

[ 2019-04-03T23:05:35+08:00 ] 127.0.0.1 /uploads/allimg/190120/1-1Z120133040-lp.jpg
INFO: [ app_init ] --START--
INFO: Run Behavior\BuildLiteBehavior [ RunTime:0.000024s ]
INFO: [ app_init ] --END-- [ RunTime:0.000867s ]
ERR: 无法加载模块:Uploads

[ 2019-04-03T23:05:35+08:00 ] 127.0.0.1 /uploads/allimg/190120/1-1Z1201U355-lp.jpg
INFO: [ app_init ] --START--
INFO: Run Behavior\BuildLiteBehavior [ RunTime:0.000032s ]
INFO: [ app_init ] --END-- [ RunTime:0.001117s ]
ERR: 无法加载模块:Uploads

[ 2019-04-03T23:05:35+08:00 ] 127.0.0.1 /templates/images/pic2_mubanzhijia_com.gif
INFO: [ app_init ] --START--
INFO: Run Behavior\BuildLiteBehavior [ RunTime:0.000022s ]
INFO: [ app_init ] --END-- [ RunTime:0.000965s ]
ERR: 无法加载模块:Templates

[ 2019-04-03T23:05:35+08:00 ] 127.0.0.1 /templates/images/pic1_mubanzhijia_com.gif
INFO: [ app_init ] --START--
INFO: Run Behavior\BuildLiteBehavior [ RunTime:0.000023s ]
INFO: [ app_init ] --END-- [ RunTime:0.001086s ]
ERR: 无法加载模块:Templates

[ 2019-04-03T23:05:35+08:00 ] 127.0.0.1 /uploads/allimg/190120/1-1Z1201TZ4-lp.jpg
INFO: [ app_init ] --START--
INFO: Run Behavior\BuildLiteBehavior [ RunTime:0.000025s ]
INFO: [ app_init ] --END-- [ RunTime:0.000704s ]
ERR: 无法加载模块:Uploads

[ 2019-04-03T23:05:35+08:00 ] 127.0.0.1 /uploads/allimg/190120/1-1Z120192T2-lp.jpg
INFO: [ app_init ] --START--
INFO: Run Behavior\BuildLiteBehavior [ RunTime:0.000021s ]
INFO: [ app_init ] --END-- [ RunTime:0.000684s ]
ERR: 无法加载模块:Uploads

[ 2019-04-03T23:06:47+08:00 ] 127.0.0.1 /templates/images/pic1_mubanzhijia_com.gif
INFO: [ app_init ] --START--
INFO: Run Behavior\BuildLiteBehavior [ RunTime:0.000014s ]
INFO: [ app_init ] --END-- [ RunTime:0.000419s ]
ERR: 无法加载模块:Templates

